nohup: ignoring input

Welcome to antechamber 22.0: molecular input file processor.

Info: acdoctor mode is on: check and diagnose problems in the input file.
Info: The atom type is set to 2; the options available to the -at flag are
      gaff, gaff2, amber, bcc, and sybyl.

-- Check Format for mol2 File --
   Status: pass
Info: Ignoring Mol2 record type (@<TRIPOS>SUBSTRUCTURE).
Info: Finished reading file (lig_1.mol2); atoms read (30), bonds read (31).
Info: Determining atomic numbers from atomic symbols which are case sensitive.
-- Check Unusual Elements --
   Status: pass
-- Check Open Valences --
Warning: The number of bonds (2) for atom (ID: 14, Name: O14) does not match
         the connectivity (1) for atom type (O.2) defined in CORR_NAME_TYPE.DAT.
But, you may safely ignore the warnings if your molecule
         uses atom names or element names as atom types.
-- Check Geometry --
      for those bonded   
      for those not bonded   
   Status: pass
-- Check Weird Bonds --
   Status: pass
-- Check Number of Units --
   Status: pass
acdoctor mode has completed checking the input file.

Running: /home/jguven/Software/miniconda3/bin/bondtype -j full -i ANTECHAMBER_BOND_TYPE.AC0 -o ANTECHAMBER_BOND_TYPE.AC -f ac

Running: /home/jguven/Software/miniconda3/bin/atomtype -i ANTECHAMBER_AC.AC0 -o ANTECHAMBER_AC.AC -p 2
Info: Total number of electrons: 140; net charge: -1

Running: /home/jguven/Software/miniconda3/bin/sqm -O -i sqm.in -o sqm.out

Running: /home/jguven/Software/miniconda3/bin/am1bcc -i ANTECHAMBER_AM1BCC_PRE.AC -o ANTECHAMBER_AM1BCC.AC -f ac -p /home/jguven/Software/miniconda3/dat/antechamber/BCCPARM.DAT -s 2 -j 1

Running: /home/jguven/Software/miniconda3/bin/atomtype -f ac -p bcc -o ANTECHAMBER_AM1BCC.AC -i ANTECHAMBER_AM1BCC_PRE.AC


Welcome to antechamber 22.0: molecular input file processor.

Info: acdoctor mode is on: check and diagnose problems in the input file.
Info: The atom type is set to 2; the options available to the -at flag are
      gaff, gaff2, amber, bcc, and sybyl.

-- Check Format for mol2 File --
   Status: pass
Info: Ignoring Mol2 record type (@<TRIPOS>SUBSTRUCTURE).
Info: Finished reading file (lig_2.mol2); atoms read (28), bonds read (29).
Info: Determining atomic numbers from atomic symbols which are case sensitive.
-- Check Unusual Elements --
   Status: pass
-- Check Open Valences --
Warning: The number of bonds (2) for atom (ID: 14, Name: O14) does not match
         the connectivity (1) for atom type (O.2) defined in CORR_NAME_TYPE.DAT.
But, you may safely ignore the warnings if your molecule
         uses atom names or element names as atom types.
-- Check Geometry --
      for those bonded   
      for those not bonded   
   Status: pass
-- Check Weird Bonds --
   Status: pass
-- Check Number of Units --
   Status: pass
acdoctor mode has completed checking the input file.

Running: /home/jguven/Software/miniconda3/bin/bondtype -j full -i ANTECHAMBER_BOND_TYPE.AC0 -o ANTECHAMBER_BOND_TYPE.AC -f ac

Running: /home/jguven/Software/miniconda3/bin/atomtype -i ANTECHAMBER_AC.AC0 -o ANTECHAMBER_AC.AC -p 2
Info: Total number of electrons: 140; net charge: -1

Running: /home/jguven/Software/miniconda3/bin/sqm -O -i sqm.in -o sqm.out

Running: /home/jguven/Software/miniconda3/bin/am1bcc -i ANTECHAMBER_AM1BCC_PRE.AC -o ANTECHAMBER_AM1BCC.AC -f ac -p /home/jguven/Software/miniconda3/dat/antechamber/BCCPARM.DAT -s 2 -j 1

Running: /home/jguven/Software/miniconda3/bin/atomtype -f ac -p bcc -o ANTECHAMBER_AM1BCC.AC -i ANTECHAMBER_AM1BCC_PRE.AC


Welcome to antechamber 22.0: molecular input file processor.

Info: acdoctor mode is on: check and diagnose problems in the input file.
Info: The atom type is set to 2; the options available to the -at flag are
      gaff, gaff2, amber, bcc, and sybyl.

-- Check Format for mol2 File --
   Status: pass
Info: Ignoring Mol2 record type (@<TRIPOS>SUBSTRUCTURE).
Info: Finished reading file (lig_3.mol2); atoms read (27), bonds read (29).
Info: Determining atomic numbers from atomic symbols which are case sensitive.
-- Check Unusual Elements --
   Status: pass
-- Check Open Valences --
Warning: The number of bonds (2) for atom (ID: 14, Name: O14) does not match
         the connectivity (1) for atom type (O.2) defined in CORR_NAME_TYPE.DAT.
But, you may safely ignore the warnings if your molecule
         uses atom names or element names as atom types.
-- Check Geometry --
      for those bonded   
      for those not bonded   
   Status: pass
-- Check Weird Bonds --
   Status: pass
-- Check Number of Units --
   Status: pass
acdoctor mode has completed checking the input file.

Running: /home/jguven/Software/miniconda3/bin/bondtype -j full -i ANTECHAMBER_BOND_TYPE.AC0 -o ANTECHAMBER_BOND_TYPE.AC -f ac

Running: /home/jguven/Software/miniconda3/bin/atomtype -i ANTECHAMBER_AC.AC0 -o ANTECHAMBER_AC.AC -p 2
Info: Total number of electrons: 146; net charge: -1

Running: /home/jguven/Software/miniconda3/bin/sqm -O -i sqm.in -o sqm.out

Running: /home/jguven/Software/miniconda3/bin/am1bcc -i ANTECHAMBER_AM1BCC_PRE.AC -o ANTECHAMBER_AM1BCC.AC -f ac -p /home/jguven/Software/miniconda3/dat/antechamber/BCCPARM.DAT -s 2 -j 1

Running: /home/jguven/Software/miniconda3/bin/atomtype -f ac -p bcc -o ANTECHAMBER_AM1BCC.AC -i ANTECHAMBER_AM1BCC_PRE.AC


Welcome to antechamber 22.0: molecular input file processor.

Info: acdoctor mode is on: check and diagnose problems in the input file.
Info: The atom type is set to 2; the options available to the -at flag are
      gaff, gaff2, amber, bcc, and sybyl.

-- Check Format for mol2 File --
   Status: pass
Info: Ignoring Mol2 record type (@<TRIPOS>SUBSTRUCTURE).
Info: Finished reading file (lig_4.mol2); atoms read (27), bonds read (28).
Info: Determining atomic numbers from atomic symbols which are case sensitive.
-- Check Unusual Elements --
   Status: pass
-- Check Open Valences --
Warning: The number of bonds (2) for atom (ID: 14, Name: O14) does not match
         the connectivity (1) for atom type (O.2) defined in CORR_NAME_TYPE.DAT.
But, you may safely ignore the warnings if your molecule
         uses atom names or element names as atom types.
-- Check Geometry --
      for those bonded   
      for those not bonded   
   Status: pass
-- Check Weird Bonds --
   Status: pass
-- Check Number of Units --
   Status: pass
acdoctor mode has completed checking the input file.

Running: /home/jguven/Software/miniconda3/bin/bondtype -j full -i ANTECHAMBER_BOND_TYPE.AC0 -o ANTECHAMBER_BOND_TYPE.AC -f ac

Running: /home/jguven/Software/miniconda3/bin/atomtype -i ANTECHAMBER_AC.AC0 -o ANTECHAMBER_AC.AC -p 2
Info: Total number of electrons: 132; net charge: -1

Running: /home/jguven/Software/miniconda3/bin/sqm -O -i sqm.in -o sqm.out

Running: /home/jguven/Software/miniconda3/bin/am1bcc -i ANTECHAMBER_AM1BCC_PRE.AC -o ANTECHAMBER_AM1BCC.AC -f ac -p /home/jguven/Software/miniconda3/dat/antechamber/BCCPARM.DAT -s 2 -j 1

Running: /home/jguven/Software/miniconda3/bin/atomtype -f ac -p bcc -o ANTECHAMBER_AM1BCC.AC -i ANTECHAMBER_AM1BCC_PRE.AC


Welcome to antechamber 22.0: molecular input file processor.

Info: acdoctor mode is on: check and diagnose problems in the input file.
Info: The atom type is set to 2; the options available to the -at flag are
      gaff, gaff2, amber, bcc, and sybyl.

-- Check Format for mol2 File --
   Status: pass
Info: Ignoring Mol2 record type (@<TRIPOS>SUBSTRUCTURE).
Info: Finished reading file (lig_5.mol2); atoms read (27), bonds read (28).
Info: Determining atomic numbers from atomic symbols which are case sensitive.
-- Check Unusual Elements --
   Status: pass
-- Check Open Valences --
Warning: The number of bonds (2) for atom (ID: 14, Name: O14) does not match
         the connectivity (1) for atom type (O.2) defined in CORR_NAME_TYPE.DAT.
But, you may safely ignore the warnings if your molecule
         uses atom names or element names as atom types.
-- Check Geometry --
      for those bonded   
      for those not bonded   
   Status: pass
-- Check Weird Bonds --
   Status: pass
-- Check Number of Units --
   Status: pass
acdoctor mode has completed checking the input file.

Running: /home/jguven/Software/miniconda3/bin/bondtype -j full -i ANTECHAMBER_BOND_TYPE.AC0 -o ANTECHAMBER_BOND_TYPE.AC -f ac

Running: /home/jguven/Software/miniconda3/bin/atomtype -i ANTECHAMBER_AC.AC0 -o ANTECHAMBER_AC.AC -p 2
Info: Total number of electrons: 132; net charge: -1

Running: /home/jguven/Software/miniconda3/bin/sqm -O -i sqm.in -o sqm.out

Running: /home/jguven/Software/miniconda3/bin/am1bcc -i ANTECHAMBER_AM1BCC_PRE.AC -o ANTECHAMBER_AM1BCC.AC -f ac -p /home/jguven/Software/miniconda3/dat/antechamber/BCCPARM.DAT -s 2 -j 1

Running: /home/jguven/Software/miniconda3/bin/atomtype -f ac -p bcc -o ANTECHAMBER_AM1BCC.AC -i ANTECHAMBER_AM1BCC_PRE.AC


Welcome to antechamber 22.0: molecular input file processor.

Info: acdoctor mode is on: check and diagnose problems in the input file.
Info: The atom type is set to 2; the options available to the -at flag are
      gaff, gaff2, amber, bcc, and sybyl.

-- Check Format for mol2 File --
   Status: pass
Info: Ignoring Mol2 record type (@<TRIPOS>SUBSTRUCTURE).
Info: Finished reading file (lig_6.mol2); atoms read (30), bonds read (31).
Info: Determining atomic numbers from atomic symbols which are case sensitive.
-- Check Unusual Elements --
   Status: pass
-- Check Open Valences --
Warning: The number of bonds (2) for atom (ID: 14, Name: O14) does not match
         the connectivity (1) for atom type (O.2) defined in CORR_NAME_TYPE.DAT.
But, you may safely ignore the warnings if your molecule
         uses atom names or element names as atom types.
-- Check Geometry --
      for those bonded   
      for those not bonded   
   Status: pass
-- Check Weird Bonds --
   Status: pass
-- Check Number of Units --
   Status: pass
acdoctor mode has completed checking the input file.

Running: /home/jguven/Software/miniconda3/bin/bondtype -j full -i ANTECHAMBER_BOND_TYPE.AC0 -o ANTECHAMBER_BOND_TYPE.AC -f ac

Running: /home/jguven/Software/miniconda3/bin/atomtype -i ANTECHAMBER_AC.AC0 -o ANTECHAMBER_AC.AC -p 2
Info: Total number of electrons: 140; net charge: -1

Running: /home/jguven/Software/miniconda3/bin/sqm -O -i sqm.in -o sqm.out

Running: /home/jguven/Software/miniconda3/bin/am1bcc -i ANTECHAMBER_AM1BCC_PRE.AC -o ANTECHAMBER_AM1BCC.AC -f ac -p /home/jguven/Software/miniconda3/dat/antechamber/BCCPARM.DAT -s 2 -j 1

Running: /home/jguven/Software/miniconda3/bin/atomtype -f ac -p bcc -o ANTECHAMBER_AM1BCC.AC -i ANTECHAMBER_AM1BCC_PRE.AC


Welcome to antechamber 22.0: molecular input file processor.

Info: acdoctor mode is on: check and diagnose problems in the input file.
Info: The atom type is set to 2; the options available to the -at flag are
      gaff, gaff2, amber, bcc, and sybyl.

-- Check Format for mol2 File --
   Status: pass
Info: Ignoring Mol2 record type (@<TRIPOS>SUBSTRUCTURE).
Info: Finished reading file (lig_7.mol2); atoms read (31), bonds read (32).
Info: Determining atomic numbers from atomic symbols which are case sensitive.
-- Check Unusual Elements --
   Status: pass
-- Check Open Valences --
Warning: The number of bonds (2) for atom (ID: 14, Name: O14) does not match
         the connectivity (1) for atom type (O.2) defined in CORR_NAME_TYPE.DAT.
But, you may safely ignore the warnings if your molecule
         uses atom names or element names as atom types.
-- Check Geometry --
      for those bonded   
      for those not bonded   
   Status: pass
-- Check Weird Bonds --
   Status: pass
-- Check Number of Units --
   Status: pass
acdoctor mode has completed checking the input file.

Running: /home/jguven/Software/miniconda3/bin/bondtype -j full -i ANTECHAMBER_BOND_TYPE.AC0 -o ANTECHAMBER_BOND_TYPE.AC -f ac

Running: /home/jguven/Software/miniconda3/bin/atomtype -i ANTECHAMBER_AC.AC0 -o ANTECHAMBER_AC.AC -p 2
Info: Total number of electrons: 148; net charge: -1

Running: /home/jguven/Software/miniconda3/bin/sqm -O -i sqm.in -o sqm.out

Running: /home/jguven/Software/miniconda3/bin/am1bcc -i ANTECHAMBER_AM1BCC_PRE.AC -o ANTECHAMBER_AM1BCC.AC -f ac -p /home/jguven/Software/miniconda3/dat/antechamber/BCCPARM.DAT -s 2 -j 1

Running: /home/jguven/Software/miniconda3/bin/atomtype -f ac -p bcc -o ANTECHAMBER_AM1BCC.AC -i ANTECHAMBER_AM1BCC_PRE.AC


Welcome to antechamber 22.0: molecular input file processor.

Info: acdoctor mode is on: check and diagnose problems in the input file.
Info: The atom type is set to 2; the options available to the -at flag are
      gaff, gaff2, amber, bcc, and sybyl.

-- Check Format for mol2 File --
   Status: pass
Info: Ignoring Mol2 record type (@<TRIPOS>SUBSTRUCTURE).
Info: Finished reading file (lig_8.mol2); atoms read (24), bonds read (25).
Info: Determining atomic numbers from atomic symbols which are case sensitive.
-- Check Unusual Elements --
   Status: pass
-- Check Open Valences --
Warning: The number of bonds (2) for atom (ID: 14, Name: O14) does not match
         the connectivity (1) for atom type (O.2) defined in CORR_NAME_TYPE.DAT.
But, you may safely ignore the warnings if your molecule
         uses atom names or element names as atom types.
-- Check Geometry --
      for those bonded   
      for those not bonded   
   Status: pass
-- Check Weird Bonds --
   Status: pass
-- Check Number of Units --
   Status: pass
acdoctor mode has completed checking the input file.

Running: /home/jguven/Software/miniconda3/bin/bondtype -j full -i ANTECHAMBER_BOND_TYPE.AC0 -o ANTECHAMBER_BOND_TYPE.AC -f ac

Running: /home/jguven/Software/miniconda3/bin/atomtype -i ANTECHAMBER_AC.AC0 -o ANTECHAMBER_AC.AC -p 2
Info: Total number of electrons: 140; net charge: -1

Running: /home/jguven/Software/miniconda3/bin/sqm -O -i sqm.in -o sqm.out

Running: /home/jguven/Software/miniconda3/bin/am1bcc -i ANTECHAMBER_AM1BCC_PRE.AC -o ANTECHAMBER_AM1BCC.AC -f ac -p /home/jguven/Software/miniconda3/dat/antechamber/BCCPARM.DAT -s 2 -j 1

Running: /home/jguven/Software/miniconda3/bin/atomtype -f ac -p bcc -o ANTECHAMBER_AM1BCC.AC -i ANTECHAMBER_AM1BCC_PRE.AC


Welcome to antechamber 22.0: molecular input file processor.

Info: acdoctor mode is on: check and diagnose problems in the input file.
Info: The atom type is set to 2; the options available to the -at flag are
      gaff, gaff2, amber, bcc, and sybyl.

-- Check Format for mol2 File --
   Status: pass
Info: Ignoring Mol2 record type (@<TRIPOS>SUBSTRUCTURE).
Info: Finished reading file (lig_9.mol2); atoms read (27), bonds read (28).
Info: Determining atomic numbers from atomic symbols which are case sensitive.
-- Check Unusual Elements --
   Status: pass
-- Check Open Valences --
Warning: The number of bonds (2) for atom (ID: 14, Name: O14) does not match
         the connectivity (1) for atom type (O.2) defined in CORR_NAME_TYPE.DAT.
But, you may safely ignore the warnings if your molecule
         uses atom names or element names as atom types.
-- Check Geometry --
      for those bonded   
      for those not bonded   
   Status: pass
-- Check Weird Bonds --
   Status: pass
-- Check Number of Units --
   Status: pass
acdoctor mode has completed checking the input file.

Running: /home/jguven/Software/miniconda3/bin/bondtype -j full -i ANTECHAMBER_BOND_TYPE.AC0 -o ANTECHAMBER_BOND_TYPE.AC -f ac

Running: /home/jguven/Software/miniconda3/bin/atomtype -i ANTECHAMBER_AC.AC0 -o ANTECHAMBER_AC.AC -p 2
Info: Total number of electrons: 166; net charge: -1

Running: /home/jguven/Software/miniconda3/bin/sqm -O -i sqm.in -o sqm.out

Running: /home/jguven/Software/miniconda3/bin/am1bcc -i ANTECHAMBER_AM1BCC_PRE.AC -o ANTECHAMBER_AM1BCC.AC -f ac -p /home/jguven/Software/miniconda3/dat/antechamber/BCCPARM.DAT -s 2 -j 1

Running: /home/jguven/Software/miniconda3/bin/atomtype -f ac -p bcc -o ANTECHAMBER_AM1BCC.AC -i ANTECHAMBER_AM1BCC_PRE.AC


Welcome to antechamber 22.0: molecular input file processor.

Info: acdoctor mode is on: check and diagnose problems in the input file.
Info: The atom type is set to 2; the options available to the -at flag are
      gaff, gaff2, amber, bcc, and sybyl.

-- Check Format for mol2 File --
   Status: pass
Info: Ignoring Mol2 record type (@<TRIPOS>SUBSTRUCTURE).
Info: Finished reading file (lig_10.mol2); atoms read (27), bonds read (28).
Info: Determining atomic numbers from atomic symbols which are case sensitive.
-- Check Unusual Elements --
   Status: pass
-- Check Open Valences --
Warning: The number of bonds (2) for atom (ID: 14, Name: O14) does not match
         the connectivity (1) for atom type (O.2) defined in CORR_NAME_TYPE.DAT.
But, you may safely ignore the warnings if your molecule
         uses atom names or element names as atom types.
-- Check Geometry --
      for those bonded   
      for those not bonded   
   Status: pass
-- Check Weird Bonds --
   Status: pass
-- Check Number of Units --
   Status: pass
acdoctor mode has completed checking the input file.

Running: /home/jguven/Software/miniconda3/bin/bondtype -j full -i ANTECHAMBER_BOND_TYPE.AC0 -o ANTECHAMBER_BOND_TYPE.AC -f ac

Running: /home/jguven/Software/miniconda3/bin/atomtype -i ANTECHAMBER_AC.AC0 -o ANTECHAMBER_AC.AC -p 2
Info: Total number of electrons: 140; net charge: -1

Running: /home/jguven/Software/miniconda3/bin/sqm -O -i sqm.in -o sqm.out

Running: /home/jguven/Software/miniconda3/bin/am1bcc -i ANTECHAMBER_AM1BCC_PRE.AC -o ANTECHAMBER_AM1BCC.AC -f ac -p /home/jguven/Software/miniconda3/dat/antechamber/BCCPARM.DAT -s 2 -j 1

Running: /home/jguven/Software/miniconda3/bin/atomtype -f ac -p bcc -o ANTECHAMBER_AM1BCC.AC -i ANTECHAMBER_AM1BCC_PRE.AC


Welcome to antechamber 22.0: molecular input file processor.

Info: acdoctor mode is on: check and diagnose problems in the input file.
Info: The atom type is set to 2; the options available to the -at flag are
      gaff, gaff2, amber, bcc, and sybyl.

-- Check Format for mol2 File --
   Status: pass
Info: Ignoring Mol2 record type (@<TRIPOS>SUBSTRUCTURE).
Info: Finished reading file (lig_11.mol2); atoms read (25), bonds read (26).
Info: Determining atomic numbers from atomic symbols which are case sensitive.
-- Check Unusual Elements --
   Status: pass
-- Check Open Valences --
Warning: The number of bonds (2) for atom (ID: 14, Name: O14) does not match
         the connectivity (1) for atom type (O.2) defined in CORR_NAME_TYPE.DAT.
But, you may safely ignore the warnings if your molecule
         uses atom names or element names as atom types.
-- Check Geometry --
      for those bonded   
      for those not bonded   
   Status: pass
-- Check Weird Bonds --
   Status: pass
-- Check Number of Units --
   Status: pass
acdoctor mode has completed checking the input file.

Running: /home/jguven/Software/miniconda3/bin/bondtype -j full -i ANTECHAMBER_BOND_TYPE.AC0 -o ANTECHAMBER_BOND_TYPE.AC -f ac

Running: /home/jguven/Software/miniconda3/bin/atomtype -i ANTECHAMBER_AC.AC0 -o ANTECHAMBER_AC.AC -p 2
Info: Total number of electrons: 124; net charge: -1

Running: /home/jguven/Software/miniconda3/bin/sqm -O -i sqm.in -o sqm.out

Running: /home/jguven/Software/miniconda3/bin/am1bcc -i ANTECHAMBER_AM1BCC_PRE.AC -o ANTECHAMBER_AM1BCC.AC -f ac -p /home/jguven/Software/miniconda3/dat/antechamber/BCCPARM.DAT -s 2 -j 1

Running: /home/jguven/Software/miniconda3/bin/atomtype -f ac -p bcc -o ANTECHAMBER_AM1BCC.AC -i ANTECHAMBER_AM1BCC_PRE.AC


Welcome to antechamber 22.0: molecular input file processor.

Info: acdoctor mode is on: check and diagnose problems in the input file.
Info: The atom type is set to 2; the options available to the -at flag are
      gaff, gaff2, amber, bcc, and sybyl.

-- Check Format for mol2 File --
   Status: pass
Info: Ignoring Mol2 record type (@<TRIPOS>SUBSTRUCTURE).
Info: Finished reading file (lig_12.mol2); atoms read (28), bonds read (29).
Info: Determining atomic numbers from atomic symbols which are case sensitive.
-- Check Unusual Elements --
   Status: pass
-- Check Open Valences --
Warning: The number of bonds (2) for atom (ID: 14, Name: O14) does not match
         the connectivity (1) for atom type (O.2) defined in CORR_NAME_TYPE.DAT.
But, you may safely ignore the warnings if your molecule
         uses atom names or element names as atom types.
-- Check Geometry --
      for those bonded   
      for those not bonded   
   Status: pass
-- Check Weird Bonds --
   Status: pass
-- Check Number of Units --
   Status: pass
acdoctor mode has completed checking the input file.

Running: /home/jguven/Software/miniconda3/bin/bondtype -j full -i ANTECHAMBER_BOND_TYPE.AC0 -o ANTECHAMBER_BOND_TYPE.AC -f ac

Running: /home/jguven/Software/miniconda3/bin/atomtype -i ANTECHAMBER_AC.AC0 -o ANTECHAMBER_AC.AC -p 2
Info: Total number of electrons: 132; net charge: -1

Running: /home/jguven/Software/miniconda3/bin/sqm -O -i sqm.in -o sqm.out

Running: /home/jguven/Software/miniconda3/bin/am1bcc -i ANTECHAMBER_AM1BCC_PRE.AC -o ANTECHAMBER_AM1BCC.AC -f ac -p /home/jguven/Software/miniconda3/dat/antechamber/BCCPARM.DAT -s 2 -j 1

Running: /home/jguven/Software/miniconda3/bin/atomtype -f ac -p bcc -o ANTECHAMBER_AM1BCC.AC -i ANTECHAMBER_AM1BCC_PRE.AC


Welcome to antechamber 22.0: molecular input file processor.

Info: acdoctor mode is on: check and diagnose problems in the input file.
Info: The atom type is set to 2; the options available to the -at flag are
      gaff, gaff2, amber, bcc, and sybyl.

-- Check Format for mol2 File --
   Status: pass
Info: Ignoring Mol2 record type (@<TRIPOS>SUBSTRUCTURE).
Info: Finished reading file (lig_13.mol2); atoms read (31), bonds read (32).
Info: Determining atomic numbers from atomic symbols which are case sensitive.
-- Check Unusual Elements --
   Status: pass
-- Check Open Valences --
Warning: The number of bonds (2) for atom (ID: 14, Name: O14) does not match
         the connectivity (1) for atom type (O.2) defined in CORR_NAME_TYPE.DAT.
But, you may safely ignore the warnings if your molecule
         uses atom names or element names as atom types.
-- Check Geometry --
      for those bonded   
      for those not bonded   
   Status: pass
-- Check Weird Bonds --
   Status: pass
-- Check Number of Units --
   Status: pass
acdoctor mode has completed checking the input file.

Running: /home/jguven/Software/miniconda3/bin/bondtype -j full -i ANTECHAMBER_BOND_TYPE.AC0 -o ANTECHAMBER_BOND_TYPE.AC -f ac

Running: /home/jguven/Software/miniconda3/bin/atomtype -i ANTECHAMBER_AC.AC0 -o ANTECHAMBER_AC.AC -p 2
Info: Total number of electrons: 140; net charge: -1

Running: /home/jguven/Software/miniconda3/bin/sqm -O -i sqm.in -o sqm.out

Running: /home/jguven/Software/miniconda3/bin/am1bcc -i ANTECHAMBER_AM1BCC_PRE.AC -o ANTECHAMBER_AM1BCC.AC -f ac -p /home/jguven/Software/miniconda3/dat/antechamber/BCCPARM.DAT -s 2 -j 1

Running: /home/jguven/Software/miniconda3/bin/atomtype -f ac -p bcc -o ANTECHAMBER_AM1BCC.AC -i ANTECHAMBER_AM1BCC_PRE.AC


Welcome to antechamber 22.0: molecular input file processor.

Info: acdoctor mode is on: check and diagnose problems in the input file.
Info: The atom type is set to 2; the options available to the -at flag are
      gaff, gaff2, amber, bcc, and sybyl.

-- Check Format for mol2 File --
   Status: pass
Info: Ignoring Mol2 record type (@<TRIPOS>SUBSTRUCTURE).
Info: Finished reading file (lig_14.mol2); atoms read (25), bonds read (26).
Info: Determining atomic numbers from atomic symbols which are case sensitive.
-- Check Unusual Elements --
   Status: pass
-- Check Open Valences --
Warning: The number of bonds (2) for atom (ID: 14, Name: O14) does not match
         the connectivity (1) for atom type (O.2) defined in CORR_NAME_TYPE.DAT.
But, you may safely ignore the warnings if your molecule
         uses atom names or element names as atom types.
-- Check Geometry --
      for those bonded   
      for those not bonded   
   Status: pass
-- Check Weird Bonds --
   Status: pass
-- Check Number of Units --
   Status: pass
acdoctor mode has completed checking the input file.

Running: /home/jguven/Software/miniconda3/bin/bondtype -j full -i ANTECHAMBER_BOND_TYPE.AC0 -o ANTECHAMBER_BOND_TYPE.AC -f ac
Info: Bond types are assigned for valence state (1) with penalty (1).

Running: /home/jguven/Software/miniconda3/bin/atomtype -i ANTECHAMBER_AC.AC0 -o ANTECHAMBER_AC.AC -p 2
Info: Total number of electrons: 117; net charge: -1
Info: The number of electrons is odd (117).
      Please check the total charge (-nc flag) and spin multiplicity (-m flag).

Running: /home/jguven/Software/miniconda3/bin/sqm -O -i sqm.in -o sqm.out
/home/jguven/Software/miniconda3/bin/wrapped_progs/antechamber: Fatal Error!
Cannot properly run "/home/jguven/Software/miniconda3/bin/sqm -O -i sqm.in -o sqm.out".

Welcome to antechamber 22.0: molecular input file processor.

Info: acdoctor mode is on: check and diagnose problems in the input file.
Info: The atom type is set to 2; the options available to the -at flag are
      gaff, gaff2, amber, bcc, and sybyl.

-- Check Format for mol2 File --
   Status: pass
Info: Ignoring Mol2 record type (@<TRIPOS>SUBSTRUCTURE).
Info: Finished reading file (lig_15.mol2); atoms read (24), bonds read (25).
Info: Determining atomic numbers from atomic symbols which are case sensitive.
-- Check Unusual Elements --
   Status: pass
-- Check Open Valences --
Warning: The number of bonds (2) for atom (ID: 14, Name: O14) does not match
         the connectivity (1) for atom type (O.2) defined in CORR_NAME_TYPE.DAT.
But, you may safely ignore the warnings if your molecule
         uses atom names or element names as atom types.
-- Check Geometry --
      for those bonded   
      for those not bonded   
   Status: pass
-- Check Weird Bonds --
   Status: pass
-- Check Number of Units --
   Status: pass
acdoctor mode has completed checking the input file.

Running: /home/jguven/Software/miniconda3/bin/bondtype -j full -i ANTECHAMBER_BOND_TYPE.AC0 -o ANTECHAMBER_BOND_TYPE.AC -f ac

Running: /home/jguven/Software/miniconda3/bin/atomtype -i ANTECHAMBER_AC.AC0 -o ANTECHAMBER_AC.AC -p 2
Info: Total number of electrons: 116; net charge: -1

Running: /home/jguven/Software/miniconda3/bin/sqm -O -i sqm.in -o sqm.out

Running: /home/jguven/Software/miniconda3/bin/am1bcc -i ANTECHAMBER_AM1BCC_PRE.AC -o ANTECHAMBER_AM1BCC.AC -f ac -p /home/jguven/Software/miniconda3/dat/antechamber/BCCPARM.DAT -s 2 -j 1

Running: /home/jguven/Software/miniconda3/bin/atomtype -f ac -p bcc -o ANTECHAMBER_AM1BCC.AC -i ANTECHAMBER_AM1BCC_PRE.AC


Welcome to antechamber 22.0: molecular input file processor.

Info: acdoctor mode is on: check and diagnose problems in the input file.
Info: The atom type is set to 2; the options available to the -at flag are
      gaff, gaff2, amber, bcc, and sybyl.

-- Check Format for mol2 File --
   Status: pass
Info: Ignoring Mol2 record type (@<TRIPOS>SUBSTRUCTURE).
Info: Finished reading file (lig_16.mol2); atoms read (25), bonds read (26).
Info: Determining atomic numbers from atomic symbols which are case sensitive.
-- Check Unusual Elements --
   Status: pass
-- Check Open Valences --
Warning: The number of bonds (2) for atom (ID: 14, Name: O14) does not match
         the connectivity (1) for atom type (O.2) defined in CORR_NAME_TYPE.DAT.
But, you may safely ignore the warnings if your molecule
         uses atom names or element names as atom types.
-- Check Geometry --
      for those bonded   
      for those not bonded   
   Status: pass
-- Check Weird Bonds --
   Status: pass
-- Check Number of Units --
   Status: pass
acdoctor mode has completed checking the input file.

Running: /home/jguven/Software/miniconda3/bin/bondtype -j full -i ANTECHAMBER_BOND_TYPE.AC0 -o ANTECHAMBER_BOND_TYPE.AC -f ac

Running: /home/jguven/Software/miniconda3/bin/atomtype -i ANTECHAMBER_AC.AC0 -o ANTECHAMBER_AC.AC -p 2
Info: Total number of electrons: 192; net charge: -1

Running: /home/jguven/Software/miniconda3/bin/sqm -O -i sqm.in -o sqm.out

Running: /home/jguven/Software/miniconda3/bin/am1bcc -i ANTECHAMBER_AM1BCC_PRE.AC -o ANTECHAMBER_AM1BCC.AC -f ac -p /home/jguven/Software/miniconda3/dat/antechamber/BCCPARM.DAT -s 2 -j 1

Running: /home/jguven/Software/miniconda3/bin/atomtype -f ac -p bcc -o ANTECHAMBER_AM1BCC.AC -i ANTECHAMBER_AM1BCC_PRE.AC

