            --------------------------------------------------------
                             AMBER SQM VERSION 19
 
                                     By
              Ross C. Walker, Michael F. Crowley, Scott Brozell,
                         Tim Giese, Andreas W. Goetz,
                        Tai-Sung Lee and David A. Case
 
            --------------------------------------------------------
 

--------------------------------------------------------------------------------
  QM CALCULATION INFO
--------------------------------------------------------------------------------

| QMMM: Citation for AMBER QMMM Run:
| QMMM: R.C. Walker, M.F. Crowley and D.A. Case, J. COMP. CHEM. 29:1019, 2008

QMMM: SINGLET STATE CALCULATION
QMMM: RHF CALCULATION, NO. OF DOUBLY OCCUPIED LEVELS = 48

| QMMM: *** Selected Hamiltonian *** 
| QMMM: AM1         

| QMMM: *** Parameter sets in use ***
| QMMM: C : M.J.S.DEWAR et al. JACS, 107, 3902, (1985)
| QMMM: O : M.J.S.DEWAR et al. JACS, 107, 3902, (1985)
| QMMM: P : M.J.S.DEWAR et al. THEOCHEM, 187,1, (1989)
| QMMM: F : M.J.S.DEWAR et al. THEOCHEM, 180, 1, (1988)
| QMMM: H : M.J.S.DEWAR et al. JACS, 107, 3902, (1985)

| QMMM: *** SCF convergence criteria ***
| QMMM: Energy change                :  0.1D-09 kcal/mol
| QMMM: Error matrix |FP-PF|         :  0.1D+00 au
| QMMM: Density matrix change        :  0.5D-06
| QMMM: Maximum number of SCF cycles :     1000

| QMMM: *** Diagonalization Routine Information ***
| QMMM: Pseudo diagonalizations are allowed.
| QMMM: Auto diagonalization routine selection is in use.
| QMMM:
| QMMM: Timing diagonalization routines:
| QMMM:                              norbs =       78
| QMMM:    diag iterations used for timing =       15
| QMMM:
| QMMM:              Internal diag routine = 0.040619 seconds
| QMMM:                 Dspev diag routine = 0.043032 seconds
| QMMM:                Dspevd diag routine = 0.009377 seconds
| QMMM:                Dspevx diag routine = 0.048110 seconds
| QMMM:                 Dsyev diag routine = 0.030925 seconds
| QMMM:                Dsyevd diag routine = 0.029279 seconds
| QMMM:                Dsyevr diag routine = 0.024080 seconds
| QMMM:
| QMMM:                Pseudo diag routine = 0.009645 seconds
| QMMM: Pseudo diagonalization appears to be slower than regular
| QMMM: diagonalization. Setting pseudo_diag=0 for optimum performance.
| QMMM:
| QMMM: Using dspevd routine (diag_routine=3).

  QMMM: QM Region Cartesian Coordinates (*=link atom) 
  QMMM: QM_NO.   MM_NO.  ATOM         X         Y         Z
  QMMM:     1        1      C       21.4700   14.0670    6.2360
  QMMM:     2        2      C       20.5460   14.8330    5.5720
  QMMM:     3        3      C       20.0110   15.9680    6.1580
  QMMM:     4        4      C       18.5420   17.7510    6.0430
  QMMM:     5        5      C       18.8580   18.1770    7.3660
  QMMM:     6        6      C       19.7640   17.4920    8.0880
  QMMM:     7        7      C       20.0170   18.0810    9.4630
  QMMM:     8        8      C       20.3960   16.3310    7.4540
  QMMM:     9        9      C       21.3600   15.5510    8.0980
  QMMM:    10       10      C       21.8890   14.4370    7.5040
  QMMM:    11       11      O       19.1030   16.6790    5.4330
  QMMM:    12       12      O       19.3370   17.9820   12.0950
  QMMM:    13       13      O       19.6540   15.7560   10.8850
  QMMM:    14       14      O       17.6160   17.1890   10.4220
  QMMM:    15       15      P       19.1730   17.1810   10.8260
  QMMM:    16       16      F       21.9630   12.9630    5.6570
  QMMM:    17       17      H       20.2480   14.5680    4.6530
  QMMM:    18       18      O       17.7000   18.4590    5.5070
  QMMM:    19       19      H       18.3950   18.9700    7.7380
  QMMM:    20       20      H       21.1900   18.2010    9.6820
  QMMM:    21       21      H       19.5360   19.1770    9.5460
  QMMM:    22       22      F       21.7820   15.8920    9.3110
  QMMM:    23       23      H       17.1800   18.0310   10.7490
  QMMM:    24       24      H       22.5730   13.8900    7.9890

--------------------------------------------------------------------------------
  RESULTS
--------------------------------------------------------------------------------

      iter         sqm energy              rms gradient
      ----    -------------------    -----------------------
xmin    10     -358.4820 kcal/mol        1.0525 kcal/(mol*A)
xmin    20     -358.9024 kcal/mol        0.2610 kcal/(mol*A)
xmin    30     -358.9968 kcal/mol        0.1740 kcal/(mol*A)
xmin    40     -359.0055 kcal/mol        0.0324 kcal/(mol*A)
xmin    50     -359.0107 kcal/mol        0.0657 kcal/(mol*A)
xmin    60     -359.0115 kcal/mol        0.0078 kcal/(mol*A)
xmin    70     -359.0116 kcal/mol        0.0022 kcal/(mol*A)
xmin    80     -359.0116 kcal/mol        0.0005 kcal/(mol*A)
xmin    80     -359.0116 kcal/mol        0.0003 kcal/(mol*A)
  ... geometry converged !
 
 Final MO eigenvalues (eV):
 -47.8269  -47.6660  -39.2561  -36.4501  -34.5457  -33.7838  -32.0469  -29.1063
 -28.9838  -28.7286  -28.1302  -26.4589  -22.5688  -21.8901  -20.3427  -18.2175
 -16.7866  -16.3600  -15.3258  -14.9568  -14.7578  -14.7231  -14.2649  -14.2092
 -13.9482  -13.3405  -13.1056  -12.4210  -12.3109  -11.8818  -11.3770  -11.3219
 -11.1581  -11.0290  -10.6034  -10.3415   -9.8381   -9.4298   -9.1341   -8.6462
  -8.6149   -8.0901   -7.3195   -6.9090   -6.6471   -6.3483   -6.2988   -6.1877
   1.5857    2.1528    2.9551    4.1385    4.1464    4.9662    5.0152    5.3885
   5.6077    5.6729    5.8193    5.8778    6.2967    6.7226    6.7724    6.8072
   6.9188    6.9715    7.0849    7.2341    7.3869    7.7463    7.8005    7.9428
   8.4545    8.9901    9.2526   10.2193   11.1091   12.5250

 Heat of formation   =       -359.01156039 kcal/mol  (      -15.56790947 eV)

 Total SCF energy    =     -93791.57611920 kcal/mol  (    -4067.10793631 eV)
 Electronic energy   =    -487434.39778540 kcal/mol  (   -21136.74158906 eV)
 Core-core repulsion =     393642.82166620 kcal/mol  (    17069.63365276 eV)
 
    Atomic Charges for Step       1 :
  Atom    Element       Mulliken Charge
     1      C                  0.146
     2      C                 -0.222
     3      C                  0.152
     4      C                  0.355
     5      C                 -0.300
     6      C                  0.153
     7      C                 -0.787
     8      C                 -0.147
     9      C                  0.207
    10      C                 -0.256
    11      O                 -0.207
    12      O                 -1.184
    13      O                 -1.150
    14      O                 -0.828
    15      P                  2.607
    16      F                 -0.110
    17      H                  0.164
    18      O                 -0.332
    19      H                  0.176
    20      H                  0.133
    21      H                  0.124
    22      F                 -0.083
    23      H                  0.227
    24      H                  0.159
 Total Mulliken Charge =      -1.000
 
                  X        Y        Z     TOTAL  
  QM DIPOLE   -89.168  -79.957  -47.233  128.744
 
 Final Structure

  QMMM: QM Region Cartesian Coordinates (*=link atom) 
  QMMM: QM_NO.   MM_NO.  ATOM         X         Y         Z
  QMMM:     1        1      C       21.5835   14.1002    6.2009
  QMMM:     2        2      C       20.5539   14.8096    5.5789
  QMMM:     3        3      C       20.0133   15.9268    6.2395
  QMMM:     4        4      C       18.4492   17.7190    6.0493
  QMMM:     5        5      C       18.7980   18.1230    7.3845
  QMMM:     6        6      C       19.7271   17.4671    8.1427
  QMMM:     7        7      C       19.9747   17.9070    9.5136
  QMMM:     8        8      C       20.4423   16.3564    7.5182
  QMMM:     9        9      C       21.5272   15.6349    8.0867
  QMMM:    10       10      C       22.0856   14.5176    7.4442
  QMMM:    11       11      O       19.0458   16.5734    5.5084
  QMMM:    12       12      O       19.4194   17.6976   12.0423
  QMMM:    13       13      O       18.7932   15.7247   10.4291
  QMMM:    14       14      O       17.5695   17.9721   10.5145
  QMMM:    15       15      P       18.9766   17.1550   10.7380
  QMMM:    16       16      F       22.1189   13.0130    5.5949
  QMMM:    17       17      H       20.1611   14.5102    4.5982
  QMMM:    18       18      O       17.6769   18.2203    5.2289
  QMMM:    19       19      H       18.2190   18.9673    7.7915
  QMMM:    20       20      H       21.0354   17.7510    9.8235
  QMMM:    21       21      H       19.7770   19.0071    9.5987
  QMMM:    22       22      F       22.1011   16.0051    9.2516
  QMMM:    23       23      H       17.3486   18.5012   11.2729
  QMMM:    24       24      H       22.9057   13.9664    7.9241

           --------- Calculation Completed ----------

