            --------------------------------------------------------
                             AMBER SQM VERSION 19
 
                                     By
              Ross C. Walker, Michael F. Crowley, Scott Brozell,
                         Tim Giese, Andreas W. Goetz,
                        Tai-Sung Lee and David A. Case
 
            --------------------------------------------------------
 

--------------------------------------------------------------------------------
  QM CALCULATION INFO
--------------------------------------------------------------------------------

| QMMM: Citation for AMBER QMMM Run:
| QMMM: R.C. Walker, M.F. Crowley and D.A. Case, J. COMP. CHEM. 29:1019, 2008

QMMM: SINGLET STATE CALCULATION
QMMM: RHF CALCULATION, NO. OF DOUBLY OCCUPIED LEVELS = 48

| QMMM: *** Selected Hamiltonian *** 
| QMMM: AM1         

| QMMM: *** Parameter sets in use ***
| QMMM: C : M.J.S.DEWAR et al. JACS, 107, 3902, (1985)
| QMMM: N : M.J.S.DEWAR et al. JACS, 107, 3902, (1985)
| QMMM: O : M.J.S.DEWAR et al. JACS, 107, 3902, (1985)
| QMMM: P : M.J.S.DEWAR et al. THEOCHEM, 187,1, (1989)
| QMMM: H : M.J.S.DEWAR et al. JACS, 107, 3902, (1985)

| QMMM: *** SCF convergence criteria ***
| QMMM: Energy change                :  0.1D-09 kcal/mol
| QMMM: Error matrix |FP-PF|         :  0.1D+00 au
| QMMM: Density matrix change        :  0.5D-06
| QMMM: Maximum number of SCF cycles :     1000

| QMMM: *** Diagonalization Routine Information ***
| QMMM: Pseudo diagonalizations are allowed.
| QMMM: Auto diagonalization routine selection is in use.
| QMMM:
| QMMM: Timing diagonalization routines:
| QMMM:                              norbs =       85
| QMMM:    diag iterations used for timing =       15
| QMMM:
| QMMM:              Internal diag routine = 0.036769 seconds
| QMMM:                 Dspev diag routine = 0.036306 seconds
| QMMM:                Dspevd diag routine = 0.011597 seconds
| QMMM:                Dspevx diag routine = 0.056291 seconds
| QMMM:                 Dsyev diag routine = 0.020849 seconds
| QMMM:                Dsyevd diag routine = 0.043157 seconds
| QMMM:                Dsyevr diag routine = 0.055592 seconds
| QMMM:
| QMMM:                Pseudo diag routine = 0.025145 seconds
| QMMM: Pseudo diagonalization appears to be slower than regular
| QMMM: diagonalization. Setting pseudo_diag=0 for optimum performance.
| QMMM:
| QMMM: Using dspevd routine (diag_routine=3).

  QMMM: QM Region Cartesian Coordinates (*=link atom) 
  QMMM: QM_NO.   MM_NO.  ATOM         X         Y         Z
  QMMM:     1        1      C       22.2440   13.9720    6.9580
  QMMM:     2        2      C       21.2750   14.5810    6.2150
  QMMM:     3        3      C       20.6070   15.7020    6.6940
  QMMM:     4        4      C       18.9420   17.3800    6.2640
  QMMM:     5        5      C       19.1630   17.9200    7.5680
  QMMM:     6        6      C       20.0750   17.3730    8.4060
  QMMM:     7        7      C       20.0880   18.1180    9.7250
  QMMM:     8        8      C       20.8930   16.2260    7.9580
  QMMM:     9        9      C       21.9290   15.6140    8.6870
  QMMM:    10       10      C       22.5740   14.5120    8.1910
  QMMM:    11       11      N       19.6430   16.3000    5.9000
  QMMM:    12       12      O       19.2440   18.0710   12.2910
  QMMM:    13       13      O       19.5570   15.8180   11.1280
  QMMM:    14       14      O       17.6030   17.2970   10.5180
  QMMM:    15       15      P       19.1290   17.2560   11.0270
  QMMM:    16       16      C       22.9460   12.7330    6.4230
  QMMM:    17       17      H       21.0410   14.2130    5.3160
  QMMM:    18       18      O       18.1060   17.9350    5.5610
  QMMM:    19       19      H       18.6130   18.6920    7.8490
  QMMM:    20       20      H       21.1990   18.3850   10.0780
  QMMM:    21       21      H       19.5210   19.1730    9.6480
  QMMM:    22       22      C       22.4440   16.0990   10.0330
  QMMM:    23       23      H       17.1680   18.1530   10.8060
  QMMM:    24       24      H       23.2990   14.0820    8.7270
  QMMM:    25       25      H       19.4700   15.9560    5.1090
  QMMM:    26       26      H       23.9810   13.0440    5.8990
  QMMM:    27       27      H       22.2490   12.1800    5.6140
  QMMM:    28       28      H       23.1730   11.9550    7.3100
  QMMM:    29       29      H       22.9740   17.1580    9.8590
  QMMM:    30       30      H       23.2730   15.3700   10.5060
  QMMM:    31       31      H       21.5610   16.1960   10.8330

--------------------------------------------------------------------------------
  RESULTS
--------------------------------------------------------------------------------

      iter         sqm energy              rms gradient
      ----    -------------------    -----------------------
xmin    10     -244.2041 kcal/mol        0.2734 kcal/(mol*A)
xmin    20     -243.1626 kcal/mol        7.1327 kcal/(mol*A)
xmin    30     -244.3166 kcal/mol        0.2948 kcal/(mol*A)
xmin    40     -244.3588 kcal/mol        0.3922 kcal/(mol*A)
xmin    50     -244.4746 kcal/mol        0.2936 kcal/(mol*A)
xmin    60     -244.5222 kcal/mol        0.4861 kcal/(mol*A)
xmin    70     -244.6088 kcal/mol        0.3685 kcal/(mol*A)
xmin    80     -244.6449 kcal/mol        0.1236 kcal/(mol*A)
xmin    90     -244.6496 kcal/mol        0.0094 kcal/(mol*A)
xmin   100     -244.6498 kcal/mol        0.0160 kcal/(mol*A)
xmin   110     -244.6502 kcal/mol        0.0047 kcal/(mol*A)
xmin   120     -244.6502 kcal/mol        0.0053 kcal/(mol*A)
xmin   130     -244.6502 kcal/mol        0.0042 kcal/(mol*A)
xmin   140     -244.6502 kcal/mol        0.0014 kcal/(mol*A)
xmin   150     -244.6503 kcal/mol        0.0040 kcal/(mol*A)
xmin   160     -244.6503 kcal/mol        0.0038 kcal/(mol*A)
xmin   170     -244.6503 kcal/mol        0.0041 kcal/(mol*A)
xmin   180     -244.6503 kcal/mol        0.0070 kcal/(mol*A)
xmin   190     -244.6503 kcal/mol        0.0009 kcal/(mol*A)
xmin   200     -244.6503 kcal/mol        0.0008 kcal/(mol*A)
xmin   210     -244.6503 kcal/mol        0.0050 kcal/(mol*A)
xmin   220     -244.6504 kcal/mol        0.0040 kcal/(mol*A)
xmin   230     -244.6504 kcal/mol        0.0034 kcal/(mol*A)
xmin   240     -244.6504 kcal/mol        0.0044 kcal/(mol*A)
xmin   250     -244.6504 kcal/mol        0.0008 kcal/(mol*A)
xmin   260     -244.6504 kcal/mol        0.0063 kcal/(mol*A)
xmin   270     -244.6504 kcal/mol        0.0023 kcal/(mol*A)
xmin   280     -244.6504 kcal/mol        0.0008 kcal/(mol*A)
  ... geometry converged !
 
 Final MO eigenvalues (eV):
 -38.5340  -36.3054  -33.8599  -33.1092  -31.9782  -30.8481  -29.0524  -28.8075
 -28.3496  -26.1668  -25.3222  -24.5218  -21.0783  -20.0111  -19.2540  -16.4731
 -15.6104  -15.3855  -14.6799  -13.6170  -13.3045  -13.2227  -12.8549  -12.4544
 -12.1578  -11.8366  -11.6527  -11.4319  -11.1542  -11.0312  -10.9747  -10.5253
 -10.3200  -10.0643   -9.8425   -9.7057   -9.1093   -8.8015   -8.7292   -8.3394
  -8.1668   -7.8669   -6.5937   -6.5374   -6.2105   -6.1900   -6.1748   -5.9485
   2.1964    2.7653    3.5399    4.5354    4.6961    5.5227    5.8988    6.0045
   6.0490    6.3199    6.3381    6.4374    6.4934    6.6132    6.6924    6.8099
   6.9062    7.0219    7.1417    7.2912    7.3900    7.5092    7.5720    7.6884
   7.7868    7.9663    8.0904    8.1613    8.2803    8.3737    8.4585    8.7892
   9.1286    9.7668   10.4023   11.2733   12.5845

 Heat of formation   =       -244.65040804 kcal/mol  (      -10.60883778 eV)

 Total SCF energy    =     -76945.27470052 kcal/mol  (    -3336.59748929 eV)
 Electronic energy   =    -465837.62926578 kcal/mol  (   -20200.23543063 eV)
 Core-core repulsion =     388892.35456526 kcal/mol  (    16863.63794134 eV)
 
    Atomic Charges for Step       1 :
  Atom    Element       Mulliken Charge
     1      C                 -0.031
     2      C                 -0.216
     3      C                  0.102
     4      C                  0.345
     5      C                 -0.270
     6      C                  0.119
     7      C                 -0.787
     8      C                 -0.089
     9      C                  0.033
    10      C                 -0.198
    11      N                 -0.310
    12      O                 -1.192
    13      O                 -1.154
    14      O                 -0.826
    15      P                  2.613
    16      C                 -0.174
    17      H                  0.121
    18      O                 -0.405
    19      H                  0.174
    20      H                  0.120
    21      H                  0.120
    22      C                 -0.223
    23      H                  0.227
    24      H                  0.124
    25      H                  0.228
    26      H                  0.077
    27      H                  0.071
    28      H                  0.081
    29      H                  0.080
    30      H                  0.071
    31      H                  0.169
 Total Mulliken Charge =      -1.000
 
                  X        Y        Z     TOTAL  
  QM DIPOLE   -89.561  -83.825  -50.823  132.781
 
 Final Structure

  QMMM: QM Region Cartesian Coordinates (*=link atom) 
  QMMM: QM_NO.   MM_NO.  ATOM         X         Y         Z
  QMMM:     1        1      C       22.4224   14.0634    6.8383
  QMMM:     2        2      C       21.3892   14.6136    6.0988
  QMMM:     3        3      C       20.5509   15.6062    6.6681
  QMMM:     4        4      C       18.6299   17.0771    6.3390
  QMMM:     5        5      C       18.9241   17.6458    7.6423
  QMMM:     6        6      C       19.9414   17.2117    8.4482
  QMMM:     7        7      C       20.2228   17.9966    9.6592
  QMMM:     8        8      C       20.7744   16.0934    7.9985
  QMMM:     9        9      C       21.7849   15.4466    8.7512
  QMMM:    10       10      C       22.5990   14.4757    8.1619
  QMMM:    11       11      N       19.5087   16.0894    5.8853
  QMMM:    12       12      O       19.7490   18.6631   12.1080
  QMMM:    13       13      O       19.1335   16.2498   11.3386
  QMMM:    14       14      O       17.8394   18.3555   10.6552
  QMMM:    15       15      P       19.2811   17.6982   11.0845
  QMMM:    16       16      C       23.3162   13.0347    6.2569
  QMMM:    17       17      H       21.2157   14.2720    5.0674
  QMMM:    18       18      O       17.6981   17.4230    5.5795
  QMMM:    19       19      H       18.2537   18.4660    7.9476
  QMMM:    20       20      H       21.3010   17.9364    9.9395
  QMMM:    21       21      H       20.0410   19.0810    9.4222
  QMMM:    22       22      C       22.0381   15.6819   10.1943
  QMMM:    23       23      H       17.6229   19.1050   11.1987
  QMMM:    24       24      H       23.3944   14.0058    8.7604
  QMMM:    25       25      H       19.3623   15.6903    4.9864
  QMMM:    26       26      H       24.3862   13.3358    6.3810
  QMMM:    27       27      H       23.1145   12.8866    5.1680
  QMMM:    28       28      H       23.1663   12.0570    6.7798
  QMMM:    29       29      H       22.7009   16.5711   10.3400
  QMMM:    30       30      H       22.5535   14.8003   10.6521
  QMMM:    31       31      H       21.0684   15.8309   10.7500

           --------- Calculation Completed ----------

