            --------------------------------------------------------
                             AMBER SQM VERSION 19
 
                                     By
              Ross C. Walker, Michael F. Crowley, Scott Brozell,
                         Tim Giese, Andreas W. Goetz,
                        Tai-Sung Lee and David A. Case
 
            --------------------------------------------------------
 

--------------------------------------------------------------------------------
  QM CALCULATION INFO
--------------------------------------------------------------------------------

| QMMM: Citation for AMBER QMMM Run:
| QMMM: R.C. Walker, M.F. Crowley and D.A. Case, J. COMP. CHEM. 29:1019, 2008

QMMM: SINGLET STATE CALCULATION
QMMM: RHF CALCULATION, NO. OF DOUBLY OCCUPIED LEVELS = 45

| QMMM: *** Selected Hamiltonian *** 
| QMMM: AM1         

| QMMM: *** Parameter sets in use ***
| QMMM: C : M.J.S.DEWAR et al. JACS, 107, 3902, (1985)
| QMMM: O : M.J.S.DEWAR et al. JACS, 107, 3902, (1985)
| QMMM: P : M.J.S.DEWAR et al. THEOCHEM, 187,1, (1989)
| QMMM: H : M.J.S.DEWAR et al. JACS, 107, 3902, (1985)

| QMMM: *** SCF convergence criteria ***
| QMMM: Energy change                :  0.1D-09 kcal/mol
| QMMM: Error matrix |FP-PF|         :  0.1D+00 au
| QMMM: Density matrix change        :  0.5D-06
| QMMM: Maximum number of SCF cycles :     1000

| QMMM: *** Diagonalization Routine Information ***
| QMMM: Pseudo diagonalizations are allowed.
| QMMM: Auto diagonalization routine selection is in use.
| QMMM:
| QMMM: Timing diagonalization routines:
| QMMM:                              norbs =       78
| QMMM:    diag iterations used for timing =       15
| QMMM:
| QMMM:              Internal diag routine = 0.050408 seconds
| QMMM:                 Dspev diag routine = 0.032281 seconds
| QMMM:                Dspevd diag routine = 0.009715 seconds
| QMMM:                Dspevx diag routine = 0.047703 seconds
| QMMM:                 Dsyev diag routine = 0.022498 seconds
| QMMM:                Dsyevd diag routine = 0.027060 seconds
| QMMM:                Dsyevr diag routine = 0.023924 seconds
| QMMM:
| QMMM:                Pseudo diag routine = 0.010290 seconds
| QMMM: Pseudo diagonalization appears to be slower than regular
| QMMM: diagonalization. Setting pseudo_diag=0 for optimum performance.
| QMMM:
| QMMM: Using dspevd routine (diag_routine=3).

  QMMM: QM Region Cartesian Coordinates (*=link atom) 
  QMMM: QM_NO.   MM_NO.  ATOM         X         Y         Z
  QMMM:     1        1      C       21.5190   14.0220    6.4110
  QMMM:     2        2      C       20.6800   14.8220    5.6830
  QMMM:     3        3      C       20.1050   15.9490    6.2450
  QMMM:     4        4      C       18.6370   17.7290    6.0670
  QMMM:     5        5      C       18.9150   18.1600    7.4020
  QMMM:     6        6      C       19.7760   17.4570    8.1600
  QMMM:     7        7      C       20.0580   18.0320    9.5280
  QMMM:     8        8      C       20.3970   16.2650    7.5740
  QMMM:     9        9      C       21.2480   15.4320    8.3050
  QMMM:    10       10      C       21.8050   14.3190    7.7330
  QMMM:    11       11      O       19.2610   16.6870    5.4660
  QMMM:    12       12      O       19.3160   17.9530   12.1330
  QMMM:    13       13      O       19.6050   15.7260   10.9120
  QMMM:    14       14      O       17.6110   17.2220   10.4150
  QMMM:    15       15      P       19.1560   17.1620   10.8600
  QMMM:    16       16      H       21.9270   13.2130    5.9880
  QMMM:    17       17      H       20.4730   14.5880    4.7330
  QMMM:    18       18      O       17.7770   18.4040    5.5110
  QMMM:    19       19      H       18.4620   18.9690    7.7520
  QMMM:    20       20      H       21.2390   18.0430    9.7430
  QMMM:    21       21      H       19.6540   19.1600    9.5920
  QMMM:    22       22      H       21.4470   15.6460    9.2610
  QMMM:    23       23      H       17.1860   18.0620   10.7620
  QMMM:    24       24      C       22.7210   13.3700    8.4920
  QMMM:    25       25      H       23.8220   13.3870    8.0100
  QMMM:    26       26      H       22.7940   13.6460    9.6600
  QMMM:    27       27      H       22.3010   12.2490    8.3890

--------------------------------------------------------------------------------
  RESULTS
--------------------------------------------------------------------------------

      iter         sqm energy              rms gradient
      ----    -------------------    -----------------------
xmin    10     -282.0782 kcal/mol        0.5267 kcal/(mol*A)
xmin    20     -282.4677 kcal/mol        0.1856 kcal/(mol*A)
xmin    30     -282.5576 kcal/mol        0.1025 kcal/(mol*A)
xmin    40     -282.5663 kcal/mol        0.0724 kcal/(mol*A)
xmin    50     -282.5684 kcal/mol        0.0686 kcal/(mol*A)
xmin    60     -282.5727 kcal/mol        0.0797 kcal/(mol*A)
xmin    70     -282.5741 kcal/mol        0.0459 kcal/(mol*A)
xmin    80     -282.5747 kcal/mol        0.0210 kcal/(mol*A)
xmin    90     -282.5751 kcal/mol        0.0039 kcal/(mol*A)
xmin   100     -282.5751 kcal/mol        0.0115 kcal/(mol*A)
xmin   110     -282.5751 kcal/mol        0.0040 kcal/(mol*A)
xmin   120     -282.5751 kcal/mol        0.0021 kcal/(mol*A)
xmin   130     -282.5751 kcal/mol        0.0034 kcal/(mol*A)
  ... geometry converged !
 
 Final MO eigenvalues (eV):
 -39.0120  -36.6345  -34.5687  -33.7981  -32.0884  -30.1874  -29.2426  -29.0532
 -28.3699  -26.3834  -24.8567  -21.8433  -20.6685  -19.7897  -17.1289  -15.8796
 -15.1139  -14.9255  -14.1397  -13.4429  -13.0722  -12.9544  -12.3131  -12.1397
 -12.0468  -11.6752  -11.2138  -11.1570  -10.9932  -10.7859  -10.4757  -10.1516
  -9.6717   -9.5690   -9.4440   -9.0095   -8.4992   -8.3760   -8.1029   -6.9297
  -6.7520   -6.4861   -6.4336   -6.3570   -6.2099    2.1209    2.8042    3.3884
   4.6007    4.6502    5.4301    5.8609    6.0979    6.1459    6.3564    6.4867
   6.6182    6.7470    6.8080    6.8406    6.9475    7.0085    7.2234    7.3372
   7.5025    7.5688    7.5858    7.7521    7.9825    8.0984    8.2199    8.3959
   8.7884    8.9750    9.5048   10.2548   11.0464   12.4352

 Heat of formation   =       -282.57514048 kcal/mol  (      -12.25337758 eV)

 Total SCF energy    =     -75649.83646779 kcal/mol  (    -3280.42307219 eV)
 Electronic energy   =    -426929.50527987 kcal/mol  (   -18513.05256840 eV)
 Core-core repulsion =     351279.66881208 kcal/mol  (    15232.62949621 eV)
 
    Atomic Charges for Step       1 :
  Atom    Element       Mulliken Charge
     1      C                 -0.098
     2      C                 -0.173
     3      C                  0.095
     4      C                  0.350
     5      C                 -0.300
     6      C                  0.144
     7      C                 -0.798
     8      C                 -0.129
     9      C                 -0.062
    10      C                 -0.113
    11      O                 -0.207
    12      O                 -1.186
    13      O                 -1.166
    14      O                 -0.824
    15      P                  2.618
    16      H                  0.120
    17      H                  0.140
    18      O                 -0.347
    19      H                  0.161
    20      H                  0.129
    21      H                  0.129
    22      H                  0.218
    23      H                  0.231
    24      C                 -0.172
    25      H                  0.068
    26      H                  0.107
    27      H                  0.065
 Total Mulliken Charge =      -1.000
 
                  X        Y        Z     TOTAL  
  QM DIPOLE   -90.950  -82.851  -47.563  131.903
 
 Final Structure

  QMMM: QM Region Cartesian Coordinates (*=link atom) 
  QMMM: QM_NO.   MM_NO.  ATOM         X         Y         Z
  QMMM:     1        1      C       21.4588   14.0385    6.4090
  QMMM:     2        2      C       20.6448   14.8689    5.6540
  QMMM:     3        3      C       20.0702   15.9987    6.2649
  QMMM:     4        4      C       18.6036   17.8581    6.0314
  QMMM:     5        5      C       18.9082   18.2458    7.3885
  QMMM:     6        6      C       19.7538   17.5264    8.1789
  QMMM:     7        7      C       20.1483   18.0080    9.5019
  QMMM:     8        8      C       20.3339   16.3137    7.6125
  QMMM:     9        9      C       21.1296   15.4305    8.3617
  QMMM:    10       10      C       21.6962   14.3044    7.7673
  QMMM:    11       11      O       19.2405   16.7534    5.4619
  QMMM:    12       12      O       19.0196   18.3200   11.8270
  QMMM:    13       13      O       20.3086   16.1086   11.2454
  QMMM:    14       14      O       17.9912   16.6976   10.3600
  QMMM:    15       15      P       19.4363   17.2523   10.8904
  QMMM:    16       16      H       21.9119   13.1509    5.9432
  QMMM:    17       17      H       20.4294   14.6594    4.5979
  QMMM:    18       18      O       17.8535   18.3912    5.2070
  QMMM:    19       19      H       18.4164   19.1627    7.7433
  QMMM:    20       20      H       21.2570   17.8877    9.6188
  QMMM:    21       21      H       19.9262   19.1038    9.5887
  QMMM:    22       22      H       21.2473   15.6180    9.4557
  QMMM:    23       23      H       17.2644   17.1496   10.7749
  QMMM:    24       24      C       22.5400   13.3872    8.5678
  QMMM:    25       25      H       23.6226   13.6151    8.3994
  QMMM:    26       26      H       22.3218   13.4997    9.6595
  QMMM:    27       27      H       22.3577   12.3237    8.2760

           --------- Calculation Completed ----------

