/home/jguven/Software/miniconda3/envs/bss-d/lib/python3.9/site-packages/numpy/core/getlimits.py:499: UserWarning: The value of the smallest subnormal for <class 'numpy.float64'> type is zero.
  setattr(self, word, getattr(machar, word).flat[0])
/home/jguven/Software/miniconda3/envs/bss-d/lib/python3.9/site-packages/numpy/core/getlimits.py:89: UserWarning: The value of the smallest subnormal for <class 'numpy.float64'> type is zero.
  return self._float_to_str(self.smallest_subnormal)
/home/jguven/Software/miniconda3/envs/bss-d/lib/python3.9/site-packages/numpy/core/getlimits.py:499: UserWarning: The value of the smallest subnormal for <class 'numpy.float32'> type is zero.
  setattr(self, word, getattr(machar, word).flat[0])
/home/jguven/Software/miniconda3/envs/bss-d/lib/python3.9/site-packages/numpy/core/getlimits.py:89: UserWarning: The value of the smallest subnormal for <class 'numpy.float32'> type is zero.
  return self._float_to_str(self.smallest_subnormal)
Warning: importing 'simtk.openmm' is deprecated.  Import 'openmm' instead.

==============================================================
Sending anonymous Sire usage statistics to http://siremol.org.
For more information, see http://siremol.org/analytics
To disable, set the environment variable 'SIRE_DONT_PHONEHOME' to 1
To see the information sent, set the environment variable 
SIRE_VERBOSE_PHONEHOME equal to 1. To silence this message, set
the environment variable SIRE_SILENT_PHONEHOME to 1.
==============================================================

program: equilibration.py, index: 8
---------------------------
Working on solvated ligand.

Minimising in 500 steps.

 <BioSimSpace.Process.Gromacs: system=<BioSimSpace.System: nMolecules=679>, protocol=BioSimSpace.Protocol.Minimisation(steps=500), exe='/opt/bin/bin/gmx', name='gromacs', work_dir='/tmp/tmpseuaxzo1', seed=None>

 Runtime: 0.0730 mins
Finished minimisation.

NVT equilibration for 5 ps while restraining all non-solvent atoms.

 <BioSimSpace.Process.Gromacs: system=<BioSimSpace.System: nMolecules=679>, protocol=BioSimSpace.Protocol.Equilibration(timestep=2.0000 fs, runtime=5.0000 ps, temperature_start=0.0100 K, temperature_end=300.0000 K, pressure=None, report_interval=100, restart_interval=500, restraint='all', force_constant=10.00), exe='/opt/bin/bin/gmx', name='gromacs', work_dir='/tmp/tmps_jzx2_u', seed=None>

 Runtime: 0.1355 mins
Finished restrained NVT.

NVT equilibration for 50 ps without restraints.

 <BioSimSpace.Process.Gromacs: system=<BioSimSpace.System: nMolecules=679>, protocol=BioSimSpace.Protocol.Equilibration(timestep=2.0000 fs, runtime=50.0000 ps, temperature_start=300.0000 K, temperature_end=300.0000 K, pressure=None, report_interval=100, restart_interval=500, restraint=None, force_constant=10.00), exe='/opt/bin/bin/gmx', name='gromacs', work_dir='/tmp/tmp2yrytkvz', seed=None>

 Runtime: 1.3987 mins
Finished unrestrained NVT.

NPT equilibration for 200 ps while restraining non-solvent heavy atoms.

 <BioSimSpace.Process.Gromacs: system=<BioSimSpace.System: nMolecules=679>, protocol=BioSimSpace.Protocol.Equilibration(timestep=2.0000 fs, runtime=200.0000 ps, temperature_start=300.0000 K, temperature_end=300.0000 K, pressure=1.0000 atm, report_interval=100, restart_interval=500, restraint='heavy', force_constant=10.00), exe='/opt/bin/bin/gmx', name='gromacs', work_dir='/tmp/tmpwhxco3ag', seed=None>

 Runtime: 5.3633 mins
Finished restrained NPT.

NPT equilibration for 200 ps without restraints.

 <BioSimSpace.Process.Gromacs: system=<BioSimSpace.System: nMolecules=679>, protocol=BioSimSpace.Protocol.Equilibration(timestep=2.0000 fs, runtime=200.0000 ps, temperature_start=300.0000 K, temperature_end=300.0000 K, pressure=1.0000 atm, report_interval=100, restart_interval=500, restraint=None, force_constant=10.00), exe='/opt/bin/bin/gmx', name='gromacs', work_dir='/tmp/tmp_3jpp7tk', seed=None>

 Runtime: 5.6358 mins
Finished equilibrating ligand.
---------------------------
Working on solvated ligand+protein.

Minimising in 500 steps..

 <BioSimSpace.Process.Gromacs: system=<BioSimSpace.System: nMolecules=16836>, protocol=BioSimSpace.Protocol.Minimisation(steps=500), exe='/opt/bin/bin/gmx', name='gromacs', work_dir='/tmp/tmp2jlurvy6', seed=None>

 Runtime: 1.8684 mins
Finished minimisation.

NVT equilibration for 5 ps while restraining all non-solvent atoms.

 <BioSimSpace.Process.Gromacs: system=<BioSimSpace.System: nMolecules=679>, protocol=BioSimSpace.Protocol.Equilibration(timestep=2.0000 fs, runtime=5.0000 ps, temperature_start=0.0100 K, temperature_end=300.0000 K, pressure=None, report_interval=100, restart_interval=500, restraint='all', force_constant=10.00), exe='/opt/bin/bin/gmx', name='gromacs', work_dir='/tmp/tmpwalqw3fg', seed=None>

 Runtime: 0.1164 mins
Finished restrained NVT.

NVT equilibration for 50 ps while restraining all backbone atoms.

 <BioSimSpace.Process.Gromacs: system=<BioSimSpace.System: nMolecules=679>, protocol=BioSimSpace.Protocol.Equilibration(timestep=2.0000 fs, runtime=50.0000 ps, temperature_start=300.0000 K, temperature_end=300.0000 K, pressure=None, report_interval=100, restart_interval=500, restraint='backbone', force_constant=10.00), exe='/opt/bin/bin/gmx', name='gromacs', work_dir='/tmp/tmpfbbzy7qy', seed=None>

 Runtime: 1.3285 mins
Finished backbone-restrained NVT.

NVT equilibration for 50 ps without restraints.

 <BioSimSpace.Process.Gromacs: system=<BioSimSpace.System: nMolecules=679>, protocol=BioSimSpace.Protocol.Equilibration(timestep=2.0000 fs, runtime=50.0000 ps, temperature_start=300.0000 K, temperature_end=300.0000 K, pressure=None, report_interval=100, restart_interval=500, restraint=None, force_constant=10.00), exe='/opt/bin/bin/gmx', name='gromacs', work_dir='/tmp/tmpn1g6sq2v', seed=None>

 Runtime: 1.2001 mins
Finished NVT.

NPT equilibration for 200 ps while restraining non-solvent heavy atoms.

 <BioSimSpace.Process.Gromacs: system=<BioSimSpace.System: nMolecules=679>, protocol=BioSimSpace.Protocol.Equilibration(timestep=2.0000 fs, runtime=200.0000 ps, temperature_start=300.0000 K, temperature_end=300.0000 K, pressure=1.0000 atm, report_interval=100, restart_interval=500, restraint='heavy', force_constant=10.00), exe='/opt/bin/bin/gmx', name='gromacs', work_dir='/tmp/tmph9l1a5in', seed=None>

 Runtime: 5.4004 mins
Finished restrained NPT.

NPT equilibration for 200 ps without restraints.

 <BioSimSpace.Process.Gromacs: system=<BioSimSpace.System: nMolecules=679>, protocol=BioSimSpace.Protocol.Equilibration(timestep=2.0000 fs, runtime=200.0000 ps, temperature_start=300.0000 K, temperature_end=300.0000 K, pressure=1.0000 atm, report_interval=100, restart_interval=500, restraint=None, force_constant=10.00), exe='/opt/bin/bin/gmx', name='gromacs', work_dir='/tmp/tmps98anear', seed=None>

 Runtime: 4.2497 mins
Finished equilibrating ligand-protein system.
Saving solvated/equilibrated systems.
Ligand:
<BioSimSpace.System: nMolecules=679>

 Ligand + protein:
<BioSimSpace.System: nMolecules=679>
First 20 molecules in ligand + protein system:
<BioSimSpace.Molecule: nAtoms=31, nResidues=1>
<BioSimSpace.Molecule: nAtoms=3, nResidues=1>
<BioSimSpace.Molecule: nAtoms=3, nResidues=1>
<BioSimSpace.Molecule: nAtoms=3, nResidues=1>
<BioSimSpace.Molecule: nAtoms=3, nResidues=1>
<BioSimSpace.Molecule: nAtoms=3, nResidues=1>
<BioSimSpace.Molecule: nAtoms=3, nResidues=1>
<BioSimSpace.Molecule: nAtoms=3, nResidues=1>
<BioSimSpace.Molecule: nAtoms=3, nResidues=1>
<BioSimSpace.Molecule: nAtoms=3, nResidues=1>
<BioSimSpace.Molecule: nAtoms=3, nResidues=1>
<BioSimSpace.Molecule: nAtoms=3, nResidues=1>
<BioSimSpace.Molecule: nAtoms=3, nResidues=1>
<BioSimSpace.Molecule: nAtoms=3, nResidues=1>
<BioSimSpace.Molecule: nAtoms=3, nResidues=1>
<BioSimSpace.Molecule: nAtoms=3, nResidues=1>
<BioSimSpace.Molecule: nAtoms=3, nResidues=1>
<BioSimSpace.Molecule: nAtoms=3, nResidues=1>
<BioSimSpace.Molecule: nAtoms=3, nResidues=1>
<BioSimSpace.Molecule: nAtoms=3, nResidues=1>
Done.
