/home/jguven/Software/miniconda3/envs/bss-d/lib/python3.9/site-packages/numpy/core/getlimits.py:499: UserWarning: The value of the smallest subnormal for <class 'numpy.float64'> type is zero.
  setattr(self, word, getattr(machar, word).flat[0])
/home/jguven/Software/miniconda3/envs/bss-d/lib/python3.9/site-packages/numpy/core/getlimits.py:89: UserWarning: The value of the smallest subnormal for <class 'numpy.float64'> type is zero.
  return self._float_to_str(self.smallest_subnormal)
/home/jguven/Software/miniconda3/envs/bss-d/lib/python3.9/site-packages/numpy/core/getlimits.py:499: UserWarning: The value of the smallest subnormal for <class 'numpy.float32'> type is zero.
  setattr(self, word, getattr(machar, word).flat[0])
/home/jguven/Software/miniconda3/envs/bss-d/lib/python3.9/site-packages/numpy/core/getlimits.py:89: UserWarning: The value of the smallest subnormal for <class 'numpy.float32'> type is zero.
  return self._float_to_str(self.smallest_subnormal)
Warning: importing 'simtk.openmm' is deprecated.  Import 'openmm' instead.
program: equilibration.py, index: 14

==============================================================
Sending anonymous Sire usage statistics to http://siremol.org.
For more information, see http://siremol.org/analytics
To disable, set the environment variable 'SIRE_DONT_PHONEHOME' to 1
To see the information sent, set the environment variable 
SIRE_VERBOSE_PHONEHOME equal to 1. To silence this message, set
the environment variable SIRE_SILENT_PHONEHOME to 1.
==============================================================

---------------------------
Working on solvated ligand.

Minimising in 500 steps.

 <BioSimSpace.Process.Gromacs: system=<BioSimSpace.System: nMolecules=672>, protocol=BioSimSpace.Protocol.Minimisation(steps=500), exe='/opt/bin/bin/gmx', name='gromacs', work_dir='/tmp/tmpshre5o2p', seed=None>

 Runtime: 0.1035 mins
Finished minimisation.

NVT equilibration for 5 ps while restraining all non-solvent atoms.

 <BioSimSpace.Process.Gromacs: system=<BioSimSpace.System: nMolecules=672>, protocol=BioSimSpace.Protocol.Equilibration(timestep=2.0000 fs, runtime=5.0000 ps, temperature_start=0.0100 K, temperature_end=300.0000 K, pressure=None, report_interval=100, restart_interval=500, restraint='all', force_constant=10.00), exe='/opt/bin/bin/gmx', name='gromacs', work_dir='/tmp/tmpy5wd09bj', seed=None>

 Runtime: 0.1444 mins
Finished restrained NVT.

NVT equilibration for 50 ps without restraints.

 <BioSimSpace.Process.Gromacs: system=<BioSimSpace.System: nMolecules=672>, protocol=BioSimSpace.Protocol.Equilibration(timestep=2.0000 fs, runtime=50.0000 ps, temperature_start=300.0000 K, temperature_end=300.0000 K, pressure=None, report_interval=100, restart_interval=500, restraint=None, force_constant=10.00), exe='/opt/bin/bin/gmx', name='gromacs', work_dir='/tmp/tmp_chiu_8c', seed=None>

 Runtime: 1.3773 mins
Finished unrestrained NVT.

NPT equilibration for 200 ps while restraining non-solvent heavy atoms.

 <BioSimSpace.Process.Gromacs: system=<BioSimSpace.System: nMolecules=672>, protocol=BioSimSpace.Protocol.Equilibration(timestep=2.0000 fs, runtime=200.0000 ps, temperature_start=300.0000 K, temperature_end=300.0000 K, pressure=1.0000 atm, report_interval=100, restart_interval=500, restraint='heavy', force_constant=10.00), exe='/opt/bin/bin/gmx', name='gromacs', work_dir='/tmp/tmpzdgqy_8e', seed=None>

 Runtime: 5.6011 mins
Finished restrained NPT.

NPT equilibration for 200 ps without restraints.

 <BioSimSpace.Process.Gromacs: system=<BioSimSpace.System: nMolecules=672>, protocol=BioSimSpace.Protocol.Equilibration(timestep=2.0000 fs, runtime=200.0000 ps, temperature_start=300.0000 K, temperature_end=300.0000 K, pressure=1.0000 atm, report_interval=100, restart_interval=500, restraint=None, force_constant=10.00), exe='/opt/bin/bin/gmx', name='gromacs', work_dir='/tmp/tmpf7gpimu_', seed=None>

 Runtime: 5.5837 mins
Finished equilibrating ligand.
---------------------------
Working on solvated ligand+protein.

Minimising in 500 steps..

 <BioSimSpace.Process.Gromacs: system=<BioSimSpace.System: nMolecules=16839>, protocol=BioSimSpace.Protocol.Minimisation(steps=500), exe='/opt/bin/bin/gmx', name='gromacs', work_dir='/tmp/tmpd4ilpkma', seed=None>

 Runtime: 1.8502 mins
Finished minimisation.

NVT equilibration for 5 ps while restraining all non-solvent atoms.

 <BioSimSpace.Process.Gromacs: system=<BioSimSpace.System: nMolecules=672>, protocol=BioSimSpace.Protocol.Equilibration(timestep=2.0000 fs, runtime=5.0000 ps, temperature_start=0.0100 K, temperature_end=300.0000 K, pressure=None, report_interval=100, restart_interval=500, restraint='all', force_constant=10.00), exe='/opt/bin/bin/gmx', name='gromacs', work_dir='/tmp/tmpi8golvln', seed=None>

 Runtime: 0.0987 mins
Finished restrained NVT.

NVT equilibration for 50 ps while restraining all backbone atoms.

 <BioSimSpace.Process.Gromacs: system=<BioSimSpace.System: nMolecules=672>, protocol=BioSimSpace.Protocol.Equilibration(timestep=2.0000 fs, runtime=50.0000 ps, temperature_start=300.0000 K, temperature_end=300.0000 K, pressure=None, report_interval=100, restart_interval=500, restraint='backbone', force_constant=10.00), exe='/opt/bin/bin/gmx', name='gromacs', work_dir='/tmp/tmpmb6ldeet', seed=None>

 Runtime: 1.2907 mins
Finished backbone-restrained NVT.

NVT equilibration for 50 ps without restraints.

 <BioSimSpace.Process.Gromacs: system=<BioSimSpace.System: nMolecules=672>, protocol=BioSimSpace.Protocol.Equilibration(timestep=2.0000 fs, runtime=50.0000 ps, temperature_start=300.0000 K, temperature_end=300.0000 K, pressure=None, report_interval=100, restart_interval=500, restraint=None, force_constant=10.00), exe='/opt/bin/bin/gmx', name='gromacs', work_dir='/tmp/tmpdvi9ka0u', seed=None>

 Runtime: 1.3076 mins
Finished NVT.

NPT equilibration for 200 ps while restraining non-solvent heavy atoms.

 <BioSimSpace.Process.Gromacs: system=<BioSimSpace.System: nMolecules=672>, protocol=BioSimSpace.Protocol.Equilibration(timestep=2.0000 fs, runtime=200.0000 ps, temperature_start=300.0000 K, temperature_end=300.0000 K, pressure=1.0000 atm, report_interval=100, restart_interval=500, restraint='heavy', force_constant=10.00), exe='/opt/bin/bin/gmx', name='gromacs', work_dir='/tmp/tmp6d3lv_qe', seed=None>

 Runtime: 5.2514 mins
Finished restrained NPT.

NPT equilibration for 200 ps without restraints.

 <BioSimSpace.Process.Gromacs: system=<BioSimSpace.System: nMolecules=672>, protocol=BioSimSpace.Protocol.Equilibration(timestep=2.0000 fs, runtime=200.0000 ps, temperature_start=300.0000 K, temperature_end=300.0000 K, pressure=1.0000 atm, report_interval=100, restart_interval=500, restraint=None, force_constant=10.00), exe='/opt/bin/bin/gmx', name='gromacs', work_dir='/tmp/tmp5154ebqr', seed=None>

 Runtime: 4.4927 mins
Finished equilibrating ligand-protein system.
Saving solvated/equilibrated systems.
Ligand:
<BioSimSpace.System: nMolecules=672>

 Ligand + protein:
<BioSimSpace.System: nMolecules=672>
First 20 molecules in ligand + protein system:
<BioSimSpace.Molecule: nAtoms=24, nResidues=1>
<BioSimSpace.Molecule: nAtoms=3, nResidues=1>
<BioSimSpace.Molecule: nAtoms=3, nResidues=1>
<BioSimSpace.Molecule: nAtoms=3, nResidues=1>
<BioSimSpace.Molecule: nAtoms=3, nResidues=1>
<BioSimSpace.Molecule: nAtoms=3, nResidues=1>
<BioSimSpace.Molecule: nAtoms=3, nResidues=1>
<BioSimSpace.Molecule: nAtoms=3, nResidues=1>
<BioSimSpace.Molecule: nAtoms=3, nResidues=1>
<BioSimSpace.Molecule: nAtoms=3, nResidues=1>
<BioSimSpace.Molecule: nAtoms=3, nResidues=1>
<BioSimSpace.Molecule: nAtoms=3, nResidues=1>
<BioSimSpace.Molecule: nAtoms=3, nResidues=1>
<BioSimSpace.Molecule: nAtoms=3, nResidues=1>
<BioSimSpace.Molecule: nAtoms=3, nResidues=1>
<BioSimSpace.Molecule: nAtoms=3, nResidues=1>
<BioSimSpace.Molecule: nAtoms=3, nResidues=1>
<BioSimSpace.Molecule: nAtoms=3, nResidues=1>
<BioSimSpace.Molecule: nAtoms=3, nResidues=1>
<BioSimSpace.Molecule: nAtoms=3, nResidues=1>
Done.
