OPENCL SOMD SCRIPT
Running on device: 0
cd ../outputs/SOMD/lig_h_1~lig_h_16/
bound
bound
lambda is:  0.0000 a t bound  for  lig_h_1~lig_h_16
cd lambda_0.0000
production run...

Loading configuration information from file ./somd.cfg

Running a somd-freenrg calculation using files ./somd.prm7, ./somd.rst7 and ./somd.pert.
Using parameters:
===============
barostat == True
buffered coordinates frequency == 2000
constraint == hbonds-notperturbed
crdfile == ./somd.rst7
cutoff distance == 10 angstrom
cutoff type == cutoffperiodic
energy frequency == 250
equilibrate == False
lambda array == (0.0, 0.1, 0.2, 0.3, 0.4, 0.5, 0.6, 0.7, 0.8, 0.9, 1.0)
lambda_val == 0.0
minimise == True
morphfile == ./somd.pert
ncycles == 5
ncycles_per_snap == 1
nmoves == 200000
perturbed residue number == 739
platform == OpenCL
pressure == 1 atm
reaction field dielectric == 78.3
save coordinates == True
temperature == 300 t
thermostat == True
timestep == 0.002 ps
topfile == ./somd.prm7
===============
### Running Single Topology Molecular Dynamics Free Energy on unknown ###
###================Setting up calculation=====================###
Index GPU = 0 
Loaded a restart file on which we have performed 3400000 moves.
There are 2240 atoms in the group 
###===========================================================###

###=======================Minimisation========================###
Running minimisation.
Energy before the minimisation: -7344.36 kcal mol-1
Tolerance for minimisation: 1
Maximum number of minimisation iterations: 1000

==============================================================
Sending anonymous Sire usage statistics to http://siremol.org.
For more information, see http://siremol.org/analytics
To disable, set the environment variable 'SIRE_DONT_PHONEHOME' to 1
To see the information sent, set the environment variable 
SIRE_VERBOSE_PHONEHOME equal to 1. To silence this message, set
the environment variable SIRE_SILENT_PHONEHOME to 1.
==============================================================

Energy after the minimization: -9243.09 kcal mol-1
Energy minimization done.
###===========================================================###

###====================somd-freenrg run=======================###
Starting somd-freenrg run...
200000 moves 5 cycles, 2000 ps simulation time

Cycle =  18 

Backing up previous restart
Saving new restart

Cycle =  19 

Backing up previous restart
Saving new restart

Cycle =  20 

Backing up previous restart
Saving new restart

Cycle =  21 

Backing up previous restart
Saving new restart

Cycle =  22 

Backing up previous restart
Saving new restart
Simulation took 4384 s 
###===========================================================###

Clearing buffers...
Starting somd-freenrg: number of threads equals 20
/home/jguven/projects/metalloproteins/execution_model/outputs/SOMD/lig_h_1~lig_h_16/bound
lambda is:  0.1000 a t bound  for  lig_h_1~lig_h_16
cd lambda_0.1000
production run...

Loading configuration information from file ./somd.cfg

Running a somd-freenrg calculation using files ./somd.prm7, ./somd.rst7 and ./somd.pert.
Using parameters:
===============
barostat == True
buffered coordinates frequency == 2000
constraint == hbonds-notperturbed
crdfile == ./somd.rst7
cutoff distance == 10 angstrom
cutoff type == cutoffperiodic
energy frequency == 250
equilibrate == False
lambda array == (0.0, 0.1, 0.2, 0.3, 0.4, 0.5, 0.6, 0.7, 0.8, 0.9, 1.0)
lambda_val == 0.1
minimise == True
morphfile == ./somd.pert
ncycles == 5
ncycles_per_snap == 1
nmoves == 200000
perturbed residue number == 739
platform == OpenCL
pressure == 1 atm
reaction field dielectric == 78.3
save coordinates == True
temperature == 300 t
thermostat == True
timestep == 0.002 ps
topfile == ./somd.prm7
===============
### Running Single Topology Molecular Dynamics Free Energy on unknown ###
###================Setting up calculation=====================###
New run. Loading input and creating restart
lambda is 0.1
Create the System...
Selecting dummy groups
Creating force fields... 
Setting up moves...
Created a MD move that uses OpenMM for all molecules on 0 
Saving restart
Setting up sim file. 
There are 2240 atoms in the group 
###===========================================================###

###=======================Minimisation========================###
Running minimisation.
Energy before the minimisation: -7367.18 kcal mol-1
Tolerance for minimisation: 1
Maximum number of minimisation iterations: 1000

==============================================================
Sending anonymous Sire usage statistics to http://siremol.org.
For more information, see http://siremol.org/analytics
To disable, set the environment variable 'SIRE_DONT_PHONEHOME' to 1
To see the information sent, set the environment variable 
SIRE_VERBOSE_PHONEHOME equal to 1. To silence this message, set
the environment variable SIRE_SILENT_PHONEHOME to 1.
==============================================================

Energy after the minimization: -9261.54 kcal mol-1
Energy minimization done.
###===========================================================###

###====================somd-freenrg run=======================###
Starting somd-freenrg run...
200000 moves 5 cycles, 2000 ps simulation time

Cycle =  1 

Backing up previous restart
Saving new restart

Cycle =  2 

Backing up previous restart
Saving new restart

Cycle =  3 

Backing up previous restart
Saving new restart

Cycle =  4 

Backing up previous restart
Saving new restart

Cycle =  5 

Backing up previous restart
Saving new restart
Simulation took 4417 s 
###===========================================================###

Clearing buffers...
Starting somd-freenrg: number of threads equals 20
/home/jguven/projects/metalloproteins/execution_model/outputs/SOMD/lig_h_1~lig_h_16/bound
lambda is:  0.2000 a t bound  for  lig_h_1~lig_h_16
cd lambda_0.2000
production run...

Loading configuration information from file ./somd.cfg

Running a somd-freenrg calculation using files ./somd.prm7, ./somd.rst7 and ./somd.pert.
Using parameters:
===============
barostat == True
buffered coordinates frequency == 2000
constraint == hbonds-notperturbed
crdfile == ./somd.rst7
cutoff distance == 10 angstrom
cutoff type == cutoffperiodic
energy frequency == 250
equilibrate == False
lambda array == (0.0, 0.1, 0.2, 0.3, 0.4, 0.5, 0.6, 0.7, 0.8, 0.9, 1.0)
lambda_val == 0.2
minimise == True
morphfile == ./somd.pert
ncycles == 5
ncycles_per_snap == 1
nmoves == 200000
perturbed residue number == 739
platform == OpenCL
pressure == 1 atm
reaction field dielectric == 78.3
save coordinates == True
temperature == 300 t
thermostat == True
timestep == 0.002 ps
topfile == ./somd.prm7
===============
### Running Single Topology Molecular Dynamics Free Energy on unknown ###
###================Setting up calculation=====================###
New run. Loading input and creating restart
lambda is 0.2
Create the System...
Selecting dummy groups
Creating force fields... 
Setting up moves...
Created a MD move that uses OpenMM for all molecules on 0 
Saving restart
Setting up sim file. 
There are 2240 atoms in the group 
###===========================================================###

###=======================Minimisation========================###
Running minimisation.
Energy before the minimisation: -7367.18 kcal mol-1
Tolerance for minimisation: 1
Maximum number of minimisation iterations: 1000

==============================================================
Sending anonymous Sire usage statistics to http://siremol.org.
For more information, see http://siremol.org/analytics
To disable, set the environment variable 'SIRE_DONT_PHONEHOME' to 1
To see the information sent, set the environment variable 
SIRE_VERBOSE_PHONEHOME equal to 1. To silence this message, set
the environment variable SIRE_SILENT_PHONEHOME to 1.
==============================================================

Energy after the minimization: -9259.37 kcal mol-1
Energy minimization done.
###===========================================================###

###====================somd-freenrg run=======================###
Starting somd-freenrg run...
200000 moves 5 cycles, 2000 ps simulation time

Cycle =  1 

Backing up previous restart
Saving new restart

Cycle =  2 

Backing up previous restart
Saving new restart

Cycle =  3 

Backing up previous restart
Saving new restart

Cycle =  4 

Backing up previous restart
Saving new restart

Cycle =  5 

Backing up previous restart
Saving new restart
Simulation took 4412 s 
###===========================================================###

Clearing buffers...
Starting somd-freenrg: number of threads equals 20
/home/jguven/projects/metalloproteins/execution_model/outputs/SOMD/lig_h_1~lig_h_16/bound
lambda is:  0.3000 a t bound  for  lig_h_1~lig_h_16
cd lambda_0.3000
production run...

Loading configuration information from file ./somd.cfg

Running a somd-freenrg calculation using files ./somd.prm7, ./somd.rst7 and ./somd.pert.
Using parameters:
===============
barostat == True
buffered coordinates frequency == 2000
constraint == hbonds-notperturbed
crdfile == ./somd.rst7
cutoff distance == 10 angstrom
cutoff type == cutoffperiodic
energy frequency == 250
equilibrate == False
lambda array == (0.0, 0.1, 0.2, 0.3, 0.4, 0.5, 0.6, 0.7, 0.8, 0.9, 1.0)
lambda_val == 0.3
minimise == True
morphfile == ./somd.pert
ncycles == 5
ncycles_per_snap == 1
nmoves == 200000
perturbed residue number == 739
platform == OpenCL
pressure == 1 atm
reaction field dielectric == 78.3
save coordinates == True
temperature == 300 t
thermostat == True
timestep == 0.002 ps
topfile == ./somd.prm7
===============
### Running Single Topology Molecular Dynamics Free Energy on unknown ###
###================Setting up calculation=====================###
New run. Loading input and creating restart
lambda is 0.3
Create the System...
Selecting dummy groups
Creating force fields... 
Setting up moves...
Created a MD move that uses OpenMM for all molecules on 0 
Saving restart
Setting up sim file. 
There are 2240 atoms in the group 
###===========================================================###

###=======================Minimisation========================###
Running minimisation.
Energy before the minimisation: -7367.18 kcal mol-1
Tolerance for minimisation: 1
Maximum number of minimisation iterations: 1000

==============================================================
Sending anonymous Sire usage statistics to http://siremol.org.
For more information, see http://siremol.org/analytics
To disable, set the environment variable 'SIRE_DONT_PHONEHOME' to 1
To see the information sent, set the environment variable 
SIRE_VERBOSE_PHONEHOME equal to 1. To silence this message, set
the environment variable SIRE_SILENT_PHONEHOME to 1.
==============================================================

Energy after the minimization: -9264.66 kcal mol-1
Energy minimization done.
###===========================================================###

###====================somd-freenrg run=======================###
Starting somd-freenrg run...
200000 moves 5 cycles, 2000 ps simulation time

Cycle =  1 

Backing up previous restart
Saving new restart

Cycle =  2 

Backing up previous restart
Saving new restart

Cycle =  3 

Backing up previous restart
Saving new restart

Cycle =  4 

Backing up previous restart
Saving new restart

Cycle =  5 

Backing up previous restart
Saving new restart
Simulation took 4413 s 
###===========================================================###

Clearing buffers...
Starting somd-freenrg: number of threads equals 20
/home/jguven/projects/metalloproteins/execution_model/outputs/SOMD/lig_h_1~lig_h_16/bound
lambda is:  0.4000 a t bound  for  lig_h_1~lig_h_16
cd lambda_0.4000
production run...

Loading configuration information from file ./somd.cfg

Running a somd-freenrg calculation using files ./somd.prm7, ./somd.rst7 and ./somd.pert.
Using parameters:
===============
barostat == True
buffered coordinates frequency == 2000
constraint == hbonds-notperturbed
crdfile == ./somd.rst7
cutoff distance == 10 angstrom
cutoff type == cutoffperiodic
energy frequency == 250
equilibrate == False
lambda array == (0.0, 0.1, 0.2, 0.3, 0.4, 0.5, 0.6, 0.7, 0.8, 0.9, 1.0)
lambda_val == 0.4
minimise == True
morphfile == ./somd.pert
ncycles == 5
ncycles_per_snap == 1
nmoves == 200000
perturbed residue number == 739
platform == OpenCL
pressure == 1 atm
reaction field dielectric == 78.3
save coordinates == True
temperature == 300 t
thermostat == True
timestep == 0.002 ps
topfile == ./somd.prm7
===============
### Running Single Topology Molecular Dynamics Free Energy on unknown ###
###================Setting up calculation=====================###
New run. Loading input and creating restart
lambda is 0.4
Create the System...
Selecting dummy groups
Creating force fields... 
Setting up moves...
Created a MD move that uses OpenMM for all molecules on 0 
Saving restart
Setting up sim file. 
There are 2240 atoms in the group 
###===========================================================###

###=======================Minimisation========================###
Running minimisation.
Energy before the minimisation: -7367.18 kcal mol-1
Tolerance for minimisation: 1
Maximum number of minimisation iterations: 1000

==============================================================
Sending anonymous Sire usage statistics to http://siremol.org.
For more information, see http://siremol.org/analytics
To disable, set the environment variable 'SIRE_DONT_PHONEHOME' to 1
To see the information sent, set the environment variable 
SIRE_VERBOSE_PHONEHOME equal to 1. To silence this message, set
the environment variable SIRE_SILENT_PHONEHOME to 1.
==============================================================

Energy after the minimization: -9263.66 kcal mol-1
Energy minimization done.
###===========================================================###

###====================somd-freenrg run=======================###
Starting somd-freenrg run...
200000 moves 5 cycles, 2000 ps simulation time

Cycle =  1 

Backing up previous restart
Saving new restart

Cycle =  2 

Backing up previous restart
Saving new restart

Cycle =  3 

Backing up previous restart
Saving new restart

Cycle =  4 

Backing up previous restart
Saving new restart

Cycle =  5 

Backing up previous restart
Saving new restart
Simulation took 4416 s 
###===========================================================###

Clearing buffers...
Starting somd-freenrg: number of threads equals 20
/home/jguven/projects/metalloproteins/execution_model/outputs/SOMD/lig_h_1~lig_h_16/bound
lambda is:  0.5000 a t bound  for  lig_h_1~lig_h_16
cd lambda_0.5000
production run...

Loading configuration information from file ./somd.cfg

Running a somd-freenrg calculation using files ./somd.prm7, ./somd.rst7 and ./somd.pert.
Using parameters:
===============
barostat == True
buffered coordinates frequency == 2000
constraint == hbonds-notperturbed
crdfile == ./somd.rst7
cutoff distance == 10 angstrom
cutoff type == cutoffperiodic
energy frequency == 250
equilibrate == False
lambda array == (0.0, 0.1, 0.2, 0.3, 0.4, 0.5, 0.6, 0.7, 0.8, 0.9, 1.0)
lambda_val == 0.5
minimise == True
morphfile == ./somd.pert
ncycles == 5
ncycles_per_snap == 1
nmoves == 200000
perturbed residue number == 739
platform == OpenCL
pressure == 1 atm
reaction field dielectric == 78.3
save coordinates == True
temperature == 300 t
thermostat == True
timestep == 0.002 ps
topfile == ./somd.prm7
===============
### Running Single Topology Molecular Dynamics Free Energy on unknown ###
###================Setting up calculation=====================###
New run. Loading input and creating restart
lambda is 0.5
Create the System...
Selecting dummy groups
Creating force fields... 
Setting up moves...
Created a MD move that uses OpenMM for all molecules on 0 
Saving restart
Setting up sim file. 
There are 2240 atoms in the group 
###===========================================================###

###=======================Minimisation========================###
Running minimisation.
Energy before the minimisation: -7367.18 kcal mol-1
Tolerance for minimisation: 1
Maximum number of minimisation iterations: 1000

==============================================================
Sending anonymous Sire usage statistics to http://siremol.org.
For more information, see http://siremol.org/analytics
To disable, set the environment variable 'SIRE_DONT_PHONEHOME' to 1
To see the information sent, set the environment variable 
SIRE_VERBOSE_PHONEHOME equal to 1. To silence this message, set
the environment variable SIRE_SILENT_PHONEHOME to 1.
==============================================================

Energy after the minimization: -9263.4 kcal mol-1
Energy minimization done.
###===========================================================###

###====================somd-freenrg run=======================###
Starting somd-freenrg run...
200000 moves 5 cycles, 2000 ps simulation time

Cycle =  1 

Backing up previous restart
Saving new restart

Cycle =  2 

Backing up previous restart
Saving new restart

Cycle =  3 

Backing up previous restart
Saving new restart

Cycle =  4 

Backing up previous restart
Saving new restart

Cycle =  5 

Backing up previous restart
Saving new restart
Simulation took 4417 s 
###===========================================================###

Clearing buffers...
Starting somd-freenrg: number of threads equals 20
/home/jguven/projects/metalloproteins/execution_model/outputs/SOMD/lig_h_1~lig_h_16/bound
lambda is:  0.6000 a t bound  for  lig_h_1~lig_h_16
cd lambda_0.6000
production run...

Loading configuration information from file ./somd.cfg

Running a somd-freenrg calculation using files ./somd.prm7, ./somd.rst7 and ./somd.pert.
Using parameters:
===============
barostat == True
buffered coordinates frequency == 2000
constraint == hbonds-notperturbed
crdfile == ./somd.rst7
cutoff distance == 10 angstrom
cutoff type == cutoffperiodic
energy frequency == 250
equilibrate == False
lambda array == (0.0, 0.1, 0.2, 0.3, 0.4, 0.5, 0.6, 0.7, 0.8, 0.9, 1.0)
lambda_val == 0.6
minimise == True
morphfile == ./somd.pert
ncycles == 5
ncycles_per_snap == 1
nmoves == 200000
perturbed residue number == 739
platform == OpenCL
pressure == 1 atm
reaction field dielectric == 78.3
save coordinates == True
temperature == 300 t
thermostat == True
timestep == 0.002 ps
topfile == ./somd.prm7
===============
### Running Single Topology Molecular Dynamics Free Energy on unknown ###
###================Setting up calculation=====================###
New run. Loading input and creating restart
lambda is 0.6
Create the System...
Selecting dummy groups
Creating force fields... 
Setting up moves...
Created a MD move that uses OpenMM for all molecules on 0 
Saving restart
Setting up sim file. 
There are 2240 atoms in the group 
###===========================================================###

###=======================Minimisation========================###
Running minimisation.
Energy before the minimisation: -7367.18 kcal mol-1
Tolerance for minimisation: 1
Maximum number of minimisation iterations: 1000

==============================================================
Sending anonymous Sire usage statistics to http://siremol.org.
For more information, see http://siremol.org/analytics
To disable, set the environment variable 'SIRE_DONT_PHONEHOME' to 1
To see the information sent, set the environment variable 
SIRE_VERBOSE_PHONEHOME equal to 1. To silence this message, set
the environment variable SIRE_SILENT_PHONEHOME to 1.
==============================================================

Energy after the minimization: -9268.57 kcal mol-1
Energy minimization done.
###===========================================================###

###====================somd-freenrg run=======================###
Starting somd-freenrg run...
200000 moves 5 cycles, 2000 ps simulation time

Cycle =  1 

Backing up previous restart
Saving new restart

Cycle =  2 

Backing up previous restart
Saving new restart

Cycle =  3 

Backing up previous restart
Saving new restart

Cycle =  4 

Backing up previous restart
Saving new restart

Cycle =  5 

Backing up previous restart
Saving new restart
Simulation took 4413 s 
###===========================================================###

Clearing buffers...
Starting somd-freenrg: number of threads equals 20
/home/jguven/projects/metalloproteins/execution_model/outputs/SOMD/lig_h_1~lig_h_16/bound
lambda is:  0.7000 a t bound  for  lig_h_1~lig_h_16
cd lambda_0.7000
production run...

Loading configuration information from file ./somd.cfg

Running a somd-freenrg calculation using files ./somd.prm7, ./somd.rst7 and ./somd.pert.
Using parameters:
===============
barostat == True
buffered coordinates frequency == 2000
constraint == hbonds-notperturbed
crdfile == ./somd.rst7
cutoff distance == 10 angstrom
cutoff type == cutoffperiodic
energy frequency == 250
equilibrate == False
lambda array == (0.0, 0.1, 0.2, 0.3, 0.4, 0.5, 0.6, 0.7, 0.8, 0.9, 1.0)
lambda_val == 0.7
minimise == True
morphfile == ./somd.pert
ncycles == 5
ncycles_per_snap == 1
nmoves == 200000
perturbed residue number == 739
platform == OpenCL
pressure == 1 atm
reaction field dielectric == 78.3
save coordinates == True
temperature == 300 t
thermostat == True
timestep == 0.002 ps
topfile == ./somd.prm7
===============
### Running Single Topology Molecular Dynamics Free Energy on unknown ###
###================Setting up calculation=====================###
New run. Loading input and creating restart
lambda is 0.7
Create the System...
Selecting dummy groups
Creating force fields... 
Setting up moves...
Created a MD move that uses OpenMM for all molecules on 0 
Saving restart
Setting up sim file. 
There are 2240 atoms in the group 
###===========================================================###

###=======================Minimisation========================###
Running minimisation.
Energy before the minimisation: -7367.18 kcal mol-1
Tolerance for minimisation: 1
Maximum number of minimisation iterations: 1000

==============================================================
Sending anonymous Sire usage statistics to http://siremol.org.
For more information, see http://siremol.org/analytics
To disable, set the environment variable 'SIRE_DONT_PHONEHOME' to 1
To see the information sent, set the environment variable 
SIRE_VERBOSE_PHONEHOME equal to 1. To silence this message, set
the environment variable SIRE_SILENT_PHONEHOME to 1.
==============================================================

Energy after the minimization: -9262.73 kcal mol-1
Energy minimization done.
###===========================================================###

###====================somd-freenrg run=======================###
Starting somd-freenrg run...
200000 moves 5 cycles, 2000 ps simulation time

Cycle =  1 

Backing up previous restart
Saving new restart

Cycle =  2 

Backing up previous restart
Saving new restart

Cycle =  3 

Backing up previous restart
Saving new restart

Cycle =  4 

Backing up previous restart
Saving new restart

Cycle =  5 

Backing up previous restart
Saving new restart
Simulation took 4414 s 
###===========================================================###

Clearing buffers...
Starting somd-freenrg: number of threads equals 20
/home/jguven/projects/metalloproteins/execution_model/outputs/SOMD/lig_h_1~lig_h_16/bound
lambda is:  0.8000 a t bound  for  lig_h_1~lig_h_16
cd lambda_0.8000
production run...

Loading configuration information from file ./somd.cfg

Running a somd-freenrg calculation using files ./somd.prm7, ./somd.rst7 and ./somd.pert.
Using parameters:
===============
barostat == True
buffered coordinates frequency == 2000
constraint == hbonds-notperturbed
crdfile == ./somd.rst7
cutoff distance == 10 angstrom
cutoff type == cutoffperiodic
energy frequency == 250
equilibrate == False
lambda array == (0.0, 0.1, 0.2, 0.3, 0.4, 0.5, 0.6, 0.7, 0.8, 0.9, 1.0)
lambda_val == 0.8
minimise == True
morphfile == ./somd.pert
ncycles == 5
ncycles_per_snap == 1
nmoves == 200000
perturbed residue number == 739
platform == OpenCL
pressure == 1 atm
reaction field dielectric == 78.3
save coordinates == True
temperature == 300 t
thermostat == True
timestep == 0.002 ps
topfile == ./somd.prm7
===============
### Running Single Topology Molecular Dynamics Free Energy on unknown ###
###================Setting up calculation=====================###
New run. Loading input and creating restart
lambda is 0.8
Create the System...
Selecting dummy groups
Creating force fields... 
Setting up moves...
Created a MD move that uses OpenMM for all molecules on 0 
Saving restart
Setting up sim file. 
There are 2240 atoms in the group 
###===========================================================###

###=======================Minimisation========================###
Running minimisation.
Energy before the minimisation: -7367.18 kcal mol-1
Tolerance for minimisation: 1
Maximum number of minimisation iterations: 1000

==============================================================
Sending anonymous Sire usage statistics to http://siremol.org.
For more information, see http://siremol.org/analytics
To disable, set the environment variable 'SIRE_DONT_PHONEHOME' to 1
To see the information sent, set the environment variable 
SIRE_VERBOSE_PHONEHOME equal to 1. To silence this message, set
the environment variable SIRE_SILENT_PHONEHOME to 1.
==============================================================

Energy after the minimization: -9264.81 kcal mol-1
Energy minimization done.
###===========================================================###

###====================somd-freenrg run=======================###
Starting somd-freenrg run...
200000 moves 5 cycles, 2000 ps simulation time

Cycle =  1 

Backing up previous restart
Saving new restart

Cycle =  2 

Backing up previous restart
Saving new restart

Cycle =  3 

Backing up previous restart
Saving new restart

Cycle =  4 

Backing up previous restart
Saving new restart

Cycle =  5 

Backing up previous restart
Saving new restart
Simulation took 4417 s 
###===========================================================###

Clearing buffers...
Starting somd-freenrg: number of threads equals 20
/home/jguven/projects/metalloproteins/execution_model/outputs/SOMD/lig_h_1~lig_h_16/bound
lambda is:  0.9000 a t bound  for  lig_h_1~lig_h_16
cd lambda_0.9000
production run...

Loading configuration information from file ./somd.cfg

Running a somd-freenrg calculation using files ./somd.prm7, ./somd.rst7 and ./somd.pert.
Using parameters:
===============
barostat == True
buffered coordinates frequency == 2000
constraint == hbonds-notperturbed
crdfile == ./somd.rst7
cutoff distance == 10 angstrom
cutoff type == cutoffperiodic
energy frequency == 250
equilibrate == False
lambda array == (0.0, 0.1, 0.2, 0.3, 0.4, 0.5, 0.6, 0.7, 0.8, 0.9, 1.0)
lambda_val == 0.9
minimise == True
morphfile == ./somd.pert
ncycles == 5
ncycles_per_snap == 1
nmoves == 200000
perturbed residue number == 739
platform == OpenCL
pressure == 1 atm
reaction field dielectric == 78.3
save coordinates == True
temperature == 300 t
thermostat == True
timestep == 0.002 ps
topfile == ./somd.prm7
===============
### Running Single Topology Molecular Dynamics Free Energy on unknown ###
###================Setting up calculation=====================###
New run. Loading input and creating restart
lambda is 0.9
Create the System...
Selecting dummy groups
Creating force fields... 
Setting up moves...
Created a MD move that uses OpenMM for all molecules on 0 
Saving restart
Setting up sim file. 
There are 2240 atoms in the group 
###===========================================================###

###=======================Minimisation========================###
Running minimisation.
Energy before the minimisation: -7367.18 kcal mol-1
Tolerance for minimisation: 1
Maximum number of minimisation iterations: 1000

==============================================================
Sending anonymous Sire usage statistics to http://siremol.org.
For more information, see http://siremol.org/analytics
To disable, set the environment variable 'SIRE_DONT_PHONEHOME' to 1
To see the information sent, set the environment variable 
SIRE_VERBOSE_PHONEHOME equal to 1. To silence this message, set
the environment variable SIRE_SILENT_PHONEHOME to 1.
==============================================================

Energy after the minimization: -9263.45 kcal mol-1
Energy minimization done.
###===========================================================###

###====================somd-freenrg run=======================###
Starting somd-freenrg run...
200000 moves 5 cycles, 2000 ps simulation time

Cycle =  1 

Backing up previous restart
Saving new restart

Cycle =  2 

Backing up previous restart
Saving new restart

Cycle =  3 

Backing up previous restart
Saving new restart

Cycle =  4 

Backing up previous restart
Saving new restart

Cycle =  5 

Backing up previous restart
Saving new restart
Simulation took 4416 s 
###===========================================================###

Clearing buffers...
Starting somd-freenrg: number of threads equals 20
/home/jguven/projects/metalloproteins/execution_model/outputs/SOMD/lig_h_1~lig_h_16/bound
lambda is:  1.0000 a t bound  for  lig_h_1~lig_h_16
cd lambda_1.0000
production run...

Loading configuration information from file ./somd.cfg

Running a somd-freenrg calculation using files ./somd.prm7, ./somd.rst7 and ./somd.pert.
Using parameters:
===============
barostat == True
buffered coordinates frequency == 2000
constraint == hbonds-notperturbed
crdfile == ./somd.rst7
cutoff distance == 10 angstrom
cutoff type == cutoffperiodic
energy frequency == 250
equilibrate == False
lambda array == (0.0, 0.1, 0.2, 0.3, 0.4, 0.5, 0.6, 0.7, 0.8, 0.9, 1.0)
lambda_val == 1.0
minimise == True
morphfile == ./somd.pert
ncycles == 5
ncycles_per_snap == 1
nmoves == 200000
perturbed residue number == 739
platform == OpenCL
pressure == 1 atm
reaction field dielectric == 78.3
save coordinates == True
temperature == 300 t
thermostat == True
timestep == 0.002 ps
topfile == ./somd.prm7
===============
### Running Single Topology Molecular Dynamics Free Energy on unknown ###
###================Setting up calculation=====================###
New run. Loading input and creating restart
lambda is 1.0
Create the System...
Selecting dummy groups
Creating force fields... 
Setting up moves...
Created a MD move that uses OpenMM for all molecules on 0 
Saving restart
Setting up sim file. 
There are 2240 atoms in the group 
###===========================================================###

###=======================Minimisation========================###
Running minimisation.
Energy before the minimisation: -7367.18 kcal mol-1
Tolerance for minimisation: 1
Maximum number of minimisation iterations: 1000

==============================================================
Sending anonymous Sire usage statistics to http://siremol.org.
For more information, see http://siremol.org/analytics
To disable, set the environment variable 'SIRE_DONT_PHONEHOME' to 1
To see the information sent, set the environment variable 
SIRE_VERBOSE_PHONEHOME equal to 1. To silence this message, set
the environment variable SIRE_SILENT_PHONEHOME to 1.
==============================================================

Energy after the minimization: -9257.39 kcal mol-1
Energy minimization done.
###===========================================================###

###====================somd-freenrg run=======================###
Starting somd-freenrg run...
200000 moves 5 cycles, 2000 ps simulation time

Cycle =  1 

Backing up previous restart
Saving new restart

Cycle =  2 

Backing up previous restart
Saving new restart

Cycle =  3 

Backing up previous restart
Saving new restart

Cycle =  4 

Backing up previous restart
Saving new restart

Cycle =  5 

Backing up previous restart
Saving new restart
Simulation took 4371 s 
###===========================================================###

Clearing buffers...
Starting somd-freenrg: number of threads equals 20
/home/jguven/projects/metalloproteins/execution_model/outputs/SOMD/lig_h_1~lig_h_16/bound
free
./rbfe.sh: line 39: cd: free: No such file or directory
free
lambda is:  0.0000 a t free  for  lig_h_1~lig_h_16
cd lambda_0.0000
production run...

Loading configuration information from file ./somd.cfg

Running a somd-freenrg calculation using files ./somd.prm7, ./somd.rst7 and ./somd.pert.
Using parameters:
===============
barostat == True
buffered coordinates frequency == 2000
constraint == hbonds-notperturbed
crdfile == ./somd.rst7
cutoff distance == 10 angstrom
cutoff type == cutoffperiodic
energy frequency == 250
equilibrate == False
lambda array == (0.0, 0.1, 0.2, 0.3, 0.4, 0.5, 0.6, 0.7, 0.8, 0.9, 1.0)
lambda_val == 0.0
minimise == True
morphfile == ./somd.pert
ncycles == 5
ncycles_per_snap == 1
nmoves == 200000
perturbed residue number == 739
platform == OpenCL
pressure == 1 atm
reaction field dielectric == 78.3
save coordinates == True
temperature == 300 t
thermostat == True
timestep == 0.002 ps
topfile == ./somd.prm7
===============
### Running Single Topology Molecular Dynamics Free Energy on unknown ###
###================Setting up calculation=====================###
Index GPU = 0 
Loaded a restart file on which we have performed 4400000 moves.
There are 2240 atoms in the group 
###===========================================================###

###=======================Minimisation========================###
Running minimisation.
Energy before the minimisation: -7385.88 kcal mol-1
Tolerance for minimisation: 1
Maximum number of minimisation iterations: 1000

==============================================================
Sending anonymous Sire usage statistics to http://siremol.org.
For more information, see http://siremol.org/analytics
To disable, set the environment variable 'SIRE_DONT_PHONEHOME' to 1
To see the information sent, set the environment variable 
SIRE_VERBOSE_PHONEHOME equal to 1. To silence this message, set
the environment variable SIRE_SILENT_PHONEHOME to 1.
==============================================================

Energy after the minimization: -9239.68 kcal mol-1
Energy minimization done.
###===========================================================###

###====================somd-freenrg run=======================###
Starting somd-freenrg run...
200000 moves 5 cycles, 2000 ps simulation time

Cycle =  23 

Backing up previous restart
Saving new restart

Cycle =  24 

Backing up previous restart
Saving new restart

Cycle =  25 

Backing up previous restart
Saving new restart

Cycle =  26 

Backing up previous restart
Saving new restart

Cycle =  27 

Backing up previous restart
Saving new restart
Simulation took 4376 s 
###===========================================================###

Clearing buffers...
Starting somd-freenrg: number of threads equals 20
/home/jguven/projects/metalloproteins/execution_model/outputs/SOMD/lig_h_1~lig_h_16/bound
lambda is:  0.1000 a t free  for  lig_h_1~lig_h_16
cd lambda_0.1000
production run...

Loading configuration information from file ./somd.cfg

Running a somd-freenrg calculation using files ./somd.prm7, ./somd.rst7 and ./somd.pert.
Using parameters:
===============
barostat == True
buffered coordinates frequency == 2000
constraint == hbonds-notperturbed
crdfile == ./somd.rst7
cutoff distance == 10 angstrom
cutoff type == cutoffperiodic
energy frequency == 250
equilibrate == False
lambda array == (0.0, 0.1, 0.2, 0.3, 0.4, 0.5, 0.6, 0.7, 0.8, 0.9, 1.0)
lambda_val == 0.1
minimise == True
morphfile == ./somd.pert
ncycles == 5
ncycles_per_snap == 1
nmoves == 200000
perturbed residue number == 739
platform == OpenCL
pressure == 1 atm
reaction field dielectric == 78.3
save coordinates == True
temperature == 300 t
thermostat == True
timestep == 0.002 ps
topfile == ./somd.prm7
===============
### Running Single Topology Molecular Dynamics Free Energy on unknown ###
###================Setting up calculation=====================###
Index GPU = 0 
Loaded a restart file on which we have performed 1000000 moves.
There are 2240 atoms in the group 
###===========================================================###

###=======================Minimisation========================###
Running minimisation.
Energy before the minimisation: -7434.33 kcal mol-1
Tolerance for minimisation: 1
Maximum number of minimisation iterations: 1000

==============================================================
Sending anonymous Sire usage statistics to http://siremol.org.
For more information, see http://siremol.org/analytics
To disable, set the environment variable 'SIRE_DONT_PHONEHOME' to 1
To see the information sent, set the environment variable 
SIRE_VERBOSE_PHONEHOME equal to 1. To silence this message, set
the environment variable SIRE_SILENT_PHONEHOME to 1.
==============================================================

Energy after the minimization: -9266.49 kcal mol-1
Energy minimization done.
###===========================================================###

###====================somd-freenrg run=======================###
Starting somd-freenrg run...
200000 moves 5 cycles, 2000 ps simulation time

Cycle =  6 

Backing up previous restart
Saving new restart

Cycle =  7 

Backing up previous restart
Saving new restart

Cycle =  8 

Backing up previous restart
Saving new restart

Cycle =  9 

Backing up previous restart
Saving new restart

Cycle =  10 

Backing up previous restart
Saving new restart
Simulation took 4415 s 
###===========================================================###

Clearing buffers...
Starting somd-freenrg: number of threads equals 20
/home/jguven/projects/metalloproteins/execution_model/outputs/SOMD/lig_h_1~lig_h_16/bound
lambda is:  0.2000 a t free  for  lig_h_1~lig_h_16
cd lambda_0.2000
production run...

Loading configuration information from file ./somd.cfg

Running a somd-freenrg calculation using files ./somd.prm7, ./somd.rst7 and ./somd.pert.
Using parameters:
===============
barostat == True
buffered coordinates frequency == 2000
constraint == hbonds-notperturbed
crdfile == ./somd.rst7
cutoff distance == 10 angstrom
cutoff type == cutoffperiodic
energy frequency == 250
equilibrate == False
lambda array == (0.0, 0.1, 0.2, 0.3, 0.4, 0.5, 0.6, 0.7, 0.8, 0.9, 1.0)
lambda_val == 0.2
minimise == True
morphfile == ./somd.pert
ncycles == 5
ncycles_per_snap == 1
nmoves == 200000
perturbed residue number == 739
platform == OpenCL
pressure == 1 atm
reaction field dielectric == 78.3
save coordinates == True
temperature == 300 t
thermostat == True
timestep == 0.002 ps
topfile == ./somd.prm7
===============
### Running Single Topology Molecular Dynamics Free Energy on unknown ###
###================Setting up calculation=====================###
Index GPU = 0 
Loaded a restart file on which we have performed 1000000 moves.
There are 2240 atoms in the group 
###===========================================================###

###=======================Minimisation========================###
Running minimisation.
Energy before the minimisation: -7417.55 kcal mol-1
Tolerance for minimisation: 1
Maximum number of minimisation iterations: 1000

==============================================================
Sending anonymous Sire usage statistics to http://siremol.org.
For more information, see http://siremol.org/analytics
To disable, set the environment variable 'SIRE_DONT_PHONEHOME' to 1
To see the information sent, set the environment variable 
SIRE_VERBOSE_PHONEHOME equal to 1. To silence this message, set
the environment variable SIRE_SILENT_PHONEHOME to 1.
==============================================================

Energy after the minimization: -9264.42 kcal mol-1
Energy minimization done.
###===========================================================###

###====================somd-freenrg run=======================###
Starting somd-freenrg run...
200000 moves 5 cycles, 2000 ps simulation time

Cycle =  6 

Backing up previous restart
Saving new restart

Cycle =  7 

Backing up previous restart
Saving new restart

Cycle =  8 

Backing up previous restart
Saving new restart

Cycle =  9 

Backing up previous restart
Saving new restart

Cycle =  10 

Backing up previous restart
Saving new restart
Simulation took 4413 s 
###===========================================================###

Clearing buffers...
Starting somd-freenrg: number of threads equals 20
/home/jguven/projects/metalloproteins/execution_model/outputs/SOMD/lig_h_1~lig_h_16/bound
lambda is:  0.3000 a t free  for  lig_h_1~lig_h_16
cd lambda_0.3000
production run...

Loading configuration information from file ./somd.cfg

Running a somd-freenrg calculation using files ./somd.prm7, ./somd.rst7 and ./somd.pert.
Using parameters:
===============
barostat == True
buffered coordinates frequency == 2000
constraint == hbonds-notperturbed
crdfile == ./somd.rst7
cutoff distance == 10 angstrom
cutoff type == cutoffperiodic
energy frequency == 250
equilibrate == False
lambda array == (0.0, 0.1, 0.2, 0.3, 0.4, 0.5, 0.6, 0.7, 0.8, 0.9, 1.0)
lambda_val == 0.3
minimise == True
morphfile == ./somd.pert
ncycles == 5
ncycles_per_snap == 1
nmoves == 200000
perturbed residue number == 739
platform == OpenCL
pressure == 1 atm
reaction field dielectric == 78.3
save coordinates == True
temperature == 300 t
thermostat == True
timestep == 0.002 ps
topfile == ./somd.prm7
===============
### Running Single Topology Molecular Dynamics Free Energy on unknown ###
###================Setting up calculation=====================###
Index GPU = 0 
Loaded a restart file on which we have performed 1000000 moves.
There are 2240 atoms in the group 
###===========================================================###

###=======================Minimisation========================###
Running minimisation.
Energy before the minimisation: -7342.62 kcal mol-1
Tolerance for minimisation: 1
Maximum number of minimisation iterations: 1000

==============================================================
Sending anonymous Sire usage statistics to http://siremol.org.
For more information, see http://siremol.org/analytics
To disable, set the environment variable 'SIRE_DONT_PHONEHOME' to 1
To see the information sent, set the environment variable 
SIRE_VERBOSE_PHONEHOME equal to 1. To silence this message, set
the environment variable SIRE_SILENT_PHONEHOME to 1.
==============================================================

Energy after the minimization: -9238.92 kcal mol-1
Energy minimization done.
###===========================================================###

###====================somd-freenrg run=======================###
Starting somd-freenrg run...
200000 moves 5 cycles, 2000 ps simulation time

Cycle =  6 

Backing up previous restart
Saving new restart

Cycle =  7 

Backing up previous restart
Saving new restart

Cycle =  8 

Backing up previous restart
Saving new restart

Cycle =  9 

Backing up previous restart
Saving new restart

Cycle =  10 

Backing up previous restart
Saving new restart
Simulation took 4412 s 
###===========================================================###

Clearing buffers...
Starting somd-freenrg: number of threads equals 20
/home/jguven/projects/metalloproteins/execution_model/outputs/SOMD/lig_h_1~lig_h_16/bound
lambda is:  0.4000 a t free  for  lig_h_1~lig_h_16
cd lambda_0.4000
production run...

Loading configuration information from file ./somd.cfg

Running a somd-freenrg calculation using files ./somd.prm7, ./somd.rst7 and ./somd.pert.
Using parameters:
===============
barostat == True
buffered coordinates frequency == 2000
constraint == hbonds-notperturbed
crdfile == ./somd.rst7
cutoff distance == 10 angstrom
cutoff type == cutoffperiodic
energy frequency == 250
equilibrate == False
lambda array == (0.0, 0.1, 0.2, 0.3, 0.4, 0.5, 0.6, 0.7, 0.8, 0.9, 1.0)
lambda_val == 0.4
minimise == True
morphfile == ./somd.pert
ncycles == 5
ncycles_per_snap == 1
nmoves == 200000
perturbed residue number == 739
platform == OpenCL
pressure == 1 atm
reaction field dielectric == 78.3
save coordinates == True
temperature == 300 t
thermostat == True
timestep == 0.002 ps
topfile == ./somd.prm7
===============
### Running Single Topology Molecular Dynamics Free Energy on unknown ###
###================Setting up calculation=====================###
Index GPU = 0 
Loaded a restart file on which we have performed 1000000 moves.
There are 2240 atoms in the group 
###===========================================================###

###=======================Minimisation========================###
Running minimisation.
Energy before the minimisation: -7395.03 kcal mol-1
Tolerance for minimisation: 1
Maximum number of minimisation iterations: 1000

==============================================================
Sending anonymous Sire usage statistics to http://siremol.org.
For more information, see http://siremol.org/analytics
To disable, set the environment variable 'SIRE_DONT_PHONEHOME' to 1
To see the information sent, set the environment variable 
SIRE_VERBOSE_PHONEHOME equal to 1. To silence this message, set
the environment variable SIRE_SILENT_PHONEHOME to 1.
==============================================================

Energy after the minimization: -9242.92 kcal mol-1
Energy minimization done.
###===========================================================###

###====================somd-freenrg run=======================###
Starting somd-freenrg run...
200000 moves 5 cycles, 2000 ps simulation time

Cycle =  6 

Backing up previous restart
Saving new restart

Cycle =  7 

Backing up previous restart
Saving new restart

Cycle =  8 

Backing up previous restart
Saving new restart

Cycle =  9 

Backing up previous restart
Saving new restart

Cycle =  10 

Backing up previous restart
Saving new restart
Simulation took 4413 s 
###===========================================================###

Clearing buffers...
Starting somd-freenrg: number of threads equals 20
/home/jguven/projects/metalloproteins/execution_model/outputs/SOMD/lig_h_1~lig_h_16/bound
lambda is:  0.5000 a t free  for  lig_h_1~lig_h_16
cd lambda_0.5000
production run...

Loading configuration information from file ./somd.cfg

Running a somd-freenrg calculation using files ./somd.prm7, ./somd.rst7 and ./somd.pert.
Using parameters:
===============
barostat == True
buffered coordinates frequency == 2000
constraint == hbonds-notperturbed
crdfile == ./somd.rst7
cutoff distance == 10 angstrom
cutoff type == cutoffperiodic
energy frequency == 250
equilibrate == False
lambda array == (0.0, 0.1, 0.2, 0.3, 0.4, 0.5, 0.6, 0.7, 0.8, 0.9, 1.0)
lambda_val == 0.5
minimise == True
morphfile == ./somd.pert
ncycles == 5
ncycles_per_snap == 1
nmoves == 200000
perturbed residue number == 739
platform == OpenCL
pressure == 1 atm
reaction field dielectric == 78.3
save coordinates == True
temperature == 300 t
thermostat == True
timestep == 0.002 ps
topfile == ./somd.prm7
===============
### Running Single Topology Molecular Dynamics Free Energy on unknown ###
###================Setting up calculation=====================###
Index GPU = 0 
Loaded a restart file on which we have performed 1000000 moves.
There are 2240 atoms in the group 
###===========================================================###

###=======================Minimisation========================###
Running minimisation.
Energy before the minimisation: -7365.37 kcal mol-1
Tolerance for minimisation: 1
Maximum number of minimisation iterations: 1000

==============================================================
Sending anonymous Sire usage statistics to http://siremol.org.
For more information, see http://siremol.org/analytics
To disable, set the environment variable 'SIRE_DONT_PHONEHOME' to 1
To see the information sent, set the environment variable 
SIRE_VERBOSE_PHONEHOME equal to 1. To silence this message, set
the environment variable SIRE_SILENT_PHONEHOME to 1.
==============================================================

Energy after the minimization: -9232.65 kcal mol-1
Energy minimization done.
###===========================================================###

###====================somd-freenrg run=======================###
Starting somd-freenrg run...
200000 moves 5 cycles, 2000 ps simulation time

Cycle =  6 

Backing up previous restart
Saving new restart

Cycle =  7 

Backing up previous restart
Saving new restart

Cycle =  8 

Backing up previous restart
Saving new restart

Cycle =  9 

Backing up previous restart
Saving new restart

Cycle =  10 

Backing up previous restart
Saving new restart
Simulation took 4413 s 
###===========================================================###

Clearing buffers...
Starting somd-freenrg: number of threads equals 20
/home/jguven/projects/metalloproteins/execution_model/outputs/SOMD/lig_h_1~lig_h_16/bound
lambda is:  0.6000 a t free  for  lig_h_1~lig_h_16
cd lambda_0.6000
production run...

Loading configuration information from file ./somd.cfg

Running a somd-freenrg calculation using files ./somd.prm7, ./somd.rst7 and ./somd.pert.
Using parameters:
===============
barostat == True
buffered coordinates frequency == 2000
constraint == hbonds-notperturbed
crdfile == ./somd.rst7
cutoff distance == 10 angstrom
cutoff type == cutoffperiodic
energy frequency == 250
equilibrate == False
lambda array == (0.0, 0.1, 0.2, 0.3, 0.4, 0.5, 0.6, 0.7, 0.8, 0.9, 1.0)
lambda_val == 0.6
minimise == True
morphfile == ./somd.pert
ncycles == 5
ncycles_per_snap == 1
nmoves == 200000
perturbed residue number == 739
platform == OpenCL
pressure == 1 atm
reaction field dielectric == 78.3
save coordinates == True
temperature == 300 t
thermostat == True
timestep == 0.002 ps
topfile == ./somd.prm7
===============
### Running Single Topology Molecular Dynamics Free Energy on unknown ###
###================Setting up calculation=====================###
Index GPU = 0 
Loaded a restart file on which we have performed 1000000 moves.
There are 2240 atoms in the group 
###===========================================================###

###=======================Minimisation========================###
Running minimisation.
Energy before the minimisation: -7423.16 kcal mol-1
Tolerance for minimisation: 1
Maximum number of minimisation iterations: 1000

==============================================================
Sending anonymous Sire usage statistics to http://siremol.org.
For more information, see http://siremol.org/analytics
To disable, set the environment variable 'SIRE_DONT_PHONEHOME' to 1
To see the information sent, set the environment variable 
SIRE_VERBOSE_PHONEHOME equal to 1. To silence this message, set
the environment variable SIRE_SILENT_PHONEHOME to 1.
==============================================================

Energy after the minimization: -9260.15 kcal mol-1
Energy minimization done.
###===========================================================###

###====================somd-freenrg run=======================###
Starting somd-freenrg run...
200000 moves 5 cycles, 2000 ps simulation time

Cycle =  6 

Backing up previous restart
Saving new restart

Cycle =  7 

Backing up previous restart
Saving new restart

Cycle =  8 

Backing up previous restart
Saving new restart

Cycle =  9 

Backing up previous restart
Saving new restart

Cycle =  10 

Backing up previous restart
Saving new restart
Simulation took 4415 s 
###===========================================================###

Clearing buffers...
Starting somd-freenrg: number of threads equals 20
/home/jguven/projects/metalloproteins/execution_model/outputs/SOMD/lig_h_1~lig_h_16/bound
lambda is:  0.7000 a t free  for  lig_h_1~lig_h_16
cd lambda_0.7000
production run...

Loading configuration information from file ./somd.cfg

Running a somd-freenrg calculation using files ./somd.prm7, ./somd.rst7 and ./somd.pert.
Using parameters:
===============
barostat == True
buffered coordinates frequency == 2000
constraint == hbonds-notperturbed
crdfile == ./somd.rst7
cutoff distance == 10 angstrom
cutoff type == cutoffperiodic
energy frequency == 250
equilibrate == False
lambda array == (0.0, 0.1, 0.2, 0.3, 0.4, 0.5, 0.6, 0.7, 0.8, 0.9, 1.0)
lambda_val == 0.7
minimise == True
morphfile == ./somd.pert
ncycles == 5
ncycles_per_snap == 1
nmoves == 200000
perturbed residue number == 739
platform == OpenCL
pressure == 1 atm
reaction field dielectric == 78.3
save coordinates == True
temperature == 300 t
thermostat == True
timestep == 0.002 ps
topfile == ./somd.prm7
===============
### Running Single Topology Molecular Dynamics Free Energy on unknown ###
###================Setting up calculation=====================###
Index GPU = 0 
Loaded a restart file on which we have performed 1000000 moves.
There are 2240 atoms in the group 
###===========================================================###

###=======================Minimisation========================###
Running minimisation.
Energy before the minimisation: -7373.62 kcal mol-1
Tolerance for minimisation: 1
Maximum number of minimisation iterations: 1000

==============================================================
Sending anonymous Sire usage statistics to http://siremol.org.
For more information, see http://siremol.org/analytics
To disable, set the environment variable 'SIRE_DONT_PHONEHOME' to 1
To see the information sent, set the environment variable 
SIRE_VERBOSE_PHONEHOME equal to 1. To silence this message, set
the environment variable SIRE_SILENT_PHONEHOME to 1.
==============================================================

Energy after the minimization: -9243.21 kcal mol-1
Energy minimization done.
###===========================================================###

###====================somd-freenrg run=======================###
Starting somd-freenrg run...
200000 moves 5 cycles, 2000 ps simulation time

Cycle =  6 

Backing up previous restart
Saving new restart

Cycle =  7 

Backing up previous restart
Saving new restart

Cycle =  8 

Backing up previous restart
Saving new restart

Cycle =  9 

Backing up previous restart
Saving new restart

Cycle =  10 

Backing up previous restart
Saving new restart
Simulation took 4412 s 
###===========================================================###

Clearing buffers...
Starting somd-freenrg: number of threads equals 20
/home/jguven/projects/metalloproteins/execution_model/outputs/SOMD/lig_h_1~lig_h_16/bound
lambda is:  0.8000 a t free  for  lig_h_1~lig_h_16
cd lambda_0.8000
production run...

Loading configuration information from file ./somd.cfg

Running a somd-freenrg calculation using files ./somd.prm7, ./somd.rst7 and ./somd.pert.
Using parameters:
===============
barostat == True
buffered coordinates frequency == 2000
constraint == hbonds-notperturbed
crdfile == ./somd.rst7
cutoff distance == 10 angstrom
cutoff type == cutoffperiodic
energy frequency == 250
equilibrate == False
lambda array == (0.0, 0.1, 0.2, 0.3, 0.4, 0.5, 0.6, 0.7, 0.8, 0.9, 1.0)
lambda_val == 0.8
minimise == True
morphfile == ./somd.pert
ncycles == 5
ncycles_per_snap == 1
nmoves == 200000
perturbed residue number == 739
platform == OpenCL
pressure == 1 atm
reaction field dielectric == 78.3
save coordinates == True
temperature == 300 t
thermostat == True
timestep == 0.002 ps
topfile == ./somd.prm7
===============
### Running Single Topology Molecular Dynamics Free Energy on unknown ###
###================Setting up calculation=====================###
Index GPU = 0 
Loaded a restart file on which we have performed 1000000 moves.
There are 2240 atoms in the group 
###===========================================================###

###=======================Minimisation========================###
Running minimisation.
Energy before the minimisation: -7303.44 kcal mol-1
Tolerance for minimisation: 1
Maximum number of minimisation iterations: 1000

==============================================================
Sending anonymous Sire usage statistics to http://siremol.org.
For more information, see http://siremol.org/analytics
To disable, set the environment variable 'SIRE_DONT_PHONEHOME' to 1
To see the information sent, set the environment variable 
SIRE_VERBOSE_PHONEHOME equal to 1. To silence this message, set
the environment variable SIRE_SILENT_PHONEHOME to 1.
==============================================================

Energy after the minimization: -9257.81 kcal mol-1
Energy minimization done.
###===========================================================###

###====================somd-freenrg run=======================###
Starting somd-freenrg run...
200000 moves 5 cycles, 2000 ps simulation time

Cycle =  6 

Backing up previous restart
Saving new restart

Cycle =  7 

Backing up previous restart
Saving new restart

Cycle =  8 

Backing up previous restart
Saving new restart

Cycle =  9 

Backing up previous restart
Saving new restart

Cycle =  10 

Backing up previous restart
Saving new restart
Simulation took 4414 s 
###===========================================================###

Clearing buffers...
Starting somd-freenrg: number of threads equals 20
/home/jguven/projects/metalloproteins/execution_model/outputs/SOMD/lig_h_1~lig_h_16/bound
lambda is:  0.9000 a t free  for  lig_h_1~lig_h_16
cd lambda_0.9000
production run...

Loading configuration information from file ./somd.cfg

Running a somd-freenrg calculation using files ./somd.prm7, ./somd.rst7 and ./somd.pert.
Using parameters:
===============
barostat == True
buffered coordinates frequency == 2000
constraint == hbonds-notperturbed
crdfile == ./somd.rst7
cutoff distance == 10 angstrom
cutoff type == cutoffperiodic
energy frequency == 250
equilibrate == False
lambda array == (0.0, 0.1, 0.2, 0.3, 0.4, 0.5, 0.6, 0.7, 0.8, 0.9, 1.0)
lambda_val == 0.9
minimise == True
morphfile == ./somd.pert
ncycles == 5
ncycles_per_snap == 1
nmoves == 200000
perturbed residue number == 739
platform == OpenCL
pressure == 1 atm
reaction field dielectric == 78.3
save coordinates == True
temperature == 300 t
thermostat == True
timestep == 0.002 ps
topfile == ./somd.prm7
===============
### Running Single Topology Molecular Dynamics Free Energy on unknown ###
###================Setting up calculation=====================###
Index GPU = 0 
Loaded a restart file on which we have performed 1000000 moves.
There are 2240 atoms in the group 
###===========================================================###

###=======================Minimisation========================###
Running minimisation.
Energy before the minimisation: -7455.6 kcal mol-1
Tolerance for minimisation: 1
Maximum number of minimisation iterations: 1000

==============================================================
Sending anonymous Sire usage statistics to http://siremol.org.
For more information, see http://siremol.org/analytics
To disable, set the environment variable 'SIRE_DONT_PHONEHOME' to 1
To see the information sent, set the environment variable 
SIRE_VERBOSE_PHONEHOME equal to 1. To silence this message, set
the environment variable SIRE_SILENT_PHONEHOME to 1.
==============================================================

Energy after the minimization: -9245.66 kcal mol-1
Energy minimization done.
###===========================================================###

###====================somd-freenrg run=======================###
Starting somd-freenrg run...
200000 moves 5 cycles, 2000 ps simulation time

Cycle =  6 

Backing up previous restart
Saving new restart

Cycle =  7 

Backing up previous restart
Saving new restart

Cycle =  8 

Backing up previous restart
Saving new restart

Cycle =  9 

Backing up previous restart
Saving new restart

Cycle =  10 

Backing up previous restart
Saving new restart
Simulation took 4411 s 
###===========================================================###

Clearing buffers...
Starting somd-freenrg: number of threads equals 20
/home/jguven/projects/metalloproteins/execution_model/outputs/SOMD/lig_h_1~lig_h_16/bound
lambda is:  1.0000 a t free  for  lig_h_1~lig_h_16
cd lambda_1.0000
production run...

Loading configuration information from file ./somd.cfg

Running a somd-freenrg calculation using files ./somd.prm7, ./somd.rst7 and ./somd.pert.
Using parameters:
===============
barostat == True
buffered coordinates frequency == 2000
constraint == hbonds-notperturbed
crdfile == ./somd.rst7
cutoff distance == 10 angstrom
cutoff type == cutoffperiodic
energy frequency == 250
equilibrate == False
lambda array == (0.0, 0.1, 0.2, 0.3, 0.4, 0.5, 0.6, 0.7, 0.8, 0.9, 1.0)
lambda_val == 1.0
minimise == True
morphfile == ./somd.pert
ncycles == 5
ncycles_per_snap == 1
nmoves == 200000
perturbed residue number == 739
platform == OpenCL
pressure == 1 atm
reaction field dielectric == 78.3
save coordinates == True
temperature == 300 t
thermostat == True
timestep == 0.002 ps
topfile == ./somd.prm7
===============
### Running Single Topology Molecular Dynamics Free Energy on unknown ###
###================Setting up calculation=====================###
Index GPU = 0 
Loaded a restart file on which we have performed 1000000 moves.
There are 2240 atoms in the group 
###===========================================================###

###=======================Minimisation========================###
Running minimisation.
Energy before the minimisation: -7412.44 kcal mol-1
Tolerance for minimisation: 1
Maximum number of minimisation iterations: 1000

==============================================================
Sending anonymous Sire usage statistics to http://siremol.org.
For more information, see http://siremol.org/analytics
To disable, set the environment variable 'SIRE_DONT_PHONEHOME' to 1
To see the information sent, set the environment variable 
SIRE_VERBOSE_PHONEHOME equal to 1. To silence this message, set
the environment variable SIRE_SILENT_PHONEHOME to 1.
==============================================================

Energy after the minimization: -9229.29 kcal mol-1
Energy minimization done.
###===========================================================###

###====================somd-freenrg run=======================###
Starting somd-freenrg run...
200000 moves 5 cycles, 2000 ps simulation time

Cycle =  6 

Backing up previous restart
Saving new restart

Cycle =  7 

Backing up previous restart
Saving new restart

Cycle =  8 

Backing up previous restart
Saving new restart

Cycle =  9 

Backing up previous restart
Saving new restart

Cycle =  10 

Backing up previous restart
Saving new restart
Simulation took 4355 s 
###===========================================================###

Clearing buffers...
Starting somd-freenrg: number of threads equals 20
/home/jguven/projects/metalloproteins/execution_model/outputs/SOMD/lig_h_1~lig_h_16/bound
