            --------------------------------------------------------
                             AMBER SQM VERSION 19
 
                                     By
              Ross C. Walker, Michael F. Crowley, Scott Brozell,
                         Tim Giese, Andreas W. Goetz,
                        Tai-Sung Lee and David A. Case
 
            --------------------------------------------------------
 

--------------------------------------------------------------------------------
  QM CALCULATION INFO
--------------------------------------------------------------------------------

| QMMM: Citation for AMBER QMMM Run:
| QMMM: R.C. Walker, M.F. Crowley and D.A. Case, J. COMP. CHEM. 29:1019, 2008

QMMM: SINGLET STATE CALCULATION
QMMM: RHF CALCULATION, NO. OF DOUBLY OCCUPIED LEVELS = 50

| QMMM: *** Selected Hamiltonian *** 
| QMMM: AM1         

| QMMM: *** Parameter sets in use ***
| QMMM: C : M.J.S.DEWAR et al. JACS, 107, 3902, (1985)
| QMMM: O : M.J.S.DEWAR et al. JACS, 107, 3902, (1985)
| QMMM: P : M.J.S.DEWAR et al. THEOCHEM, 187,1, (1989)
| QMMM: H : M.J.S.DEWAR et al. JACS, 107, 3902, (1985)

| QMMM: *** SCF convergence criteria ***
| QMMM: Energy change                :  0.1D-09 kcal/mol
| QMMM: Error matrix |FP-PF|         :  0.1D+00 au
| QMMM: Density matrix change        :  0.5D-06
| QMMM: Maximum number of SCF cycles :     1000

| QMMM: *** Diagonalization Routine Information ***
| QMMM: Pseudo diagonalizations are allowed.
| QMMM: Auto diagonalization routine selection is in use.
| QMMM:
| QMMM: Timing diagonalization routines:
| QMMM:                              norbs =       84
| QMMM:    diag iterations used for timing =       15
| QMMM:
| QMMM:              Internal diag routine = 0.035395 seconds
| QMMM:                 Dspev diag routine = 0.035791 seconds
| QMMM:                Dspevd diag routine = 0.012536 seconds
| QMMM:                Dspevx diag routine = 0.054821 seconds
| QMMM:                 Dsyev diag routine = 0.035976 seconds
| QMMM:                Dsyevd diag routine = 0.025413 seconds
| QMMM:                Dsyevr diag routine = 0.069592 seconds
| QMMM:
| QMMM:                Pseudo diag routine = 0.011842 seconds
| QMMM:
| QMMM: Using dspevd routine (diag_routine=3).

  QMMM: QM Region Cartesian Coordinates (*=link atom) 
  QMMM: QM_NO.   MM_NO.  ATOM         X         Y         Z
  QMMM:     1        1      C       21.5330   14.0120    6.3830
  QMMM:     2        2      C       20.7040   14.7860    5.6210
  QMMM:     3        3      C       20.1450   15.9060    6.2190
  QMMM:     4        4      C       18.6700   17.6780    6.0620
  QMMM:     5        5      C       18.9590   18.1070    7.3940
  QMMM:     6        6      C       19.8270   17.4100    8.1510
  QMMM:     7        7      C       20.1100   17.9770    9.5270
  QMMM:     8        8      C       20.4460   16.2290    7.5550
  QMMM:     9        9      C       21.3040   15.4130    8.3100
  QMMM:    10       10      C       21.8210   14.3110    7.6890
  QMMM:    11       11      O       19.2820   16.6340    5.4550
  QMMM:    12       12      O       19.3120   17.9500   12.1300
  QMMM:    13       13      O       19.5520   15.7040   10.9340
  QMMM:    14       14      O       17.6240   17.2590   10.3800
  QMMM:    15       15      P       19.1560   17.1540   10.8570
  QMMM:    16       16      O       22.1240   12.8840    6.0330
  QMMM:    17       17      H       20.4920   14.5440    4.6730
  QMMM:    18       18      O       17.8100   18.3490    5.5030
  QMMM:    19       19      H       18.5030   18.9080    7.7500
  QMMM:    20       20      H       21.2850   17.9630    9.7690
  QMMM:    21       21      H       19.7360   19.1160    9.5820
  QMMM:    22       22      O       22.6060   13.3660    8.1990
  QMMM:    23       23      H       21.5140   15.6210    9.2660
  QMMM:    24       24      H       17.1950   18.0730   10.7810
  QMMM:    25       25      C       22.7410   12.2990    7.2130
  QMMM:    26       26      H       23.8690   11.9600    7.0230
  QMMM:    27       27      H       22.0650   11.3680    7.5510

--------------------------------------------------------------------------------
  RESULTS
--------------------------------------------------------------------------------

      iter         sqm energy              rms gradient
      ----    -------------------    -----------------------
xmin    10     -333.3044 kcal/mol        0.4439 kcal/(mol*A)
xmin    20     -333.5422 kcal/mol        0.7053 kcal/(mol*A)
xmin    30     -333.5775 kcal/mol        0.0273 kcal/(mol*A)
xmin    40     -333.5787 kcal/mol        0.0099 kcal/(mol*A)
  ... geometry converged !
 
 Final MO eigenvalues (eV):
 -40.0926  -38.9044  -36.0786  -34.7668  -34.3624  -33.3367  -32.1411  -29.3537
 -29.1376  -28.7550  -27.4407  -26.5068  -24.2672  -22.2939  -21.5804  -20.1778
 -18.5204  -16.6450  -15.7976  -15.7544  -15.0372  -14.8584  -14.5627  -14.2763
 -14.0774  -13.0592  -12.6432  -12.4893  -12.2110  -12.0709  -12.0323  -11.7044
 -11.4556  -11.3252  -11.2406  -10.6606  -10.6227   -9.9746   -9.6809   -9.3418
  -8.9785   -8.5742   -8.4203   -8.0142   -7.1460   -6.8312   -6.5028   -6.4498
  -6.4197   -6.2518    1.8845    2.5557    3.1161    3.8211    4.4213    4.4976
   4.7492    5.1819    5.5881    5.6748    5.7375    5.8067    5.9411    6.0865
   6.1692    6.6129    6.6665    6.7905    6.9401    7.1058    7.1845    7.2977
   7.4367    7.5516    7.7631    7.8941    7.9566    8.4054    8.5903    8.9050
   9.3503   10.1611   10.9719   12.3732

 Heat of formation   =       -333.57873993 kcal/mol  (      -14.46505962 eV)

 Total SCF energy    =     -89769.27012258 kcal/mol  (    -3892.68765980 eV)
 Electronic energy   =    -510944.50845059 kcal/mol  (   -22156.21648890 eV)
 Core-core repulsion =     421175.23832801 kcal/mol  (    18263.52882911 eV)
 
    Atomic Charges for Step       1 :
  Atom    Element       Mulliken Charge
     1      C                  0.043
     2      C                 -0.159
     3      C                  0.105
     4      C                  0.351
     5      C                 -0.299
     6      C                  0.147
     7      C                 -0.798
     8      C                 -0.135
     9      C                 -0.042
    10      C                 -0.035
    11      O                 -0.205
    12      O                 -1.184
    13      O                 -1.162
    14      O                 -0.825
    15      P                  2.617
    16      O                 -0.228
    17      H                  0.164
    18      O                 -0.342
    19      H                  0.164
    20      H                  0.129
    21      H                  0.130
    22      O                 -0.207
    23      H                  0.242
    24      H                  0.231
    25      C                  0.099
    26      H                  0.098
    27      H                  0.101
 Total Mulliken Charge =      -1.000
 
                  X        Y        Z     TOTAL  
  QM DIPOLE   -91.392  -82.049  -47.571  131.710
 
 Final Structure

  QMMM: QM Region Cartesian Coordinates (*=link atom) 
  QMMM: QM_NO.   MM_NO.  ATOM         X         Y         Z
  QMMM:     1        1      C       21.3980   13.9884    6.3989
  QMMM:     2        2      C       20.6194   14.8032    5.6138
  QMMM:     3        3      C       20.0812   15.9415    6.2723
  QMMM:     4        4      C       18.6674   17.8453    6.0259
  QMMM:     5        5      C       18.9747   18.2233    7.3828
  QMMM:     6        6      C       19.7896   17.4761    8.1807
  QMMM:     7        7      C       20.1826   17.9503    9.5064
  QMMM:     8        8      C       20.3384   16.2443    7.6242
  QMMM:     9        9      C       21.1066   15.3523    8.4182
  QMMM:    10       10      C       21.6304   14.2559    7.7773
  QMMM:    11       11      O       19.2799   16.7200    5.4662
  QMMM:    12       12      O       19.0339   18.3370   11.8125
  QMMM:    13       13      O       20.1806   16.0425   11.2401
  QMMM:    14       14      O       17.9246   16.7946   10.3182
  QMMM:    15       15      P       19.3933   17.2444   10.8817
  QMMM:    16       16      O       22.0470   12.8116    6.0408
  QMMM:    17       17      H       20.4029   14.6086    4.5581
  QMMM:    18       18      O       17.9412   18.3930    5.1909
  QMMM:    19       19      H       18.5110   19.1558    7.7352
  QMMM:    20       20      H       21.2796   17.7727    9.6534
  QMMM:    21       21      H       20.0168   19.0569    9.5790
  QMMM:    22       22      O       22.4332   13.2410    8.3065
  QMMM:    23       23      H       21.2045   15.5214    9.5163
  QMMM:    24       24      H       17.2215   17.2886   10.7259
  QMMM:    25       25      C       22.6921   12.3134    7.2364
  QMMM:    26       26      H       23.7940   12.2744    7.0519
  QMMM:    27       27      H       22.2407   11.3243    7.4963

           --------- Calculation Completed ----------

