            --------------------------------------------------------
                             AMBER SQM VERSION 19
 
                                     By
              Ross C. Walker, Michael F. Crowley, Scott Brozell,
                         Tim Giese, Andreas W. Goetz,
                        Tai-Sung Lee and David A. Case
 
            --------------------------------------------------------
 

--------------------------------------------------------------------------------
  QM CALCULATION INFO
--------------------------------------------------------------------------------

| QMMM: Citation for AMBER QMMM Run:
| QMMM: R.C. Walker, M.F. Crowley and D.A. Case, J. COMP. CHEM. 29:1019, 2008

QMMM: SINGLET STATE CALCULATION
QMMM: RHF CALCULATION, NO. OF DOUBLY OCCUPIED LEVELS = 48

| QMMM: *** Selected Hamiltonian *** 
| QMMM: AM1         

| QMMM: *** Parameter sets in use ***
| QMMM: C : M.J.S.DEWAR et al. JACS, 107, 3902, (1985)
| QMMM: O : M.J.S.DEWAR et al. JACS, 107, 3902, (1985)
| QMMM: P : M.J.S.DEWAR et al. THEOCHEM, 187,1, (1989)
| QMMM: H : M.J.S.DEWAR et al. JACS, 107, 3902, (1985)

| QMMM: *** SCF convergence criteria ***
| QMMM: Energy change                :  0.1D-09 kcal/mol
| QMMM: Error matrix |FP-PF|         :  0.1D+00 au
| QMMM: Density matrix change        :  0.5D-06
| QMMM: Maximum number of SCF cycles :     1000

| QMMM: *** Diagonalization Routine Information ***
| QMMM: Pseudo diagonalizations are allowed.
| QMMM: Auto diagonalization routine selection is in use.
| QMMM:
| QMMM: Timing diagonalization routines:
| QMMM:                              norbs =       84
| QMMM:    diag iterations used for timing =       15
| QMMM:
| QMMM:              Internal diag routine = 0.055325 seconds
| QMMM:                 Dspev diag routine = 0.039226 seconds
| QMMM:                Dspevd diag routine = 0.010794 seconds
| QMMM:                Dspevx diag routine = 0.054296 seconds
| QMMM:                 Dsyev diag routine = 0.035968 seconds
| QMMM:                Dsyevd diag routine = 0.024125 seconds
| QMMM:                Dsyevr diag routine = 0.027710 seconds
| QMMM:
| QMMM:                Pseudo diag routine = 0.012580 seconds
| QMMM: Pseudo diagonalization appears to be slower than regular
| QMMM: diagonalization. Setting pseudo_diag=0 for optimum performance.
| QMMM:
| QMMM: Using dspevd routine (diag_routine=3).

  QMMM: QM Region Cartesian Coordinates (*=link atom) 
  QMMM: QM_NO.   MM_NO.  ATOM         X         Y         Z
  QMMM:     1        1      C       21.6020   13.9130    6.4820
  QMMM:     2        2      C       20.7590   14.6940    5.7360
  QMMM:     3        3      C       20.1750   15.8390    6.2610
  QMMM:     4        4      C       18.7100   17.6140    6.0400
  QMMM:     5        5      C       18.9740   18.0800    7.3640
  QMMM:     6        6      C       19.8330   17.3990    8.1430
  QMMM:     7        7      C       20.1010   17.9910    9.5090
  QMMM:     8        8      C       20.4600   16.2010    7.5780
  QMMM:     9        9      C       21.3170   15.3970    8.3290
  QMMM:    10       10      C       21.8830   14.2700    7.7980
  QMMM:    11       11      O       19.3200   16.5470    5.4660
  QMMM:    12       12      O       19.2960   17.9660   12.1070
  QMMM:    13       13      O       19.5090   15.7210   10.9010
  QMMM:    14       14      O       17.6080   17.3040   10.3440
  QMMM:    15       15      P       19.1340   17.1750   10.8310
  QMMM:    16       16      C       22.1820   12.6580    5.8460
  QMMM:    17       17      H       20.5510   14.4290    4.7950
  QMMM:    18       18      O       17.8620   18.2870    5.4700
  QMMM:    19       19      H       18.5130   18.8950    7.6950
  QMMM:    20       20      H       21.2740   17.9920    9.7620
  QMMM:    21       21      H       19.7130   19.1250    9.5370
  QMMM:    22       22      C       22.7830   13.4370    8.6980
  QMMM:    23       23      H       21.5120   15.6410    9.2790
  QMMM:    24       24      H       23.3790   12.6600    5.9270
  QMMM:    25       25      H       21.8910   12.5790    4.6850
  QMMM:    26       26      H       21.7450   11.6940    6.4130
  QMMM:    27       27      H       23.8070   13.1810    8.1270
  QMMM:    28       28      H       23.0450   14.0240    9.7120
  QMMM:    29       29      H       22.2070   12.4180    8.9680
  QMMM:    30       30      H       17.1280   17.9830   10.9030

--------------------------------------------------------------------------------
  RESULTS
--------------------------------------------------------------------------------

      iter         sqm energy              rms gradient
      ----    -------------------    -----------------------
xmin    10     -288.8543 kcal/mol        1.4725 kcal/(mol*A)
xmin    20     -289.2587 kcal/mol        0.3123 kcal/(mol*A)
xmin    30     -289.3481 kcal/mol        0.4863 kcal/(mol*A)
xmin    40     -289.3745 kcal/mol        0.2297 kcal/(mol*A)
xmin    50     -289.3846 kcal/mol        0.0574 kcal/(mol*A)
xmin    60     -289.3943 kcal/mol        0.0462 kcal/(mol*A)
xmin    70     -289.3947 kcal/mol        0.0348 kcal/(mol*A)
xmin    80     -289.3958 kcal/mol        0.0206 kcal/(mol*A)
xmin    90     -289.3958 kcal/mol        0.0314 kcal/(mol*A)
xmin   100     -289.3961 kcal/mol        0.0111 kcal/(mol*A)
xmin   110     -289.3962 kcal/mol        0.0076 kcal/(mol*A)
xmin   120     -289.3962 kcal/mol        0.0015 kcal/(mol*A)
xmin   130     -289.3962 kcal/mol        0.0010 kcal/(mol*A)
  ... geometry converged !
 
 Final MO eigenvalues (eV):
 -39.0320  -36.8852  -34.7180  -33.9691  -32.0964  -30.2309  -30.1542  -29.2301
 -29.0056  -26.4562  -25.8412  -24.3940  -20.8595  -20.6627  -19.8394  -16.5802
 -15.8626  -15.2225  -14.9176  -14.1389  -13.4852  -13.1486  -12.8465  -12.7827
 -12.3205  -12.0701  -11.6905  -11.3627  -11.1900  -11.1631  -10.9823  -10.9419
 -10.7924  -10.4346  -10.0535   -9.6118   -9.5159   -9.3981   -8.9695   -8.4308
  -8.3598   -8.0126   -6.8686   -6.7397   -6.4411   -6.4231   -6.3460   -6.1807
   2.0997    2.8282    3.3736    4.5924    4.6428    5.4159    5.8854    6.0311
   6.1309    6.2076    6.3538    6.3942    6.4642    6.6337    6.7166    6.7620
   6.8383    6.8791    6.9660    7.0614    7.2507    7.3639    7.5248    7.5974
   7.6243    7.7771    8.0053    8.1186    8.2384    8.4112    8.8081    8.9854
   9.5235   10.2672   11.0570   12.4449

 Heat of formation   =       -289.39622387 kcal/mol  (      -12.54916196 eV)

 Total SCF energy    =     -79243.51058271 kcal/mol  (    -3436.25647555 eV)
 Electronic energy   =    -468886.40393555 kcal/mol  (   -20332.44022096 eV)
 Core-core repulsion =     389642.89335285 kcal/mol  (    16896.18374541 eV)
 
    Atomic Charges for Step       1 :
  Atom    Element       Mulliken Charge
     1      C                 -0.040
     2      C                 -0.173
     3      C                  0.098
     4      C                  0.351
     5      C                 -0.301
     6      C                  0.145
     7      C                 -0.798
     8      C                 -0.133
     9      C                 -0.060
    10      C                 -0.112
    11      O                 -0.207
    12      O                 -1.186
    13      O                 -1.166
    14      O                 -0.824
    15      P                  2.618
    16      C                 -0.174
    17      H                  0.140
    18      O                 -0.348
    19      H                  0.161
    20      H                  0.129
    21      H                  0.129
    22      C                 -0.170
    23      H                  0.219
    24      H                  0.078
    25      H                  0.072
    26      H                  0.082
    27      H                  0.064
    28      H                  0.106
    29      H                  0.070
    30      H                  0.231
 Total Mulliken Charge =      -1.000
 
                  X        Y        Z     TOTAL  
  QM DIPOLE   -90.985  -82.994  -47.521  132.002
 
 Final Structure

  QMMM: QM Region Cartesian Coordinates (*=link atom) 
  QMMM: QM_NO.   MM_NO.  ATOM         X         Y         Z
  QMMM:     1        1      C       21.5459   13.9356    6.5047
  QMMM:     2        2      C       20.7250   14.7447    5.7242
  QMMM:     3        3      C       20.1325   15.8834    6.2962
  QMMM:     4        4      C       18.6479   17.7185    5.9934
  QMMM:     5        5      C       18.9373   18.1518    7.3399
  QMMM:     6        6      C       19.7842   17.4665    8.1589
  QMMM:     7        7      C       20.1648   17.9941    9.4684
  QMMM:     8        8      C       20.3801   16.2431    7.6350
  QMMM:     9        9      C       21.1775   15.3890    8.4145
  QMMM:    10       10      C       21.7616   14.2513    7.8626
  QMMM:    11       11      O       19.3014   16.6041    5.4631
  QMMM:    12       12      O       19.0180   18.3658   11.7757
  QMMM:    13       13      O       20.3410   16.1552   11.2738
  QMMM:    14       14      O       18.0206   16.6822   10.3573
  QMMM:    15       15      P       19.4549   17.2742   10.8765
  QMMM:    16       16      C       22.1735   12.7311    5.9121
  QMMM:    17       17      H       20.5209   14.5054    4.6717
  QMMM:    18       18      O       17.8984   18.2171    5.1471
  QMMM:    19       19      H       18.4336   19.0744    7.6616
  QMMM:    20       20      H       21.2743   17.8908    9.5946
  QMMM:    21       21      H       19.9293   19.0893    9.5192
  QMMM:    22       22      C       22.5971   13.3702    8.7116
  QMMM:    23       23      H       21.2840   15.6114    9.5035
  QMMM:    24       24      H       23.2786   12.7444    6.0879
  QMMM:    25       25      H       21.9887   12.6731    4.8118
  QMMM:    26       26      H       21.7581   11.8083    6.3907
  QMMM:    27       27      H       23.6608   13.3918    8.3643
  QMMM:    28       28      H       22.5631   13.6957    9.7812
  QMMM:    29       29      H       22.2343   12.3134    8.6517
  QMMM:    30       30      H       17.2854   17.1380   10.7528

           --------- Calculation Completed ----------

