            --------------------------------------------------------
                             AMBER SQM VERSION 19
 
                                     By
              Ross C. Walker, Michael F. Crowley, Scott Brozell,
                         Tim Giese, Andreas W. Goetz,
                        Tai-Sung Lee and David A. Case
 
            --------------------------------------------------------
 

--------------------------------------------------------------------------------
  QM CALCULATION INFO
--------------------------------------------------------------------------------

| QMMM: Citation for AMBER QMMM Run:
| QMMM: R.C. Walker, M.F. Crowley and D.A. Case, J. COMP. CHEM. 29:1019, 2008

QMMM: SINGLET STATE CALCULATION
QMMM: RHF CALCULATION, NO. OF DOUBLY OCCUPIED LEVELS = 39

| QMMM: *** Selected Hamiltonian *** 
| QMMM: AM1         

| QMMM: *** Parameter sets in use ***
| QMMM: C : M.J.S.DEWAR et al. JACS, 107, 3902, (1985)
| QMMM: N : M.J.S.DEWAR et al. JACS, 107, 3902, (1985)
| QMMM: O : M.J.S.DEWAR et al. JACS, 107, 3902, (1985)
| QMMM: P : M.J.S.DEWAR et al. THEOCHEM, 187,1, (1989)
| QMMM: H : M.J.S.DEWAR et al. JACS, 107, 3902, (1985)

| QMMM: *** SCF convergence criteria ***
| QMMM: Energy change                :  0.1D-09 kcal/mol
| QMMM: Error matrix |FP-PF|         :  0.1D+00 au
| QMMM: Density matrix change        :  0.5D-06
| QMMM: Maximum number of SCF cycles :     1000

| QMMM: *** Diagonalization Routine Information ***
| QMMM: Pseudo diagonalizations are allowed.
| QMMM: Auto diagonalization routine selection is in use.
| QMMM:
| QMMM: Timing diagonalization routines:
| QMMM:                              norbs =       69
| QMMM:    diag iterations used for timing =       15
| QMMM:
| QMMM:              Internal diag routine = 0.034902 seconds
| QMMM:                 Dspev diag routine = 0.041600 seconds
| QMMM:                Dspevd diag routine = 0.007103 seconds
| QMMM:                Dspevx diag routine = 0.036010 seconds
| QMMM:                 Dsyev diag routine = 0.024271 seconds
| QMMM:                Dsyevd diag routine = 0.015751 seconds
| QMMM:                Dsyevr diag routine = 0.019221 seconds
| QMMM:
| QMMM:                Pseudo diag routine = 0.007062 seconds
| QMMM:
| QMMM: Using dspevd routine (diag_routine=3).

  QMMM: QM Region Cartesian Coordinates (*=link atom) 
  QMMM: QM_NO.   MM_NO.  ATOM         X         Y         Z
  QMMM:     1        1      C       22.2150   14.0510    7.0130
  QMMM:     2        2      C       21.3000   14.6380    6.2120
  QMMM:     3        3      C       20.5850   15.7730    6.6500
  QMMM:     4        4      C       19.0340   17.3850    6.2110
  QMMM:     5        5      C       19.1940   17.9240    7.4790
  QMMM:     6        6      C       20.0800   17.3870    8.3530
  QMMM:     7        7      C       20.1880   18.0610    9.7130
  QMMM:     8        8      C       20.8220   16.2740    7.9430
  QMMM:     9        9      C       21.7890   15.6360    8.7550
  QMMM:    10       10      C       22.4670   14.5600    8.3000
  QMMM:    11       11      N       19.6970   16.3150    5.7700
  QMMM:    12       12      O       19.2850   18.0700   12.2660
  QMMM:    13       13      O       19.6080   15.8020   11.1380
  QMMM:    14       14      O       17.6620   17.2930   10.4850
  QMMM:    15       15      P       19.1820   17.2410   11.0090
  QMMM:    16       16      H       22.7180   13.2480    6.6900
  QMMM:    17       17      H       21.1250   14.2690    5.2990
  QMMM:    18       18      H       18.6480   18.7140    7.7530
  QMMM:    19       19      H       21.3300   18.0720   10.0810
  QMMM:    20       20      H       19.8160   19.1990    9.6530
  QMMM:    21       21      H       17.2180   18.1340   10.8040
  QMMM:    22       22      H       23.1500   14.1180    8.8830
  QMMM:    23       23      H       18.3720   17.8140    5.5960
  QMMM:    24       24      H       21.9730   15.9810    9.6750

--------------------------------------------------------------------------------
  RESULTS
--------------------------------------------------------------------------------

      iter         sqm energy              rms gradient
      ----    -------------------    -----------------------
xmin    10     -186.4043 kcal/mol        1.2036 kcal/(mol*A)
xmin    20     -187.0573 kcal/mol        2.3957 kcal/(mol*A)
xmin    30     -187.4616 kcal/mol        0.3832 kcal/(mol*A)
xmin    40     -187.4786 kcal/mol        0.0183 kcal/(mol*A)
xmin    50     -187.4788 kcal/mol        0.0039 kcal/(mol*A)
xmin    60     -187.4789 kcal/mol        0.0046 kcal/(mol*A)
  ... geometry converged !
 
 Final MO eigenvalues (eV):
 -37.8471  -34.4193  -32.3798  -31.6528  -28.9011  -28.7565  -28.0211  -27.9181
 -25.2219  -21.4025  -21.1933  -18.7636  -16.0145  -15.1339  -14.6498  -14.1024
 -12.8027  -12.3635  -12.1647  -11.7164  -11.6642  -11.3603  -10.8910  -10.6158
 -10.5028   -9.7068   -9.6291   -9.3877   -9.1153   -8.7532   -8.1634   -7.7695
  -7.6646   -6.6471   -6.5411   -6.3580   -6.1629   -6.0871   -5.7559    2.5121
   2.8310    4.0029    4.8734    6.0268    6.1401    6.4765    6.5909    6.7083
   6.8352    6.9572    7.0182    7.0721    7.2269    7.2526    7.4950    7.7055
   7.8957    7.9827    8.0843    8.1572    8.3668    8.5756    8.6752    8.8676
   9.2278    9.7013   10.5403   11.3068   12.6924

 Heat of formation   =       -187.47885240 kcal/mol  (       -8.12969309 eV)

 Total SCF energy    =     -62365.26705111 kcal/mol  (    -2704.36091458 eV)
 Electronic energy   =    -338456.12267955 kcal/mol  (   -14676.55880836 eV)
 Core-core repulsion =     276090.85562844 kcal/mol  (    11972.19789378 eV)
 
    Atomic Charges for Step       1 :
  Atom    Element       Mulliken Charge
     1      C                 -0.127
     2      C                 -0.132
     3      C                  0.004
     4      C                 -0.048
     5      C                 -0.227
     6      C                  0.086
     7      C                 -0.795
     8      C                 -0.088
     9      C                 -0.087
    10      C                 -0.161
    11      N                 -0.177
    12      O                 -1.193
    13      O                 -1.167
    14      O                 -0.824
    15      P                  2.620
    16      H                  0.112
    17      H                  0.128
    18      H                  0.136
    19      H                  0.124
    20      H                  0.121
    21      H                  0.227
    22      H                  0.125
    23      H                  0.134
    24      H                  0.209
 Total Mulliken Charge =      -1.000
 
                  X        Y        Z     TOTAL  
  QM DIPOLE   -94.029  -80.909  -51.142  134.176
 
 Final Structure

  QMMM: QM Region Cartesian Coordinates (*=link atom) 
  QMMM: QM_NO.   MM_NO.  ATOM         X         Y         Z
  QMMM:     1        1      C       22.1434   14.0359    7.0459
  QMMM:     2        2      C       21.3210   14.6981    6.1701
  QMMM:     3        3      C       20.5652   15.8359    6.6027
  QMMM:     4        4      C       19.0327   17.5040    6.1559
  QMMM:     5        5      C       19.1554   18.0529    7.4624
  QMMM:     6        6      C       20.0117   17.4613    8.3759
  QMMM:     7        7      C       20.2522   18.0889    9.6776
  QMMM:     8        8      C       20.7192   16.2822    7.9522
  QMMM:     9        9      C       21.5424   15.5401    8.8407
  QMMM:    10       10      C       22.2449   14.4476    8.3940
  QMMM:    11       11      N       19.7119   16.4601    5.7110
  QMMM:    12       12      O       18.9109   18.5216   11.8610
  QMMM:    13       13      O       20.3677   16.3584   11.5959
  QMMM:    14       14      O       18.1009   16.7232   10.4774
  QMMM:    15       15      P       19.4715   17.4084   11.0586
  QMMM:    16       16      H       22.7224   13.1636    6.7090
  QMMM:    17       17      H       21.2225   14.3611    5.1276
  QMMM:    18       18      H       18.5705   18.9423    7.7292
  QMMM:    19       19      H       21.3519   18.0697    9.8964
  QMMM:    20       20      H       19.9510   19.1683    9.6358
  QMMM:    21       21      H       17.3247   17.1566   10.8151
  QMMM:    22       22      H       22.8770   13.8737    9.0862
  QMMM:    23       23      H       18.3397   17.9735    5.4342
  QMMM:    24       24      H       21.5470   15.8318    9.9163

           --------- Calculation Completed ----------

