/home/jguven/Software/miniconda3/envs/bss-d/lib/python3.9/site-packages/numpy/core/getlimits.py:499: UserWarning: The value of the smallest subnormal for <class 'numpy.float64'> type is zero.
  setattr(self, word, getattr(machar, word).flat[0])
/home/jguven/Software/miniconda3/envs/bss-d/lib/python3.9/site-packages/numpy/core/getlimits.py:89: UserWarning: The value of the smallest subnormal for <class 'numpy.float64'> type is zero.
  return self._float_to_str(self.smallest_subnormal)
/home/jguven/Software/miniconda3/envs/bss-d/lib/python3.9/site-packages/numpy/core/getlimits.py:499: UserWarning: The value of the smallest subnormal for <class 'numpy.float32'> type is zero.
  setattr(self, word, getattr(machar, word).flat[0])
/home/jguven/Software/miniconda3/envs/bss-d/lib/python3.9/site-packages/numpy/core/getlimits.py:89: UserWarning: The value of the smallest subnormal for <class 'numpy.float32'> type is zero.
  return self._float_to_str(self.smallest_subnormal)
Warning: importing 'simtk.openmm' is deprecated.  Import 'openmm' instead.

==============================================================
Sending anonymous Sire usage statistics to http://siremol.org.
For more information, see http://siremol.org/analytics
To disable, set the environment variable 'SIRE_DONT_PHONEHOME' to 1
To see the information sent, set the environment variable 
SIRE_VERBOSE_PHONEHOME equal to 1. To silence this message, set
the environment variable SIRE_SILENT_PHONEHOME to 1.
==============================================================

program: equilibration_7.py, index: 6
---------------------------
Working on solvated ligand.
Minimising in 250 steps.
Finished minimisation.
NVT equilibration for 5 ps while restraining all non-solvent atoms.

Fatal error:
There is no domain decomposition for 16 ranks that is compatible with the
given box and a minimum cell size of 0.73125 nm
Change the number of ranks or mdrun option -rdd or -dds
Look in the log file for details on the domain decomposition

For more information and tips for troubleshooting, please check the GROMACS
website at http://www.gromacs.org/Documentation/Errors
-------------------------------------------------------
None
All output has been redirected to the stdout stream!
None
Traceback (most recent call last):
  File "/home/jguven/Projects/metalloproteins/execution_model/scripts/parallel_solvation/ligands/ligand_7/equilibration_7.py", line 54, in <module>
    restrained_nvt = run_process(minimised, protocol)
  File "/home/jguven/Projects/metalloproteins/execution_model/scripts/parallel_solvation/ligands/ligand_7/equilibration_7.py", line 19, in run_process
    raise _Exceptions.ThirdPartyError("The process exited with an error!")
BioSimSpace._Exceptions._exceptions.ThirdPartyError: The process exited with an error!
