/home/jguven/Software/miniconda3/envs/bss-d/lib/python3.9/site-packages/numpy/core/getlimits.py:499: UserWarning: The value of the smallest subnormal for <class 'numpy.float64'> type is zero.
  setattr(self, word, getattr(machar, word).flat[0])
/home/jguven/Software/miniconda3/envs/bss-d/lib/python3.9/site-packages/numpy/core/getlimits.py:89: UserWarning: The value of the smallest subnormal for <class 'numpy.float64'> type is zero.
  return self._float_to_str(self.smallest_subnormal)
/home/jguven/Software/miniconda3/envs/bss-d/lib/python3.9/site-packages/numpy/core/getlimits.py:499: UserWarning: The value of the smallest subnormal for <class 'numpy.float32'> type is zero.
  setattr(self, word, getattr(machar, word).flat[0])
/home/jguven/Software/miniconda3/envs/bss-d/lib/python3.9/site-packages/numpy/core/getlimits.py:89: UserWarning: The value of the smallest subnormal for <class 'numpy.float32'> type is zero.
  return self._float_to_str(self.smallest_subnormal)
Warning: importing 'simtk.openmm' is deprecated.  Import 'openmm' instead.

==============================================================
Sending anonymous Sire usage statistics to http://siremol.org.
For more information, see http://siremol.org/analytics
To disable, set the environment variable 'SIRE_DONT_PHONEHOME' to 1
To see the information sent, set the environment variable 
SIRE_VERBOSE_PHONEHOME equal to 1. To silence this message, set
the environment variable SIRE_SILENT_PHONEHOME to 1.
==============================================================

program: equilibration.py, index: 12
---------------------------
Working on solvated ligand.
Minimising in 250 steps..
<bound method Process.getOutput of BioSimSpace.Process.Gromacs(<BioSimSpace.System: nMolecules=657>, BioSimSpace.Protocol.Minimisation(steps=250), exe='/opt/bin/bin/gmx', name='gromacs', work_dir='/tmp/tmp0uci0egy', seed=None)>
Finished minimisation.
NVT equilibration for 5 ps while restraining all non-solvent atoms.
<bound method Process.getOutput of BioSimSpace.Process.Gromacs(<BioSimSpace.System: nMolecules=657>, BioSimSpace.Protocol.Equilibration(timestep=2.0000 fs, runtime=5.0000 ps, temperature_start=0.0100 K, temperature_end=300.0000 K, pressure=None, report_interval=100, restart_interval=500, restraint='all', force_constant=10.00), exe='/opt/bin/bin/gmx', name='gromacs', work_dir='/tmp/tmpfeqy9hmh', seed=None)>
NVT equilibration for 50 ps without restraints.
<bound method Process.getOutput of BioSimSpace.Process.Gromacs(<BioSimSpace.System: nMolecules=657>, BioSimSpace.Protocol.Equilibration(timestep=2.0000 fs, runtime=50.0000 ps, temperature_start=300.0000 K, temperature_end=300.0000 K, pressure=None, report_interval=100, restart_interval=500, restraint=None, force_constant=10.00), exe='/opt/bin/bin/gmx', name='gromacs', work_dir='/tmp/tmpgt7wrzfr', seed=None)>
NPT equilibration for 200 ps while restraining non-solvent heavy atoms.
<bound method Process.getOutput of BioSimSpace.Process.Gromacs(<BioSimSpace.System: nMolecules=657>, BioSimSpace.Protocol.Equilibration(timestep=2.0000 fs, runtime=200.0000 ps, temperature_start=300.0000 K, temperature_end=300.0000 K, pressure=1.0000 atm, report_interval=100, restart_interval=500, restraint='heavy', force_constant=10.00), exe='/opt/bin/bin/gmx', name='gromacs', work_dir='/tmp/tmpkeagf3gq', seed=None)>
NPT equilibration for 200 ps without restraints.
<bound method Process.getOutput of BioSimSpace.Process.Gromacs(<BioSimSpace.System: nMolecules=657>, BioSimSpace.Protocol.Equilibration(timestep=2.0000 fs, runtime=200.0000 ps, temperature_start=300.0000 K, temperature_end=300.0000 K, pressure=1.0000 atm, report_interval=100, restart_interval=500, restraint=None, force_constant=10.00), exe='/opt/bin/bin/gmx', name='gromacs', work_dir='/tmp/tmp_3gflvi7', seed=None)>
---------------------------
Working on solvated ligand+protein.
Minimising in 250 steps..
<bound method Process.getOutput of BioSimSpace.Process.Gromacs(<BioSimSpace.System: nMolecules=16838>, BioSimSpace.Protocol.Minimisation(steps=250), exe='/opt/bin/bin/gmx', name='gromacs', work_dir='/tmp/tmphdcdikfi', seed=None)>
NVT equilibration for 5 ps while restraining all non-solvent atoms.
<bound method Process.getOutput of BioSimSpace.Process.Gromacs(<BioSimSpace.System: nMolecules=16838>, BioSimSpace.Protocol.Equilibration(timestep=2.0000 fs, runtime=5.0000 ps, temperature_start=0.0100 K, temperature_end=300.0000 K, pressure=None, report_interval=100, restart_interval=500, restraint='all', force_constant=10.00), exe='/opt/bin/bin/gmx', name='gromacs', work_dir='/tmp/tmptzaqddgb', seed=None)>
NVT equilibration for 50 ps while restraining all backbone atoms.
<bound method Process.getOutput of BioSimSpace.Process.Gromacs(<BioSimSpace.System: nMolecules=16838>, BioSimSpace.Protocol.Equilibration(timestep=2.0000 fs, runtime=50.0000 ps, temperature_start=300.0000 K, temperature_end=300.0000 K, pressure=None, report_interval=100, restart_interval=500, restraint='backbone', force_constant=10.00), exe='/opt/bin/bin/gmx', name='gromacs', work_dir='/tmp/tmp343c0d3q', seed=None)>
NVT equilibration for 50 ps without restraints.
<bound method Process.getOutput of BioSimSpace.Process.Gromacs(<BioSimSpace.System: nMolecules=16838>, BioSimSpace.Protocol.Equilibration(timestep=2.0000 fs, runtime=50.0000 ps, temperature_start=300.0000 K, temperature_end=300.0000 K, pressure=None, report_interval=100, restart_interval=500, restraint=None, force_constant=10.00), exe='/opt/bin/bin/gmx', name='gromacs', work_dir='/tmp/tmpd8b15ze_', seed=None)>
NPT equilibration for 200 ps while restraining non-solvent heavy atoms..
Traceback (most recent call last):
  File "/home/jguven/projects/metalloproteins/execution_model/scripts/equilibration.py", line 121, in <module>
    restrained_npt_system = run_process(npt, protocol)
NameError: name 'npt' is not defined
