            --------------------------------------------------------
                             AMBER SQM VERSION 19
 
                                     By
              Ross C. Walker, Michael F. Crowley, Scott Brozell,
                         Tim Giese, Andreas W. Goetz,
                        Tai-Sung Lee and David A. Case
 
            --------------------------------------------------------
 

--------------------------------------------------------------------------------
  QM CALCULATION INFO
--------------------------------------------------------------------------------

| QMMM: Citation for AMBER QMMM Run:
| QMMM: R.C. Walker, M.F. Crowley and D.A. Case, J. COMP. CHEM. 29:1019, 2008

QMMM: SINGLET STATE CALCULATION
QMMM: RHF CALCULATION, NO. OF DOUBLY OCCUPIED LEVELS = 45

| QMMM: *** Selected Hamiltonian *** 
| QMMM: AM1         

| QMMM: *** Parameter sets in use ***
| QMMM: C : M.J.S.DEWAR et al. JACS, 107, 3902, (1985)
| QMMM: N : M.J.S.DEWAR et al. JACS, 107, 3902, (1985)
| QMMM: O : M.J.S.DEWAR et al. JACS, 107, 3902, (1985)
| QMMM: P : M.J.S.DEWAR et al. THEOCHEM, 187,1, (1989)
| QMMM: H : M.J.S.DEWAR et al. JACS, 107, 3902, (1985)

| QMMM: *** SCF convergence criteria ***
| QMMM: Energy change                :  0.1D-09 kcal/mol
| QMMM: Error matrix |FP-PF|         :  0.1D+00 au
| QMMM: Density matrix change        :  0.5D-06
| QMMM: Maximum number of SCF cycles :     1000

| QMMM: *** Diagonalization Routine Information ***
| QMMM: Pseudo diagonalizations are allowed.
| QMMM: Auto diagonalization routine selection is in use.
| QMMM:
| QMMM: Timing diagonalization routines:
| QMMM:                              norbs =       79
| QMMM:    diag iterations used for timing =       15
| QMMM:
| QMMM:              Internal diag routine = 0.031253 seconds
| QMMM:                 Dspev diag routine = 0.030334 seconds
| QMMM:                Dspevd diag routine = 0.015932 seconds
| QMMM:                Dspevx diag routine = 0.049460 seconds
| QMMM:                 Dsyev diag routine = 0.031466 seconds
| QMMM:                Dsyevd diag routine = 0.116903 seconds
| QMMM:                Dsyevr diag routine = 0.024811 seconds
| QMMM:
| QMMM:                Pseudo diag routine = 0.010366 seconds
| QMMM:
| QMMM: Using dspevd routine (diag_routine=3).

  QMMM: QM Region Cartesian Coordinates (*=link atom) 
  QMMM: QM_NO.   MM_NO.  ATOM         X         Y         Z
  QMMM:     1        1      C       22.2800   14.0230    7.1700
  QMMM:     2        2      C       21.4390   14.6260    6.2770
  QMMM:     3        3      C       20.6560   15.7160    6.6560
  QMMM:     4        4      C       19.0310   17.3980    6.1420
  QMMM:     5        5      C       19.1570   17.9480    7.4540
  QMMM:     6        6      C       19.9890   17.3790    8.3480
  QMMM:     7        7      C       20.1000   18.0800    9.6790
  QMMM:     8        8      C       20.7640   16.1970    7.9620
  QMMM:     9        9      C       21.6150   15.5580    8.8650
  QMMM:    10       10      C       22.3610   14.4860    8.4750
  QMMM:    11       11      N       19.7690   16.3350    5.7710
  QMMM:    12       12      O       19.2910   18.0150   12.2540
  QMMM:    13       13      O       19.7180   15.7860   11.0830
  QMMM:    14       14      O       17.6710   17.1700   10.4890
  QMMM:    15       15      P       19.1990   17.1950   10.9920
  QMMM:    16       16      H       22.8420   13.2470    6.8800
  QMMM:    17       17      H       21.3960   14.2760    5.3450
  QMMM:    18       18      O       18.2140   17.9920    5.4460
  QMMM:    19       19      H       18.6230   18.7430    7.6920
  QMMM:    20       20      H       21.2560   18.2110    9.9750
  QMMM:    21       21      H       19.5940   19.1670    9.6390
  QMMM:    22       22      H       21.6790   15.8910    9.8070
  QMMM:    23       23      H       17.2090   18.0220   10.7480
  QMMM:    24       24      H       22.9710   14.0370    9.1280
  QMMM:    25       25      C       19.5780   15.8610    4.3850
  QMMM:    26       26      H       18.4010   15.8740    4.1810
  QMMM:    27       27      H       20.1020   16.6190    3.6150
  QMMM:    28       28      H       19.9140   14.7360    4.1440

--------------------------------------------------------------------------------
  RESULTS
--------------------------------------------------------------------------------

      iter         sqm energy              rms gradient
      ----    -------------------    -----------------------
xmin    10     -229.5421 kcal/mol        0.8243 kcal/(mol*A)
xmin    20     -230.3139 kcal/mol        0.5771 kcal/(mol*A)
xmin    30     -230.3796 kcal/mol        0.1247 kcal/(mol*A)
xmin    40     -230.3827 kcal/mol        0.0362 kcal/(mol*A)
xmin    50     -230.3827 kcal/mol        0.0010 kcal/(mol*A)
  ... geometry converged !
 
 Final MO eigenvalues (eV):
 -38.5592  -35.9945  -33.6201  -33.3182  -31.9146  -29.1129  -28.8665  -28.2620
 -27.7125  -26.8808  -23.9733  -21.5351  -20.9745  -18.8499  -16.6470  -16.0019
 -14.9493  -14.7431  -13.8553  -13.2907  -13.1702  -12.6799  -12.2478  -12.1248
 -11.5343  -11.4795  -11.1328  -11.0321  -10.6374  -10.6255  -10.5699   -9.9186
  -9.4249   -9.2214   -8.8181   -8.6287   -8.3141   -8.1825   -7.9092   -6.7567
  -6.5629   -6.2576   -6.1844   -6.1244   -5.9798    2.3468    2.9414    3.6176
   4.2775    4.8386    5.6390    6.0021    6.1491    6.2105    6.4103    6.4596
   6.5978    6.6818    6.7795    6.8893    6.9336    6.9663    7.1208    7.4933
   7.5821    7.6454    7.7616    7.8041    8.1171    8.1645    8.3865    8.4370
   8.5408    8.8396    9.1432    9.6937   10.4565   11.2149   12.6042

 Heat of formation   =       -230.38272381 kcal/mol  (       -9.99014456 eV)

 Total SCF energy    =     -73344.15398477 kcal/mol  (    -3180.44117709 eV)
 Electronic energy   =    -426279.00821936 kcal/mol  (   -18484.84489915 eV)
 Core-core repulsion =     352934.85423459 kcal/mol  (    15304.40372207 eV)
 
    Atomic Charges for Step       1 :
  Atom    Element       Mulliken Charge
     1      C                 -0.096
     2      C                 -0.209
     3      C                  0.100
     4      C                  0.348
     5      C                 -0.271
     6      C                  0.119
     7      C                 -0.798
     8      C                 -0.112
     9      C                 -0.063
    10      C                 -0.180
    11      N                 -0.261
    12      O                 -1.189
    13      O                 -1.167
    14      O                 -0.824
    15      P                  2.619
    16      H                  0.114
    17      H                  0.121
    18      O                 -0.408
    19      H                  0.158
    20      H                  0.125
    21      H                  0.126
    22      H                  0.217
    23      H                  0.229
    24      H                  0.131
    25      C                 -0.082
    26      H                  0.118
    27      H                  0.064
    28      H                  0.069
 Total Mulliken Charge =      -1.000
 
                  X        Y        Z     TOTAL  
  QM DIPOLE   -91.468  -83.587  -50.921  133.963
 
 Final Structure

  QMMM: QM Region Cartesian Coordinates (*=link atom) 
  QMMM: QM_NO.   MM_NO.  ATOM         X         Y         Z
  QMMM:     1        1      C       22.1700   14.0224    7.1171
  QMMM:     2        2      C       21.3493   14.6738    6.2117
  QMMM:     3        3      C       20.5707   15.7901    6.6175
  QMMM:     4        4      C       18.9151   17.5202    6.1322
  QMMM:     5        5      C       19.1018   18.0173    7.4893
  QMMM:     6        6      C       19.9509   17.4353    8.3806
  QMMM:     7        7      C       20.1949   18.0547    9.6868
  QMMM:     8        8      C       20.6868   16.2489    7.9620
  QMMM:     9        9      C       21.4940   15.5348    8.8650
  QMMM:    10       10      C       22.2349   14.4395    8.4493
  QMMM:    11       11      N       19.7052   16.4259    5.7199
  QMMM:    12       12      O       18.8356   18.4624   11.8678
  QMMM:    13       13      O       20.3639   16.3456   11.6161
  QMMM:    14       14      O       18.0919   16.6196   10.4949
  QMMM:    15       15      P       19.4306   17.3618   11.0752
  QMMM:    16       16      H       22.7652   13.1593    6.7841
  QMMM:    17       17      H       21.3038   14.3070    5.1765
  QMMM:    18       18      O       18.1224   18.0359    5.3113
  QMMM:    19       19      H       18.5042   18.9044    7.7430
  QMMM:    20       20      H       21.2964   18.0471    9.8957
  QMMM:    21       21      H       19.8799   19.1310    9.6559
  QMMM:    22       22      H       21.4799   15.8342    9.9406
  QMMM:    23       23      H       17.2956   17.0428   10.7971
  QMMM:    24       24      H       22.8587   13.8938    9.1706
  QMMM:    25       25      C       19.5803   15.9202    4.3805
  QMMM:    26       26      H       18.8235   16.5282    3.8154
  QMMM:    27       27      H       20.5679   15.9837    3.8489
  QMMM:    28       28      H       19.2455   14.8481    4.3970

           --------- Calculation Completed ----------

