            --------------------------------------------------------
                             AMBER SQM VERSION 19
 
                                     By
              Ross C. Walker, Michael F. Crowley, Scott Brozell,
                         Tim Giese, Andreas W. Goetz,
                        Tai-Sung Lee and David A. Case
 
            --------------------------------------------------------
 

--------------------------------------------------------------------------------
  QM CALCULATION INFO
--------------------------------------------------------------------------------

| QMMM: Citation for AMBER QMMM Run:
| QMMM: R.C. Walker, M.F. Crowley and D.A. Case, J. COMP. CHEM. 29:1019, 2008

QMMM: SINGLET STATE CALCULATION
QMMM: RHF CALCULATION, NO. OF DOUBLY OCCUPIED LEVELS = 45

| QMMM: *** Selected Hamiltonian *** 
| QMMM: AM1         

| QMMM: *** Parameter sets in use ***
| QMMM: C : M.J.S.DEWAR et al. JACS, 107, 3902, (1985)
| QMMM: O : M.J.S.DEWAR et al. JACS, 107, 3902, (1985)
| QMMM: P : M.J.S.DEWAR et al. THEOCHEM, 187,1, (1989)
| QMMM: H : M.J.S.DEWAR et al. JACS, 107, 3902, (1985)

| QMMM: *** SCF convergence criteria ***
| QMMM: Energy change                :  0.1D-09 kcal/mol
| QMMM: Error matrix |FP-PF|         :  0.1D+00 au
| QMMM: Density matrix change        :  0.5D-06
| QMMM: Maximum number of SCF cycles :     1000

| QMMM: *** Diagonalization Routine Information ***
| QMMM: Pseudo diagonalizations are allowed.
| QMMM: Auto diagonalization routine selection is in use.
| QMMM:
| QMMM: Timing diagonalization routines:
| QMMM:                              norbs =       78
| QMMM:    diag iterations used for timing =       15
| QMMM:
| QMMM:              Internal diag routine = 0.039833 seconds
| QMMM:                 Dspev diag routine = 0.043230 seconds
| QMMM:                Dspevd diag routine = 0.009330 seconds
| QMMM:                Dspevx diag routine = 0.047425 seconds
| QMMM:                 Dsyev diag routine = 0.030462 seconds
| QMMM:                Dsyevd diag routine = 0.021403 seconds
| QMMM:                Dsyevr diag routine = 0.024122 seconds
| QMMM:
| QMMM:                Pseudo diag routine = 0.010250 seconds
| QMMM: Pseudo diagonalization appears to be slower than regular
| QMMM: diagonalization. Setting pseudo_diag=0 for optimum performance.
| QMMM:
| QMMM: Using dspevd routine (diag_routine=3).

  QMMM: QM Region Cartesian Coordinates (*=link atom) 
  QMMM: QM_NO.   MM_NO.  ATOM         X         Y         Z
  QMMM:     1        1      C       21.5580   13.9840    6.4350
  QMMM:     2        2      C       20.7190   14.7740    5.6900
  QMMM:     3        3      C       20.1370   15.9160    6.2360
  QMMM:     4        4      C       18.6630   17.6920    6.0630
  QMMM:     5        5      C       18.9360   18.1340    7.3960
  QMMM:     6        6      C       19.8010   17.4420    8.1550
  QMMM:     7        7      C       20.0970   17.9960    9.5320
  QMMM:     8        8      C       20.4220   16.2560    7.5610
  QMMM:     9        9      C       21.2770   15.4480    8.3080
  QMMM:    10       10      C       21.8350   14.3340    7.7470
  QMMM:    11       11      O       19.2850   16.6460    5.4610
  QMMM:    12       12      O       19.3140   17.9490   12.1310
  QMMM:    13       13      O       19.5610   15.7060   10.9320
  QMMM:    14       14      O       17.6230   17.2520   10.3870
  QMMM:    15       15      P       19.1570   17.1540   10.8590
  QMMM:    16       16      C       22.1900   12.7090    5.8960
  QMMM:    17       17      H       20.5130   14.5190    4.7440
  QMMM:    18       18      O       17.8000   18.3650    5.5110
  QMMM:    19       19      H       18.4750   18.9390    7.7470
  QMMM:    20       20      H       21.2740   17.9800    9.7630
  QMMM:    21       21      H       19.7260   19.1350    9.5950
  QMMM:    22       22      H       21.4780   15.6770    9.2630
  QMMM:    23       23      H       17.1960   18.0720   10.7750
  QMMM:    24       24      H       22.4430   13.7560    8.2910
  QMMM:    25       25      H       23.3820   12.7480    6.0460
  QMMM:    26       26      H       21.9630   12.5400    4.7290
  QMMM:    27       27      H       21.7520   11.7670    6.5000

--------------------------------------------------------------------------------
  RESULTS
--------------------------------------------------------------------------------

      iter         sqm energy              rms gradient
      ----    -------------------    -----------------------
xmin    10     -282.2234 kcal/mol        0.4846 kcal/(mol*A)
xmin    20     -282.4532 kcal/mol        0.2013 kcal/(mol*A)
xmin    30     -282.4795 kcal/mol        0.6026 kcal/(mol*A)
xmin    40     -282.5481 kcal/mol        0.0715 kcal/(mol*A)
xmin    50     -282.5492 kcal/mol        0.0209 kcal/(mol*A)
xmin    60     -282.5493 kcal/mol        0.0026 kcal/(mol*A)
xmin    70     -282.5493 kcal/mol        0.0099 kcal/(mol*A)
xmin    80     -282.5493 kcal/mol        0.0024 kcal/(mol*A)
xmin    90     -282.5493 kcal/mol        0.0045 kcal/(mol*A)
xmin   100     -282.5494 kcal/mol        0.0042 kcal/(mol*A)
xmin   110     -282.5494 kcal/mol        0.0023 kcal/(mol*A)
xmin   120     -282.5494 kcal/mol        0.0021 kcal/(mol*A)
xmin   130     -282.5494 kcal/mol        0.0056 kcal/(mol*A)
xmin   140     -282.5494 kcal/mol        0.0051 kcal/(mol*A)
xmin   150     -282.5494 kcal/mol        0.0020 kcal/(mol*A)
xmin   160     -282.5494 kcal/mol        0.0050 kcal/(mol*A)
xmin   170     -282.5494 kcal/mol        0.0011 kcal/(mol*A)
xmin   180     -282.5494 kcal/mol        0.0017 kcal/(mol*A)
xmin   190     -282.5494 kcal/mol        0.0010 kcal/(mol*A)
xmin   200     -282.5495 kcal/mol        0.0007 kcal/(mol*A)
xmin   200     -282.5495 kcal/mol        0.0003 kcal/(mol*A)
  ... geometry converged !
 
 Final MO eigenvalues (eV):
 -39.0142  -36.6484  -34.5464  -33.9406  -32.0928  -30.1413  -29.2552  -29.0064
 -28.3446  -26.4117  -25.2672  -21.5943  -20.7652  -19.8828  -16.8086  -16.1960
 -15.1152  -14.9118  -14.1418  -13.4517  -13.1265  -12.9679  -12.4613  -12.3257
 -12.0388  -11.6906  -11.2546  -11.1449  -10.9843  -10.9715  -10.7611  -10.1104
  -9.7686   -9.6578   -9.3924   -8.9935   -8.4539   -8.3771   -8.0358   -6.9592
  -6.7610   -6.5388   -6.4203   -6.3454   -6.1851    2.0806    2.8676    3.3519
   4.5945    4.6468    5.4330    5.8689    6.0132    6.1621    6.1955    6.3555
   6.4144    6.5370    6.6415    6.7373    6.7729    6.9567    7.0896    7.3036
   7.4892    7.5353    7.6251    7.7383    7.9793    8.1100    8.2033    8.3907
   8.7921    8.9860    9.5109   10.2652   11.0576   12.4492

 Heat of formation   =       -282.54945026 kcal/mol  (      -12.25226357 eV)

 Total SCF energy    =     -75649.81077757 kcal/mol  (    -3280.42195818 eV)
 Electronic energy   =    -424658.78873364 kcal/mol  (   -18414.58691009 eV)
 Core-core repulsion =     349008.97795608 kcal/mol  (    15134.16495191 eV)
 
    Atomic Charges for Step       1 :
  Atom    Element       Mulliken Charge
     1      C                 -0.041
     2      C                 -0.175
     3      C                  0.102
     4      C                  0.351
     5      C                 -0.301
     6      C                  0.145
     7      C                 -0.797
     8      C                 -0.136
     9      C                 -0.059
    10      C                 -0.173
    11      O                 -0.208
    12      O                 -1.186
    13      O                 -1.165
    14      O                 -0.824
    15      P                  2.618
    16      C                 -0.176
    17      H                  0.140
    18      O                 -0.348
    19      H                  0.161
    20      H                  0.129
    21      H                  0.129
    22      H                  0.219
    23      H                  0.231
    24      H                  0.132
    25      H                  0.077
    26      H                  0.073
    27      H                  0.082
 Total Mulliken Charge =      -1.000
 
                  X        Y        Z     TOTAL  
  QM DIPOLE   -90.799  -83.019  -47.722  131.963
 
 Final Structure

  QMMM: QM Region Cartesian Coordinates (*=link atom) 
  QMMM: QM_NO.   MM_NO.  ATOM         X         Y         Z
  QMMM:     1        1      C       21.4917   13.9737    6.4851
  QMMM:     2        2      C       20.6886   14.8029    5.7080
  QMMM:     3        3      C       20.1094   15.9425    6.2960
  QMMM:     4        4      C       18.6565   17.8055    6.0051
  QMMM:     5        5      C       18.9386   18.2145    7.3604
  QMMM:     6        6      C       19.7662   17.5037    8.1777
  QMMM:     7        7      C       20.1384   18.0046    9.4999
  QMMM:     8        8      C       20.3499   16.2801    7.6420
  QMMM:     9        9      C       21.1310   15.4022    8.4162
  QMMM:    10       10      C       21.6977   14.2744    7.8425
  QMMM:    11       11      O       19.2973   16.6875    5.4662
  QMMM:    12       12      O       18.9739   18.3584   11.8012
  QMMM:    13       13      O       20.2484   16.1260   11.2686
  QMMM:    14       14      O       17.9524   16.7292   10.3374
  QMMM:    15       15      P       19.3947   17.2743   10.8854
  QMMM:    16       16      C       22.1145   12.7639    5.8991
  QMMM:    17       17      H       20.4873   14.5829    4.6511
  QMMM:    18       18      O       17.9245   18.3277    5.1577
  QMMM:    19       19      H       18.4454   19.1395    7.6912
  QMMM:    20       20      H       21.2438   17.8791    9.6405
  QMMM:    21       21      H       19.9217   19.1029    9.5650
  QMMM:    22       22      H       21.2328   15.6025    9.5093
  QMMM:    23       23      H       17.2241   17.1946   10.7342
  QMMM:    24       24      H       22.3044   13.5965    8.4603
  QMMM:    25       25      H       23.2202   12.7772    6.0676
  QMMM:    26       26      H       21.9246   12.6980    4.8000
  QMMM:    27       27      H       21.6991   11.8456    6.3851

           --------- Calculation Completed ----------

