            --------------------------------------------------------
                             AMBER SQM VERSION 19
 
                                     By
              Ross C. Walker, Michael F. Crowley, Scott Brozell,
                         Tim Giese, Andreas W. Goetz,
                        Tai-Sung Lee and David A. Case
 
            --------------------------------------------------------
 

--------------------------------------------------------------------------------
  QM CALCULATION INFO
--------------------------------------------------------------------------------

| QMMM: Citation for AMBER QMMM Run:
| QMMM: R.C. Walker, M.F. Crowley and D.A. Case, J. COMP. CHEM. 29:1019, 2008

QMMM: SINGLET STATE CALCULATION
QMMM: RHF CALCULATION, NO. OF DOUBLY OCCUPIED LEVELS = 48

| QMMM: *** Selected Hamiltonian *** 
| QMMM: AM1         

| QMMM: *** Parameter sets in use ***
| QMMM: C : M.J.S.DEWAR et al. JACS, 107, 3902, (1985)
| QMMM: N : M.J.S.DEWAR et al. JACS, 107, 3902, (1985)
| QMMM: O : M.J.S.DEWAR et al. JACS, 107, 3902, (1985)
| QMMM: P : M.J.S.DEWAR et al. THEOCHEM, 187,1, (1989)
| QMMM: Br: M.J.S.DEWAR et al. THEOCHEM, 180, 1, (1988)
| QMMM: H : M.J.S.DEWAR et al. JACS, 107, 3902, (1985)

| QMMM: *** SCF convergence criteria ***
| QMMM: Energy change                :  0.1D-09 kcal/mol
| QMMM: Error matrix |FP-PF|         :  0.1D+00 au
| QMMM: Density matrix change        :  0.5D-06
| QMMM: Maximum number of SCF cycles :     1000

| QMMM: *** Diagonalization Routine Information ***
| QMMM: Pseudo diagonalizations are allowed.
| QMMM: Auto diagonalization routine selection is in use.
| QMMM:
| QMMM: Timing diagonalization routines:
| QMMM:                              norbs =       79
| QMMM:    diag iterations used for timing =       15
| QMMM:
| QMMM:              Internal diag routine = 0.032366 seconds
| QMMM:                 Dspev diag routine = 0.028664 seconds
| QMMM:                Dspevd diag routine = 0.015674 seconds
| QMMM:                Dspevx diag routine = 0.049248 seconds
| QMMM:                 Dsyev diag routine = 0.032622 seconds
| QMMM:                Dsyevd diag routine = 0.049818 seconds
| QMMM:                Dsyevr diag routine = 0.048652 seconds
| QMMM:
| QMMM:                Pseudo diag routine = 0.021396 seconds
| QMMM: Pseudo diagonalization appears to be slower than regular
| QMMM: diagonalization. Setting pseudo_diag=0 for optimum performance.
| QMMM:
| QMMM: Using dspevd routine (diag_routine=3).

  QMMM: QM Region Cartesian Coordinates (*=link atom) 
  QMMM: QM_NO.   MM_NO.  ATOM         X         Y         Z
  QMMM:     1        1      C       22.1640   14.0290    6.9440
  QMMM:     2        2      C       21.2210   14.6370    6.1700
  QMMM:     3        3      C       20.5500   15.7590    6.6460
  QMMM:     4        4      C       18.9130   17.4610    6.2200
  QMMM:     5        5      C       19.1190   17.9840    7.5330
  QMMM:     6        6      C       20.0150   17.4160    8.3730
  QMMM:     7        7      C       20.0880   18.1150    9.7100
  QMMM:     8        8      C       20.8180   16.2680    7.9210
  QMMM:     9        9      C       21.8340   15.6530    8.6710
  QMMM:    10       10      C       22.4700   14.5440    8.1920
  QMMM:    11       11      N       19.6150   16.3840    5.8380
  QMMM:    12       12      O       19.2410   18.1000   12.2610
  QMMM:    13       13      O       19.5340   15.8330   11.1140
  QMMM:    14       14      O       17.5840   17.3240   10.4990
  QMMM:    15       15      P       19.1100   17.2730   11.0060
  QMMM:    16       16      Br      23.0860   12.5180    6.3220
  QMMM:    17       17      H       21.0160   14.2760    5.2590
  QMMM:    18       18      H       18.5760   18.7580    7.8210
  QMMM:    19       19      H       21.2300   18.2390   10.0560
  QMMM:    20       20      H       19.5950   19.2080    9.6640
  QMMM:    21       21      H       17.1470   18.1680   10.8150
  QMMM:    22       22      H       23.1780   14.1050    8.7420
  QMMM:    23       23      O       18.0860   18.0390    5.5260
  QMMM:    24       24      Br      22.4380   16.3150   10.3230
  QMMM:    25       25      H       19.4690   16.0640    5.0270

--------------------------------------------------------------------------------
  RESULTS
--------------------------------------------------------------------------------

      iter         sqm energy              rms gradient
      ----    -------------------    -----------------------
xmin    10     -216.1347 kcal/mol        0.6155 kcal/(mol*A)
xmin    20     -216.4244 kcal/mol        0.3231 kcal/(mol*A)
xmin    30     -216.4602 kcal/mol        0.1407 kcal/(mol*A)
xmin    40     -216.4688 kcal/mol        0.1775 kcal/(mol*A)
xmin    50     -216.4934 kcal/mol        0.3706 kcal/(mol*A)
xmin    60     -216.5125 kcal/mol        0.1063 kcal/(mol*A)
xmin    70     -216.5196 kcal/mol        0.0478 kcal/(mol*A)
xmin    80     -216.5238 kcal/mol        0.0251 kcal/(mol*A)
xmin    90     -216.5243 kcal/mol        0.0066 kcal/(mol*A)
xmin   100     -216.5244 kcal/mol        0.0031 kcal/(mol*A)
xmin   110     -216.5244 kcal/mol        0.0080 kcal/(mol*A)
xmin   120     -216.5245 kcal/mol        0.0090 kcal/(mol*A)
xmin   130     -216.5245 kcal/mol        0.0036 kcal/(mol*A)
xmin   140     -216.5245 kcal/mol        0.0010 kcal/(mol*A)
  ... geometry converged !
 
 Final MO eigenvalues (eV):
 -38.8061  -36.4327  -33.9450  -33.2020  -31.8696  -31.0140  -29.6285  -28.8553
 -28.7561  -27.6317  -27.3964  -25.7821  -21.8004  -21.4137  -19.9609  -17.0084
 -16.3732  -15.8525  -14.6815  -13.8557  -13.6392  -13.5738  -13.4056  -12.6059
 -12.0815  -12.0307  -11.7369  -11.4514  -11.0271  -10.9277  -10.4815  -10.2889
 -10.1483   -9.9891   -9.6046   -9.4055   -8.9422   -8.6615   -8.4991   -8.3533
  -8.2496   -7.7391   -6.9996   -6.5587   -6.4371   -6.1408   -6.0923   -6.0034
   1.6351    2.2249    2.5134    2.9924    3.2051    4.1773    4.2987    5.1644
   5.6446    5.8232    5.9740    6.1327    6.1906    6.3966    6.7476    6.8871
   6.9680    7.0413    7.1185    7.2461    7.5381    7.7045    7.8231    7.9981
   8.1680    8.4320    9.1801    9.4628   10.4668   11.3026   12.7183

 Heat of formation   =       -216.52448152 kcal/mol  (       -9.38920608 eV)

 Total SCF energy    =     -85416.52865235 kcal/mol  (    -3703.93862592 eV)
 Electronic energy   =    -467506.98669730 kcal/mol  (   -20272.62420091 eV)
 Core-core repulsion =     382090.45804495 kcal/mol  (    16568.68557499 eV)
 
    Atomic Charges for Step       1 :
  Atom    Element       Mulliken Charge
     1      C                 -0.122
     2      C                 -0.169
     3      C                  0.106
     4      C                  0.347
     5      C                 -0.261
     6      C                  0.120
     7      C                 -0.802
     8      C                 -0.031
     9      C                 -0.082
    10      C                 -0.139
    11      N                 -0.307
    12      O                 -1.187
    13      O                 -1.153
    14      O                 -0.830
    15      P                  2.609
    16      Br                 0.030
    17      H                  0.141
    18      H                  0.170
    19      H                  0.140
    20      H                  0.123
    21      H                  0.224
    22      H                  0.155
    23      O                 -0.393
    24      Br                 0.077
    25      H                  0.234
 Total Mulliken Charge =      -1.000
 
                  X        Y        Z     TOTAL  
  QM DIPOLE   -89.958  -80.339  -49.674  130.439
 
 Final Structure

  QMMM: QM Region Cartesian Coordinates (*=link atom) 
  QMMM: QM_NO.   MM_NO.  ATOM         X         Y         Z
  QMMM:     1        1      C       22.2364   14.0393    6.9973
  QMMM:     2        2      C       21.2367   14.5934    6.2181
  QMMM:     3        3      C       20.5585   15.7584    6.6590
  QMMM:     4        4      C       18.9091   17.4817    6.1369
  QMMM:     5        5      C       19.1167   17.9981    7.4791
  QMMM:     6        6      C       19.9860   17.4445    8.3778
  QMMM:     7        7      C       19.9930   17.9940    9.7352
  QMMM:     8        8      C       20.8489   16.3434    7.9382
  QMMM:     9        9      C       21.9289   15.7856    8.6525
  QMMM:    10       10      C       22.5958   14.6458    8.2016
  QMMM:    11       11      N       19.6315   16.3306    5.7988
  QMMM:    12       12      O       19.4351   17.5950   12.2418
  QMMM:    13       13      O       18.7842   15.7539   10.4919
  QMMM:    14       14      O       17.5964   18.0004   10.7329
  QMMM:    15       15      P       18.9996   17.1568   10.8948
  QMMM:    16       16      Br      23.1256   12.4885    6.4254
  QMMM:    17       17      H       20.9618   14.1316    5.2565
  QMMM:    18       18      H       18.4608   18.8380    7.7572
  QMMM:    19       19      H       21.0257   18.0456   10.1615
  QMMM:    20       20      H       19.6139   19.0497    9.7161
  QMMM:    21       21      H       17.3728   18.4597   11.5344
  QMMM:    22       22      H       23.4122   14.2129    8.8032
  QMMM:    23       23      O       18.1506   17.9688    5.2720
  QMMM:    24       24      Br      22.6798   16.4770   10.2357
  QMMM:    25       25      H       19.4370   15.8772    4.9348

           --------- Calculation Completed ----------

