            --------------------------------------------------------
                             AMBER SQM VERSION 19
 
                                     By
              Ross C. Walker, Michael F. Crowley, Scott Brozell,
                         Tim Giese, Andreas W. Goetz,
                        Tai-Sung Lee and David A. Case
 
            --------------------------------------------------------
 

--------------------------------------------------------------------------------
  QM CALCULATION INFO
--------------------------------------------------------------------------------

| QMMM: Citation for AMBER QMMM Run:
| QMMM: R.C. Walker, M.F. Crowley and D.A. Case, J. COMP. CHEM. 29:1019, 2008

QMMM: SINGLET STATE CALCULATION
QMMM: RHF CALCULATION, NO. OF DOUBLY OCCUPIED LEVELS = 48

| QMMM: *** Selected Hamiltonian *** 
| QMMM: AM1         

| QMMM: *** Parameter sets in use ***
| QMMM: C : M.J.S.DEWAR et al. JACS, 107, 3902, (1985)
| QMMM: O : M.J.S.DEWAR et al. JACS, 107, 3902, (1985)
| QMMM: P : M.J.S.DEWAR et al. THEOCHEM, 187,1, (1989)
| QMMM: H : M.J.S.DEWAR et al. JACS, 107, 3902, (1985)
| QMMM: Br: M.J.S.DEWAR et al. THEOCHEM, 180, 1, (1988)

| QMMM: *** SCF convergence criteria ***
| QMMM: Energy change                :  0.1D-09 kcal/mol
| QMMM: Error matrix |FP-PF|         :  0.1D+00 au
| QMMM: Density matrix change        :  0.5D-06
| QMMM: Maximum number of SCF cycles :     1000

| QMMM: *** Diagonalization Routine Information ***
| QMMM: Pseudo diagonalizations are allowed.
| QMMM: Auto diagonalization routine selection is in use.
| QMMM:
| QMMM: Timing diagonalization routines:
| QMMM:                              norbs =       81
| QMMM:    diag iterations used for timing =       15
| QMMM:
| QMMM:              Internal diag routine = 0.034995 seconds
| QMMM:                 Dspev diag routine = 0.033683 seconds
| QMMM:                Dspevd diag routine = 0.012224 seconds
| QMMM:                Dspevx diag routine = 0.050548 seconds
| QMMM:                 Dsyev diag routine = 0.035026 seconds
| QMMM:                Dsyevd diag routine = 0.140346 seconds
| QMMM:                Dsyevr diag routine = 0.025761 seconds
| QMMM:
| QMMM:                Pseudo diag routine = 0.011369 seconds
| QMMM:
| QMMM: Using dspevd routine (diag_routine=3).

  QMMM: QM Region Cartesian Coordinates (*=link atom) 
  QMMM: QM_NO.   MM_NO.  ATOM         X         Y         Z
  QMMM:     1        1      C       21.4350   14.0610    6.1590
  QMMM:     2        2      C       20.5010   14.8400    5.5310
  QMMM:     3        3      C       19.9930   15.9750    6.1420
  QMMM:     4        4      C       18.5230   17.7580    6.0440
  QMMM:     5        5      C       18.8400   18.1620    7.3770
  QMMM:     6        6      C       19.7530   17.4690    8.0840
  QMMM:     7        7      C       20.0080   18.0330    9.4670
  QMMM:     8        8      C       20.4070   16.3260    7.4320
  QMMM:     9        9      C       21.4150   15.5540    8.0260
  QMMM:    10       10      C       21.8970   14.4400    7.4040
  QMMM:    11       11      O       19.0840   16.6920    5.4270
  QMMM:    12       12      O       19.2950   18.0060   12.0750
  QMMM:    13       13      O       19.5390   15.7400   10.9270
  QMMM:    14       14      O       17.5510   17.2230   10.4190
  QMMM:    15       15      P       19.1060   17.1800   10.8270
  QMMM:    16       16      C       21.9790   12.8030    5.5120
  QMMM:    17       17      H       20.1740   14.5880    4.6190
  QMMM:    18       18      O       17.6830   18.4660    5.5020
  QMMM:    19       19      H       18.3740   18.9430    7.7670
  QMMM:    20       20      H       21.1840   18.0590    9.6920
  QMMM:    21       21      H       19.6080   19.1620    9.5450
  QMMM:    22       22      Br      22.2130   15.9810    9.6740
  QMMM:    23       23      H       17.1350   18.0750   10.7440
  QMMM:    24       24      H       22.6020   13.8960    7.8630
  QMMM:    25       25      H       23.1750   12.8730    5.4290
  QMMM:    26       26      H       21.5140   12.6680    4.4130
  QMMM:    27       27      H       21.6840   11.8490    6.1810

--------------------------------------------------------------------------------
  RESULTS
--------------------------------------------------------------------------------

      iter         sqm energy              rms gradient
      ----    -------------------    -----------------------
xmin    10     -265.2870 kcal/mol        0.8677 kcal/(mol*A)
xmin    20     -265.7411 kcal/mol        0.5514 kcal/(mol*A)
xmin    30     -265.9949 kcal/mol        0.1437 kcal/(mol*A)
xmin    40     -266.0224 kcal/mol        0.3463 kcal/(mol*A)
xmin    50     -266.0665 kcal/mol        0.1291 kcal/(mol*A)
xmin    60     -266.0704 kcal/mol        0.0228 kcal/(mol*A)
xmin    70     -266.0712 kcal/mol        0.0215 kcal/(mol*A)
xmin    80     -266.0720 kcal/mol        0.0328 kcal/(mol*A)
xmin    90     -266.0723 kcal/mol        0.0039 kcal/(mol*A)
xmin   100     -266.0724 kcal/mol        0.0167 kcal/(mol*A)
xmin   110     -266.0725 kcal/mol        0.0067 kcal/(mol*A)
xmin   120     -266.0725 kcal/mol        0.0030 kcal/(mol*A)
xmin   130     -266.0726 kcal/mol        0.0164 kcal/(mol*A)
xmin   140     -266.0726 kcal/mol        0.0028 kcal/(mol*A)
xmin   150     -266.0726 kcal/mol        0.0028 kcal/(mol*A)
xmin   160     -266.0726 kcal/mol        0.0007 kcal/(mol*A)
xmin   170     -266.0726 kcal/mol        0.0007 kcal/(mol*A)
xmin   170     -266.0726 kcal/mol        0.0004 kcal/(mol*A)
  ... geometry converged !
 
 Final MO eigenvalues (eV):
 -39.1893  -36.9359  -34.7383  -34.0213  -31.9216  -31.1515  -29.6380  -28.8878
 -28.7953  -27.6676  -26.2497  -25.6532  -21.8637  -20.8855  -19.9391  -17.1527
 -16.3237  -15.3795  -14.6310  -14.2842  -13.7171  -13.3721  -13.3036  -12.7244
 -12.3448  -12.0961  -11.8531  -11.4321  -11.2682  -11.2319  -11.0587  -10.9349
 -10.3917  -10.3208   -9.9907   -9.6223   -9.0583   -8.9484   -8.4941   -8.4082
  -8.2401   -7.7746   -7.0319   -6.7010   -6.4840   -6.1725   -6.1253   -6.0413
   1.7693    2.4203    3.0289    3.1761    4.3744    4.5041    5.1618    5.6659
   5.7823    5.9064    5.9593    6.0722    6.2187    6.2729    6.4286    6.5605
   6.8221    6.9058    7.0030    7.1250    7.2075    7.3760    7.5017    7.5434
   7.8372    7.9452    8.0997    8.6711    9.1472    9.4373   10.4236   11.2680
  12.6879

 Heat of formation   =       -266.07259254 kcal/mol  (      -11.53777341 eV)

 Total SCF energy    =     -83469.87689055 kcal/mol  (    -3619.52547117 eV)
 Electronic energy   =    -470756.95093060 kcal/mol  (   -20413.55322538 eV)
 Core-core repulsion =     387287.07404005 kcal/mol  (    16794.02775422 eV)
 
    Atomic Charges for Step       1 :
  Atom    Element       Mulliken Charge
     1      C                 -0.042
     2      C                 -0.152
     3      C                  0.108
     4      C                  0.353
     5      C                 -0.298
     6      C                  0.149
     7      C                 -0.801
     8      C                 -0.066
     9      C                 -0.084
    10      C                 -0.153
    11      O                 -0.208
    12      O                 -1.186
    13      O                 -1.150
    14      O                 -0.830
    15      P                  2.608
    16      C                 -0.176
    17      H                  0.148
    18      O                 -0.340
    19      H                  0.172
    20      H                  0.142
    21      H                  0.125
    22      Br                 0.072
    23      H                  0.225
    24      H                  0.140
    25      H                  0.078
    26      H                  0.077
    27      H                  0.089
 Total Mulliken Charge =      -1.000
 
                  X        Y        Z     TOTAL  
  QM DIPOLE   -87.909  -81.356  -47.615  128.895
 
 Final Structure

  QMMM: QM Region Cartesian Coordinates (*=link atom) 
  QMMM: QM_NO.   MM_NO.  ATOM         X         Y         Z
  QMMM:     1        1      C       21.5273   14.0556    6.1661
  QMMM:     2        2      C       20.5062   14.7719    5.5590
  QMMM:     3        3      C       19.9819   15.9058    6.2073
  QMMM:     4        4      C       18.4280   17.6989    5.9814
  QMMM:     5        5      C       18.7691   18.1079    7.3170
  QMMM:     6        6      C       19.6914   17.4586    8.0894
  QMMM:     7        7      C       19.8971   17.9271    9.4578
  QMMM:     8        8      C       20.4216   16.3418    7.4836
  QMMM:     9        9      C       21.5069   15.6256    8.0357
  QMMM:    10       10      C       22.0309   14.5043    7.3940
  QMMM:    11       11      O       19.0199   16.5489    5.4596
  QMMM:    12       12      O       19.5880   17.4368   11.9919
  QMMM:    13       13      O       18.5465   15.7780   10.2475
  QMMM:    14       14      O       17.6457   18.1165   10.7314
  QMMM:    15       15      P       18.9573   17.1241   10.6882
  QMMM:    16       16      C       22.0835   12.8352    5.5383
  QMMM:    17       17      H       20.0919   14.4761    4.5846
  QMMM:    18       18      O       17.6640   18.2040    5.1539
  QMMM:    19       19      H       18.1906   18.9585    7.7115
  QMMM:    20       20      H       20.9699   17.8537    9.7669
  QMMM:    21       21      H       19.6230   19.0125    9.5298
  QMMM:    22       22      Br      22.4190   16.0655    9.6221
  QMMM:    23       23      H       17.5640   18.5484   11.5741
  QMMM:    24       24      H       22.8588   13.9419    7.8552
  QMMM:    25       25      H       23.2007   12.8432    5.5830
  QMMM:    26       26      H       21.7710   12.7522    4.4687
  QMMM:    27       27      H       21.7178   11.9288    6.0840

           --------- Calculation Completed ----------

