            --------------------------------------------------------
                             AMBER SQM VERSION 19
 
                                     By
              Ross C. Walker, Michael F. Crowley, Scott Brozell,
                         Tim Giese, Andreas W. Goetz,
                        Tai-Sung Lee and David A. Case
 
            --------------------------------------------------------
 

--------------------------------------------------------------------------------
  QM CALCULATION INFO
--------------------------------------------------------------------------------

| QMMM: Citation for AMBER QMMM Run:
| QMMM: R.C. Walker, M.F. Crowley and D.A. Case, J. COMP. CHEM. 29:1019, 2008

QMMM: SINGLET STATE CALCULATION
QMMM: RHF CALCULATION, NO. OF DOUBLY OCCUPIED LEVELS = 48

| QMMM: *** Selected Hamiltonian *** 
| QMMM: AM1         

| QMMM: *** Parameter sets in use ***
| QMMM: C : M.J.S.DEWAR et al. JACS, 107, 3902, (1985)
| QMMM: O : M.J.S.DEWAR et al. JACS, 107, 3902, (1985)
| QMMM: P : M.J.S.DEWAR et al. THEOCHEM, 187,1, (1989)
| QMMM: H : M.J.S.DEWAR et al. JACS, 107, 3902, (1985)

| QMMM: *** SCF convergence criteria ***
| QMMM: Energy change                :  0.1D-09 kcal/mol
| QMMM: Error matrix |FP-PF|         :  0.1D+00 au
| QMMM: Density matrix change        :  0.5D-06
| QMMM: Maximum number of SCF cycles :     1000

| QMMM: *** Diagonalization Routine Information ***
| QMMM: Pseudo diagonalizations are allowed.
| QMMM: Auto diagonalization routine selection is in use.
| QMMM:
| QMMM: Timing diagonalization routines:
| QMMM:                              norbs =       82
| QMMM:    diag iterations used for timing =       15
| QMMM:
| QMMM:              Internal diag routine = 0.051948 seconds
| QMMM:                 Dspev diag routine = 0.033618 seconds
| QMMM:                Dspevd diag routine = 0.010681 seconds
| QMMM:                Dspevx diag routine = 0.051751 seconds
| QMMM:                 Dsyev diag routine = 0.018868 seconds
| QMMM:                Dsyevd diag routine = 0.024091 seconds
| QMMM:                Dsyevr diag routine = 0.026605 seconds
| QMMM:
| QMMM:                Pseudo diag routine = 0.011953 seconds
| QMMM: Pseudo diagonalization appears to be slower than regular
| QMMM: diagonalization. Setting pseudo_diag=0 for optimum performance.
| QMMM:
| QMMM: Using dspevd routine (diag_routine=3).

  QMMM: QM Region Cartesian Coordinates (*=link atom) 
  QMMM: QM_NO.   MM_NO.  ATOM         X         Y         Z
  QMMM:     1        1      C       21.6020   13.9240    6.4120
  QMMM:     2        2      C       20.7600   14.7350    5.6940
  QMMM:     3        3      C       20.1770   15.8550    6.2590
  QMMM:     4        4      C       18.7090   17.6270    6.0700
  QMMM:     5        5      C       18.9870   18.0730    7.3950
  QMMM:     6        6      C       19.8450   17.3780    8.1640
  QMMM:     7        7      C       20.1190   17.9660    9.5300
  QMMM:     8        8      C       20.4650   16.1840    7.5870
  QMMM:     9        9      C       21.3210   15.3580    8.3180
  QMMM:    10       10      C       21.8810   14.2520    7.7400
  QMMM:    11       11      O       19.3210   16.5720    5.4820
  QMMM:    12       12      O       19.3100   17.9540   12.1250
  QMMM:    13       13      O       19.5420   15.7040   10.9310
  QMMM:    14       14      O       17.6250   17.2690   10.3680
  QMMM:    15       15      P       19.1530   17.1550   10.8540
  QMMM:    16       16      O       22.1030   12.8420    5.8080
  QMMM:    17       17      H       20.5500   14.5050    4.7440
  QMMM:    18       18      O       17.8560   18.2980    5.5050
  QMMM:    19       19      H       18.5340   18.8840    7.7380
  QMMM:    20       20      H       21.2910   17.9530    9.7840
  QMMM:    21       21      H       19.7500   19.1060    9.5740
  QMMM:    22       22      H       22.4910   13.6700    8.2790
  QMMM:    23       23      H       21.5210   15.5720    9.2760
  QMMM:    24       24      H       17.1900   18.0700   10.7890
  QMMM:    25       25      C       22.3750   11.6820    6.6140
  QMMM:    26       26      H       23.3950   11.8210    7.2290
  QMMM:    27       27      H       21.4660   11.4980    7.3760
  QMMM:    28       28      H       22.4750   10.7100    5.9200

--------------------------------------------------------------------------------
  RESULTS
--------------------------------------------------------------------------------

      iter         sqm energy              rms gradient
      ----    -------------------    -----------------------
xmin    10     -313.1816 kcal/mol        0.7347 kcal/(mol*A)
xmin    20     -313.5245 kcal/mol        0.2914 kcal/(mol*A)
xmin    30     -313.5457 kcal/mol        0.0647 kcal/(mol*A)
xmin    40     -313.5495 kcal/mol        0.0146 kcal/(mol*A)
xmin    50     -313.5497 kcal/mol        0.0073 kcal/(mol*A)
xmin    60     -313.5497 kcal/mol        0.0010 kcal/(mol*A)
  ... geometry converged !
 
 Final MO eigenvalues (eV):
 -39.1087  -37.8094  -35.8726  -34.3275  -33.2567  -32.0911  -29.3208  -29.0897
 -28.8608  -27.5690  -26.4371  -25.6823  -21.6635  -21.4324  -19.9074  -17.7080
 -16.4024  -15.6210  -15.0209  -14.8739  -14.5615  -14.0809  -14.0417  -13.4310
 -12.4604  -12.2655  -12.0660  -11.8427  -11.6378  -11.4549  -11.1825  -11.0361
 -10.8895  -10.4844  -10.2198   -9.7909   -9.5823   -9.4074   -8.9981   -8.4568
  -8.4006   -7.9524   -7.0189   -6.8062   -6.5081   -6.4649   -6.3896   -6.1783
   2.1123    2.7647    3.3510    4.2466    4.6175    4.9015    5.4095    5.7203
   5.8843    5.9428    6.0124    6.1187    6.2258    6.2832    6.4631    6.7112
   6.7704    6.9327    7.0928    7.3194    7.4257    7.4600    7.6599    7.8084
   8.0171    8.0727    8.1329    8.5450    8.7537    8.9494    9.4877   10.2297
  11.0187   12.4059

 Heat of formation   =       -313.54969984 kcal/mol  (      -13.59653527 eV)

 Total SCF energy    =     -83029.94105787 kcal/mol  (    -3600.44842192 eV)
 Electronic energy   =    -469891.59053004 kcal/mol  (   -20376.02838255 eV)
 Core-core repulsion =     386861.64947218 kcal/mol  (    16775.57996063 eV)
 
    Atomic Charges for Step       1 :
  Atom    Element       Mulliken Charge
     1      C                  0.105
     2      C                 -0.206
     3      C                  0.130
     4      C                  0.352
     5      C                 -0.306
     6      C                  0.151
     7      C                 -0.798
     8      C                 -0.164
     9      C                 -0.031
    10      C                 -0.238
    11      O                 -0.207
    12      O                 -1.186
    13      O                 -1.166
    14      O                 -0.824
    15      P                  2.619
    16      O                 -0.219
    17      H                  0.157
    18      O                 -0.345
    19      H                  0.161
    20      H                  0.128
    21      H                  0.129
    22      H                  0.139
    23      H                  0.222
    24      H                  0.231
    25      C                 -0.073
    26      H                  0.070
    27      H                  0.077
    28      H                  0.091
 Total Mulliken Charge =      -1.000
 
                  X        Y        Z     TOTAL  
  QM DIPOLE   -90.690  -83.065  -46.370  131.433
 
 Final Structure

  QMMM: QM Region Cartesian Coordinates (*=link atom) 
  QMMM: QM_NO.   MM_NO.  ATOM         X         Y         Z
  QMMM:     1        1      C       21.3437   13.8512    6.4964
  QMMM:     2        2      C       20.6055   14.7273    5.6934
  QMMM:     3        3      C       20.0930   15.8923    6.2862
  QMMM:     4        4      C       18.7610   17.8448    5.9934
  QMMM:     5        5      C       19.0473   18.2242    7.3556
  QMMM:     6        6      C       19.8173   17.4565    8.1783
  QMMM:     7        7      C       20.1987   17.9245    9.5103
  QMMM:     8        8      C       20.3329   16.2045    7.6411
  QMMM:     9        9      C       21.0422   15.2755    8.4223
  QMMM:    10       10      C       21.5528   14.1140    7.8608
  QMMM:    11       11      O       19.3417   16.6929    5.4532
  QMMM:    12       12      O       19.0380   18.3255   11.8061
  QMMM:    13       13      O       20.1744   16.0236   11.2570
  QMMM:    14       14      O       17.9297   16.7790   10.3147
  QMMM:    15       15      P       19.3975   17.2280   10.8805
  QMMM:    16       16      O       21.8303   12.7343    5.8381
  QMMM:    17       17      H       20.4195   14.5099    4.6345
  QMMM:    18       18      O       18.0754   18.4151    5.1390
  QMMM:    19       19      H       18.6071   19.1749    7.6878
  QMMM:    20       20      H       21.2935   17.7362    9.6635
  QMMM:    21       21      H       20.0439   19.0329    9.5816
  QMMM:    22       22      H       22.0993   13.4054    8.4972
  QMMM:    23       23      H       21.1369   15.4635    9.5193
  QMMM:    24       24      H       17.2276   17.2852   10.7090
  QMMM:    25       25      C       22.4777   11.7658    6.6532
  QMMM:    26       26      H       23.4053   12.1915    7.1079
  QMMM:    27       27      H       21.7896   11.3921    7.4499
  QMMM:    28       28      H       22.7324   10.9463    5.9347

           --------- Calculation Completed ----------

