            --------------------------------------------------------
                             AMBER SQM VERSION 19
 
                                     By
              Ross C. Walker, Michael F. Crowley, Scott Brozell,
                         Tim Giese, Andreas W. Goetz,
                        Tai-Sung Lee and David A. Case
 
            --------------------------------------------------------
 

--------------------------------------------------------------------------------
  QM CALCULATION INFO
--------------------------------------------------------------------------------

| QMMM: Citation for AMBER QMMM Run:
| QMMM: R.C. Walker, M.F. Crowley and D.A. Case, J. COMP. CHEM. 29:1019, 2008

QMMM: SINGLET STATE CALCULATION
QMMM: RHF CALCULATION, NO. OF DOUBLY OCCUPIED LEVELS = 48

| QMMM: *** Selected Hamiltonian *** 
| QMMM: AM1         

| QMMM: *** Parameter sets in use ***
| QMMM: C : M.J.S.DEWAR et al. JACS, 107, 3902, (1985)
| QMMM: O : M.J.S.DEWAR et al. JACS, 107, 3902, (1985)
| QMMM: P : M.J.S.DEWAR et al. THEOCHEM, 187,1, (1989)
| QMMM: H : M.J.S.DEWAR et al. JACS, 107, 3902, (1985)
| QMMM: F : M.J.S.DEWAR et al. THEOCHEM, 180, 1, (1988)

| QMMM: *** SCF convergence criteria ***
| QMMM: Energy change                :  0.1D-09 kcal/mol
| QMMM: Error matrix |FP-PF|         :  0.1D+00 au
| QMMM: Density matrix change        :  0.5D-06
| QMMM: Maximum number of SCF cycles :     1000

| QMMM: *** Diagonalization Routine Information ***
| QMMM: Pseudo diagonalizations are allowed.
| QMMM: Auto diagonalization routine selection is in use.
| QMMM:
| QMMM: Timing diagonalization routines:
| QMMM:                              norbs =       81
| QMMM:    diag iterations used for timing =       15
| QMMM:
| QMMM:              Internal diag routine = 0.052653 seconds
| QMMM:                 Dspev diag routine = 0.033289 seconds
| QMMM:                Dspevd diag routine = 0.009991 seconds
| QMMM:                Dspevx diag routine = 0.050159 seconds
| QMMM:                 Dsyev diag routine = 0.034698 seconds
| QMMM:                Dsyevd diag routine = 0.024991 seconds
| QMMM:                Dsyevr diag routine = 0.019738 seconds
| QMMM:
| QMMM:                Pseudo diag routine = 0.007145 seconds
| QMMM:
| QMMM: Using dspevd routine (diag_routine=3).

  QMMM: QM Region Cartesian Coordinates (*=link atom) 
  QMMM: QM_NO.   MM_NO.  ATOM         X         Y         Z
  QMMM:     1        1      C       21.4960   14.0740    6.2420
  QMMM:     2        2      C       20.5550   14.8400    5.6090
  QMMM:     3        3      C       20.0350   15.9780    6.2030
  QMMM:     4        4      C       18.5550   17.7490    6.0980
  QMMM:     5        5      C       18.8750   18.1710    7.4240
  QMMM:     6        6      C       19.7940   17.4920    8.1350
  QMMM:     7        7      C       20.0470   18.0640    9.5170
  QMMM:     8        8      C       20.4420   16.3450    7.4880
  QMMM:     9        9      C       21.4410   15.5810    8.1000
  QMMM:    10       10      C       21.9510   14.4650    7.4890
  QMMM:    11       11      O       19.1170   16.6810    5.4870
  QMMM:    12       12      O       19.2910   17.9820   12.1210
  QMMM:    13       13      O       19.5760   15.7460   10.9170
  QMMM:    14       14      O       17.5910   17.2340   10.4070
  QMMM:    15       15      P       19.1370   17.1850   10.8480
  QMMM:    16       16      C       22.0270   12.8090    5.5880
  QMMM:    17       17      H       20.2300   14.5720    4.7010
  QMMM:    18       18      O       17.7090   18.4400    5.5440
  QMMM:    19       19      H       18.4030   18.9530    7.8060
  QMMM:    20       20      H       21.2180   18.1390    9.7650
  QMMM:    21       21      H       19.6060   19.1770    9.5970
  QMMM:    22       22      F       21.9190   15.9300    9.2960
  QMMM:    23       23      H       17.1610   18.0750   10.7450
  QMMM:    24       24      H       22.6550   13.9270    7.9520
  QMMM:    25       25      H       23.2240   12.8540    5.5000
  QMMM:    26       26      H       21.5640   12.6710    4.4890
  QMMM:    27       27      H       21.7160   11.8560    6.2500

--------------------------------------------------------------------------------
  RESULTS
--------------------------------------------------------------------------------

      iter         sqm energy              rms gradient
      ----    -------------------    -----------------------
xmin    10     -320.4916 kcal/mol        1.0175 kcal/(mol*A)
xmin    20     -320.6875 kcal/mol        0.9022 kcal/(mol*A)
xmin    30     -320.8077 kcal/mol        0.3056 kcal/(mol*A)
xmin    40     -320.8387 kcal/mol        0.0838 kcal/(mol*A)
xmin    50     -320.8414 kcal/mol        0.0431 kcal/(mol*A)
xmin    60     -320.8425 kcal/mol        0.0428 kcal/(mol*A)
xmin    70     -320.8434 kcal/mol        0.0064 kcal/(mol*A)
xmin    80     -320.8439 kcal/mol        0.0100 kcal/(mol*A)
xmin    90     -320.8441 kcal/mol        0.0104 kcal/(mol*A)
xmin   100     -320.8441 kcal/mol        0.0016 kcal/(mol*A)
xmin   110     -320.8441 kcal/mol        0.0044 kcal/(mol*A)
xmin   120     -320.8442 kcal/mol        0.0038 kcal/(mol*A)
xmin   130     -320.8442 kcal/mol        0.0033 kcal/(mol*A)
  ... geometry converged !
 
 Final MO eigenvalues (eV):
 -47.3798  -39.1050  -36.7093  -34.7059  -33.8826  -31.9526  -30.2486  -28.9571
 -28.8512  -28.3451  -26.3363  -25.6700  -21.9165  -21.0618  -20.0884  -17.3791
 -16.3861  -15.7500  -14.7383  -14.6716  -14.4148  -14.0395  -13.7692  -13.3867
 -12.7979  -12.5771  -12.2006  -12.1637  -11.7417  -11.3482  -11.1527  -11.0701
 -10.9128  -10.8433  -10.3989  -10.0878   -9.6385   -9.2495   -9.0040   -8.4735
  -8.4600   -7.9578   -6.9983   -6.7482   -6.5200   -6.2265   -6.1760   -6.0630
   1.8250    2.4504    3.1701    4.3827    4.4479    5.1689    5.3346    5.7416
   5.8315    5.8954    6.0247    6.1118    6.2103    6.2770    6.4721    6.6130
   6.8756    6.9939    7.0993    7.1855    7.2512    7.3843    7.5143    7.5514
   7.9263    7.9900    8.1210    8.6626    9.1065    9.4334   10.3556   11.2297
  12.6410

 Heat of formation   =       -320.84415593 kcal/mol  (      -13.91284662 eV)

 Total SCF energy    =     -86514.18361476 kcal/mol  (    -3751.53651684 eV)
 Electronic energy   =    -479253.12689418 kcal/mol  (   -20781.97506154 eV)
 Core-core repulsion =     392738.94327942 kcal/mol  (    17030.43854470 eV)
 
    Atomic Charges for Step       1 :
  Atom    Element       Mulliken Charge
     1      C                 -0.014
     2      C                 -0.182
     3      C                  0.131
     4      C                  0.354
     5      C                 -0.301
     6      C                  0.152
     7      C                 -0.788
     8      C                 -0.137
     9      C                  0.181
    10      C                 -0.218
    11      O                 -0.208
    12      O                 -1.186
    13      O                 -1.150
    14      O                 -0.828
    15      P                  2.608
    16      C                 -0.177
    17      H                  0.148
    18      O                 -0.339
    19      H                  0.175
    20      H                  0.134
    21      H                  0.123
    22      F                 -0.091
    23      H                  0.226
    24      H                  0.143
    25      H                  0.078
    26      H                  0.078
    27      H                  0.090
 Total Mulliken Charge =      -1.000
 
                  X        Y        Z     TOTAL  
  QM DIPOLE   -88.274  -81.704  -48.333  129.630
 
 Final Structure

  QMMM: QM Region Cartesian Coordinates (*=link atom) 
  QMMM: QM_NO.   MM_NO.  ATOM         X         Y         Z
  QMMM:     1        1      C       21.5891   14.0756    6.2244
  QMMM:     2        2      C       20.5589   14.7812    5.6159
  QMMM:     3        3      C       20.0089   15.9012    6.2671
  QMMM:     4        4      C       18.4309   17.6789    6.0722
  QMMM:     5        5      C       18.7827   18.0955    7.4035
  QMMM:     6        6      C       19.7198   17.4510    8.1615
  QMMM:     7        7      C       19.9774   17.9056    9.5263
  QMMM:     8        8      C       20.4377   16.3402    7.5416
  QMMM:     9        9      C       21.5292   15.6252    8.1059
  QMMM:    10       10      C       22.0840   14.5089    7.4581
  QMMM:    11       11      O       19.0331   16.5376    5.5347
  QMMM:    12       12      O       19.4754   17.7042   12.0649
  QMMM:    13       13      O       18.7453   15.7553   10.4699
  QMMM:    14       14      O       17.6010   18.0413   10.5815
  QMMM:    15       15      P       18.9875   17.1790   10.7689
  QMMM:    16       16      C       22.1640   12.8706    5.5821
  QMMM:    17       17      H       20.1574   14.4841    4.6371
  QMMM:    18       18      O       17.6487   18.1721    5.2548
  QMMM:    19       19      H       18.2015   18.9403    7.8059
  QMMM:    20       20      H       21.0402   17.7481    9.8292
  QMMM:    21       21      H       19.7872   19.0082    9.5973
  QMMM:    22       22      F       22.1057   15.9997    9.2697
  QMMM:    23       23      H       17.4158   18.5735   11.3471
  QMMM:    24       24      H       22.9112   13.9707    7.9425
  QMMM:    25       25      H       23.2771   12.8607    5.6853
  QMMM:    26       26      H       21.9067   12.8303    4.4955
  QMMM:    27       27      H       21.7582   11.9511    6.0750

           --------- Calculation Completed ----------

