            --------------------------------------------------------
                             AMBER SQM VERSION 19
 
                                     By
              Ross C. Walker, Michael F. Crowley, Scott Brozell,
                         Tim Giese, Andreas W. Goetz,
                        Tai-Sung Lee and David A. Case
 
            --------------------------------------------------------
 

--------------------------------------------------------------------------------
  QM CALCULATION INFO
--------------------------------------------------------------------------------

| QMMM: Citation for AMBER QMMM Run:
| QMMM: R.C. Walker, M.F. Crowley and D.A. Case, J. COMP. CHEM. 29:1019, 2008

QMMM: SINGLET STATE CALCULATION
QMMM: RHF CALCULATION, NO. OF DOUBLY OCCUPIED LEVELS = 48

| QMMM: *** Selected Hamiltonian *** 
| QMMM: AM1         

| QMMM: *** Parameter sets in use ***
| QMMM: C : M.J.S.DEWAR et al. JACS, 107, 3902, (1985)
| QMMM: O : M.J.S.DEWAR et al. JACS, 107, 3902, (1985)
| QMMM: P : M.J.S.DEWAR et al. THEOCHEM, 187,1, (1989)
| QMMM: H : M.J.S.DEWAR et al. JACS, 107, 3902, (1985)

| QMMM: *** SCF convergence criteria ***
| QMMM: Energy change                :  0.1D-09 kcal/mol
| QMMM: Error matrix |FP-PF|         :  0.1D+00 au
| QMMM: Density matrix change        :  0.5D-06
| QMMM: Maximum number of SCF cycles :     1000

| QMMM: *** Diagonalization Routine Information ***
| QMMM: Pseudo diagonalizations are allowed.
| QMMM: Auto diagonalization routine selection is in use.
| QMMM:
| QMMM: Timing diagonalization routines:
| QMMM:                              norbs =       84
| QMMM:    diag iterations used for timing =       15
| QMMM:
| QMMM:              Internal diag routine = 0.055080 seconds
| QMMM:                 Dspev diag routine = 0.033330 seconds
| QMMM:                Dspevd diag routine = 0.011202 seconds
| QMMM:                Dspevx diag routine = 0.055019 seconds
| QMMM:                 Dsyev diag routine = 0.020224 seconds
| QMMM:                Dsyevd diag routine = 0.024333 seconds
| QMMM:                Dsyevr diag routine = 0.027429 seconds
| QMMM:
| QMMM:                Pseudo diag routine = 0.012712 seconds
| QMMM: Pseudo diagonalization appears to be slower than regular
| QMMM: diagonalization. Setting pseudo_diag=0 for optimum performance.
| QMMM:
| QMMM: Using dspevd routine (diag_routine=3).

  QMMM: QM Region Cartesian Coordinates (*=link atom) 
  QMMM: QM_NO.   MM_NO.  ATOM         X         Y         Z
  QMMM:     1        1      C       21.5280   14.0200    6.3150
  QMMM:     2        2      C       20.6240   14.8130    5.6720
  QMMM:     3        3      C       20.1150   15.9520    6.2760
  QMMM:     4        4      C       18.6390   17.7220    6.1180
  QMMM:     5        5      C       18.9170   18.1360    7.4540
  QMMM:     6        6      C       19.8190   17.4630    8.1940
  QMMM:     7        7      C       19.9840   18.0970    9.5610
  QMMM:     8        8      C       20.4900   16.2960    7.5850
  QMMM:     9        9      C       21.4610   15.4960    8.2130
  QMMM:    10       10      C       21.9510   14.3860    7.5780
  QMMM:    11       11      O       19.2420   16.6720    5.5200
  QMMM:    12       12      O       19.2530   17.9840   12.1660
  QMMM:    13       13      O       19.4920   15.7590   10.9360
  QMMM:    14       14      O       17.5230   17.2680   10.4650
  QMMM:    15       15      P       19.0740   17.2040   10.8880
  QMMM:    16       16      C       22.0620   12.7560    5.6680
  QMMM:    17       17      H       20.3180   14.5720    4.7510
  QMMM:    18       18      O       17.7970   18.4110    5.5530
  QMMM:    19       19      H       18.4300   18.9160    7.8180
  QMMM:    20       20      H       21.1440   18.2680    9.8110
  QMMM:    21       21      H       19.4880   19.1890    9.5980
  QMMM:    22       22      C       22.1250   15.6880    9.5750
  QMMM:    23       23      H       17.1150   18.1260   10.7860
  QMMM:    24       24      H       22.6340   13.8190    8.0400
  QMMM:    25       25      H       23.1720   12.5080    6.0530
  QMMM:    26       26      H       22.0850   12.8640    4.4730
  QMMM:    27       27      H       21.3390   11.8470    5.9670
  QMMM:    28       28      H       23.1480   16.2950    9.4300
  QMMM:    29       29      H       22.3990   14.6250   10.0640
  QMMM:    30       30      H       21.4600   16.2420   10.3940

--------------------------------------------------------------------------------
  RESULTS
--------------------------------------------------------------------------------

      iter         sqm energy              rms gradient
      ----    -------------------    -----------------------
xmin    10     -282.3137 kcal/mol        0.2016 kcal/(mol*A)
xmin    20     -282.4642 kcal/mol        0.4272 kcal/(mol*A)
xmin    30     -282.5861 kcal/mol        0.7819 kcal/(mol*A)
xmin    40     -282.7220 kcal/mol        0.1845 kcal/(mol*A)
xmin    50     -282.7368 kcal/mol        0.1438 kcal/(mol*A)
xmin    60     -282.7507 kcal/mol        0.0434 kcal/(mol*A)
xmin    70     -282.7566 kcal/mol        0.1665 kcal/(mol*A)
xmin    80     -282.7603 kcal/mol        0.0278 kcal/(mol*A)
xmin    90     -282.7628 kcal/mol        0.0604 kcal/(mol*A)
xmin   100     -282.7642 kcal/mol        0.0185 kcal/(mol*A)
xmin   110     -282.7654 kcal/mol        0.0156 kcal/(mol*A)
xmin   120     -282.7655 kcal/mol        0.0073 kcal/(mol*A)
xmin   130     -282.7656 kcal/mol        0.0062 kcal/(mol*A)
xmin   140     -282.7657 kcal/mol        0.0051 kcal/(mol*A)
xmin   150     -282.7657 kcal/mol        0.0039 kcal/(mol*A)
xmin   160     -282.7657 kcal/mol        0.0008 kcal/(mol*A)
  ... geometry converged !
 
 Final MO eigenvalues (eV):
 -39.0774  -36.8773  -34.6312  -34.0192  -32.1332  -31.1831  -29.4031  -29.0496
 -28.9743  -26.5185  -25.4669  -24.9133  -21.6663  -20.3204  -19.2575  -16.9527
 -16.0066  -15.1548  -14.8017  -14.1830  -13.5731  -13.2740  -12.9979  -12.6438
 -12.3576  -11.9292  -11.7339  -11.5875  -11.3422  -11.1469  -11.0631  -10.8979
 -10.5872  -10.2749   -9.9780   -9.8374   -9.5754   -9.1592   -8.9850   -8.5081
  -8.3470   -8.0291   -6.8246   -6.7085   -6.5578   -6.3457   -6.3390   -6.1602
   1.9970    2.7047    3.2960    4.5556    4.6435    5.3098    5.7995    5.9096
   6.0120    6.1615    6.1828    6.3099    6.4322    6.4631    6.6431    6.7407
   6.8084    6.9248    6.9841    7.2482    7.3444    7.3720    7.4916    7.5480
   7.6257    7.8314    7.9542    8.0354    8.1634    8.2701    8.8037    8.9779
   9.5414   10.2254   11.1154   12.4347

 Heat of formation   =       -282.76573798 kcal/mol  (      -12.26164251 eV)

 Total SCF energy    =     -79236.88009682 kcal/mol  (    -3435.96895611 eV)
 Electronic energy   =    -469663.40791580 kcal/mol  (   -20366.13364190 eV)
 Core-core repulsion =     390426.52781899 kcal/mol  (    16930.16468579 eV)
 
    Atomic Charges for Step       1 :
  Atom    Element       Mulliken Charge
     1      C                 -0.038
     2      C                 -0.176
     3      C                  0.103
     4      C                  0.351
     5      C                 -0.300
     6      C                  0.142
     7      C                 -0.787
     8      C                 -0.107
     9      C                  0.030
    10      C                 -0.188
    11      O                 -0.211
    12      O                 -1.189
    13      O                 -1.152
    14      O                 -0.826
    15      P                  2.611
    16      C                 -0.175
    17      H                  0.144
    18      O                 -0.343
    19      H                  0.177
    20      H                  0.124
    21      H                  0.123
    22      C                 -0.223
    23      H                  0.228
    24      H                  0.126
    25      H                  0.077
    26      H                  0.075
    27      H                  0.082
    28      H                  0.080
    29      H                  0.072
    30      H                  0.170
 Total Mulliken Charge =      -1.000
 
                  X        Y        Z     TOTAL  
  QM DIPOLE   -88.613  -82.995  -48.019  130.562
 
 Final Structure

  QMMM: QM Region Cartesian Coordinates (*=link atom) 
  QMMM: QM_NO.   MM_NO.  ATOM         X         Y         Z
  QMMM:     1        1      C       21.7041   14.0533    6.2146
  QMMM:     2        2      C       20.7221   14.8073    5.5874
  QMMM:     3        3      C       20.0713   15.8225    6.3125
  QMMM:     4        4      C       18.3622   17.4768    6.1759
  QMMM:     5        5      C       18.7299   17.9051    7.4988
  QMMM:     6        6      C       19.7071   17.3010    8.2400
  QMMM:     7        7      C       20.0980   17.9253    9.5074
  QMMM:     8        8      C       20.3910   16.1452    7.6556
  QMMM:     9        9      C       21.3488   15.3135    8.2870
  QMMM:    10       10      C       21.9951   14.3094    7.5586
  QMMM:    11       11      O       19.0971   16.4592    5.5719
  QMMM:    12       12      O       19.7382   18.3731   12.0256
  QMMM:    13       13      O       18.9083   16.1082   11.0312
  QMMM:    14       14      O       17.7773   18.3710   10.6069
  QMMM:    15       15      P       19.1667   17.5591   10.9276
  QMMM:    16       16      C       22.4200   12.9778    5.4905
  QMMM:    17       17      H       20.4319   14.6267    4.5432
  QMMM:    18       18      O       17.4932   17.8985    5.4066
  QMMM:    19       19      H       18.1579   18.7626    7.8906
  QMMM:    20       20      H       21.1708   17.7293    9.7434
  QMMM:    21       21      H       20.0144   19.0408    9.3940
  QMMM:    22       22      C       21.7054   15.3912    9.7241
  QMMM:    23       23      H       17.6322   19.0749   11.2294
  QMMM:    24       24      H       22.7497   13.6855    8.0623
  QMMM:    25       25      H       23.5259   13.1115    5.5899
  QMMM:    26       26      H       22.1593   12.9763    4.4040
  QMMM:    27       27      H       22.1490   11.9807    5.9200
  QMMM:    28       28      H       22.4569   16.2006    9.9014
  QMMM:    29       29      H       22.1581   14.4288   10.0715
  QMMM:    30       30      H       20.7861   15.5788   10.3502

           --------- Calculation Completed ----------

