            --------------------------------------------------------
                             AMBER SQM VERSION 19
 
                                     By
              Ross C. Walker, Michael F. Crowley, Scott Brozell,
                         Tim Giese, Andreas W. Goetz,
                        Tai-Sung Lee and David A. Case
 
            --------------------------------------------------------
 

--------------------------------------------------------------------------------
  QM CALCULATION INFO
--------------------------------------------------------------------------------

| QMMM: Citation for AMBER QMMM Run:
| QMMM: R.C. Walker, M.F. Crowley and D.A. Case, J. COMP. CHEM. 29:1019, 2008

QMMM: SINGLET STATE CALCULATION
QMMM: RHF CALCULATION, NO. OF DOUBLY OCCUPIED LEVELS = 51

| QMMM: *** Selected Hamiltonian *** 
| QMMM: AM1         

| QMMM: *** Parameter sets in use ***
| QMMM: C : M.J.S.DEWAR et al. JACS, 107, 3902, (1985)
| QMMM: O : M.J.S.DEWAR et al. JACS, 107, 3902, (1985)
| QMMM: P : M.J.S.DEWAR et al. THEOCHEM, 187,1, (1989)
| QMMM: H : M.J.S.DEWAR et al. JACS, 107, 3902, (1985)

| QMMM: *** SCF convergence criteria ***
| QMMM: Energy change                :  0.1D-09 kcal/mol
| QMMM: Error matrix |FP-PF|         :  0.1D+00 au
| QMMM: Density matrix change        :  0.5D-06
| QMMM: Maximum number of SCF cycles :     1000

| QMMM: *** Diagonalization Routine Information ***
| QMMM: Pseudo diagonalizations are allowed.
| QMMM: Auto diagonalization routine selection is in use.
| QMMM:
| QMMM: Timing diagonalization routines:
| QMMM:                              norbs =       88
| QMMM:    diag iterations used for timing =       15
| QMMM:
| QMMM:              Internal diag routine = 0.040832 seconds
| QMMM:                 Dspev diag routine = 0.037018 seconds
| QMMM:                Dspevd diag routine = 0.012164 seconds
| QMMM:                Dspevx diag routine = 0.060110 seconds
| QMMM:                 Dsyev diag routine = 0.040131 seconds
| QMMM:                Dsyevd diag routine = 0.033254 seconds
| QMMM:                Dsyevr diag routine = 0.029228 seconds
| QMMM:
| QMMM:                Pseudo diag routine = 0.014449 seconds
| QMMM: Pseudo diagonalization appears to be slower than regular
| QMMM: diagonalization. Setting pseudo_diag=0 for optimum performance.
| QMMM:
| QMMM: Using dspevd routine (diag_routine=3).

  QMMM: QM Region Cartesian Coordinates (*=link atom) 
  QMMM: QM_NO.   MM_NO.  ATOM         X         Y         Z
  QMMM:     1        1      C       21.4640   14.0850    6.2260
  QMMM:     2        2      C       20.5320   14.8510    5.5760
  QMMM:     3        3      C       20.0030   15.9870    6.1660
  QMMM:     4        4      C       18.5320   17.7660    6.0460
  QMMM:     5        5      C       18.8500   18.1920    7.3680
  QMMM:     6        6      C       19.7550   17.5070    8.0910
  QMMM:     7        7      C       19.9940   18.1060    9.4660
  QMMM:     8        8      C       20.3960   16.3430    7.4620
  QMMM:     9        9      C       21.3700   15.5700    8.1170
  QMMM:    10       10      C       21.8880   14.4590    7.4860
  QMMM:    11       11      O       19.0920   16.6930    5.4400
  QMMM:    12       12      O       19.3450   17.9830   12.0900
  QMMM:    13       13      O       19.6580   15.7560   10.8790
  QMMM:    14       14      O       17.6170   17.1890   10.4170
  QMMM:    15       15      P       19.1720   17.1820   10.8230
  QMMM:    16       16      C       22.0190   12.8200    5.5930
  QMMM:    17       17      H       20.2190   14.5870    4.6620
  QMMM:    18       18      O       17.6930   18.4710    5.5030
  QMMM:    19       19      H       18.3900   18.9830    7.7400
  QMMM:    20       20      H       21.1660   18.2470    9.6850
  QMMM:    21       21      H       19.4940   19.1920    9.5530
  QMMM:    22       22      O       21.7530   15.9180    9.3500
  QMMM:    23       23      H       17.1800   18.0280   10.7500
  QMMM:    24       24      H       22.5750   13.9010    7.9500
  QMMM:    25       25      H       23.1740   12.6750    5.8860
  QMMM:    26       26      H       21.9310   12.8420    4.3960
  QMMM:    27       27      H       21.4010   11.8770    6.0050
  QMMM:    28       28      C       23.0910   15.6440    9.8000
  QMMM:    29       29      H       23.8680   16.1440    9.0340
  QMMM:    30       30      H       23.2080   16.1670   10.8730
  QMMM:    31       31      H       23.2810   14.4690    9.9430

--------------------------------------------------------------------------------
  RESULTS
--------------------------------------------------------------------------------

      iter         sqm energy              rms gradient
      ----    -------------------    -----------------------
xmin    10     -311.9587 kcal/mol        1.1170 kcal/(mol*A)
xmin    20     -315.2457 kcal/mol        0.8529 kcal/(mol*A)
xmin    30     -315.4646 kcal/mol        0.2563 kcal/(mol*A)
xmin    40     -315.4904 kcal/mol        0.0707 kcal/(mol*A)
xmin    50     -315.5035 kcal/mol        0.1616 kcal/(mol*A)
xmin    60     -315.5097 kcal/mol        0.0278 kcal/(mol*A)
xmin    70     -315.5139 kcal/mol        0.0382 kcal/(mol*A)
xmin    80     -315.5155 kcal/mol        0.0345 kcal/(mol*A)
xmin    90     -315.5156 kcal/mol        0.0137 kcal/(mol*A)
xmin   100     -315.5157 kcal/mol        0.0092 kcal/(mol*A)
xmin   110     -315.5157 kcal/mol        0.0066 kcal/(mol*A)
xmin   120     -315.5157 kcal/mol        0.0037 kcal/(mol*A)
xmin   130     -315.5157 kcal/mol        0.0013 kcal/(mol*A)
xmin   140     -315.5157 kcal/mol        0.0009 kcal/(mol*A)
xmin   140     -315.5157 kcal/mol        0.0003 kcal/(mol*A)
  ... geometry converged !
 
 Final MO eigenvalues (eV):
 -39.1104  -37.3653  -35.6480  -34.4623  -33.6221  -31.9556  -29.9962  -29.0446
 -28.8687  -27.9444  -26.2551  -25.6113  -24.5861  -21.6305  -20.5953  -19.7866
 -17.0658  -16.3074  -15.4788  -14.8540  -14.6105  -14.1821  -13.7841  -13.5142
 -13.2293  -12.6434  -12.4536  -12.2210  -12.1555  -11.6183  -11.2165  -11.0475
 -10.9644  -10.9271  -10.8807  -10.3954  -10.1300   -9.7300   -9.6717   -9.3111
  -8.8489   -8.4792   -8.4132   -8.2880   -7.8569   -6.7149   -6.6714   -6.5169
  -6.2857   -6.2134   -6.0470    2.0227    2.6933    3.3356    4.5529    4.5952
   5.2759    5.3334    5.8834    5.9536    6.1375    6.1720    6.2323    6.3432
   6.4594    6.6021    6.7332    6.8533    6.9003    7.0722    7.1539    7.3065
   7.3663    7.4565    7.5194    7.6371    7.7654    7.8732    7.9790    8.1542
   8.2568    8.7895    9.0123    9.1127    9.5552   10.4290   11.1848   12.5814


 Heat of formation   =       -315.51572029 kcal/mol  (      -13.68178831 eV)

 Total SCF energy    =     -86618.76010984 kcal/mol  (    -3756.07129395 eV)
 Electronic energy   =    -528828.99800086 kcal/mol  (   -22931.74615155 eV)
 Core-core repulsion =     442210.23789102 kcal/mol  (    19175.67485760 eV)
 
    Atomic Charges for Step       1 :
  Atom    Element       Mulliken Charge
     1      C                 -0.015
     2      C                 -0.192
     3      C                  0.126
     4      C                  0.355
     5      C                 -0.308
     6      C                  0.162
     7      C                 -0.801
     8      C                 -0.138
     9      C                  0.164
    10      C                 -0.227
    11      O                 -0.208
    12      O                 -1.189
    13      O                 -1.172
    14      O                 -0.826
    15      P                  2.619
    16      C                 -0.177
    17      H                  0.145
    18      O                 -0.347
    19      H                  0.163
    20      H                  0.148
    21      H                  0.127
    22      O                 -0.227
    23      H                  0.229
    24      H                  0.136
    25      H                  0.077
    26      H                  0.076
    27      H                  0.086
    28      C                 -0.068
    29      H                  0.028
    30      H                  0.110
    31      H                  0.144
 Total Mulliken Charge =      -1.000
 
                  X        Y        Z     TOTAL  
  QM DIPOLE   -90.252  -83.879  -47.436  132.028
 
 Final Structure

  QMMM: QM Region Cartesian Coordinates (*=link atom) 
  QMMM: QM_NO.   MM_NO.  ATOM         X         Y         Z
  QMMM:     1        1      C       21.5033   14.1618    6.1694
  QMMM:     2        2      C       20.4219   14.8460    5.6263
  QMMM:     3        3      C       19.9506   16.0082    6.2640
  QMMM:     4        4      C       18.3718   17.7897    6.1440
  QMMM:     5        5      C       18.8329   18.2449    7.4284
  QMMM:     6        6      C       19.8304   17.6190    8.1230
  QMMM:     7        7      C       20.1690   18.0876    9.4655
  QMMM:     8        8      C       20.5070   16.5039    7.4669
  QMMM:     9        9      C       21.6675   15.8331    7.9303
  QMMM:    10       10      C       22.1349   14.6686    7.3100
  QMMM:    11       11      O       18.9086   16.6198    5.6022
  QMMM:    12       12      O       18.9126   18.2984   11.7324
  QMMM:    13       13      O       20.2616   16.1218   11.1830
  QMMM:    14       14      O       18.0022   16.6965   10.1670
  QMMM:    15       15      P       19.4050   17.2645   10.7930
  QMMM:    16       16      C       21.9945   12.9102    5.5472
  QMMM:    17       17      H       19.9221   14.4993    4.7116
  QMMM:    18       18      O       17.5259   18.2661    5.3805
  QMMM:    19       19      H       18.2897   19.1041    7.8488
  QMMM:    20       20      H       21.2717   18.0201    9.6464
  QMMM:    21       21      H       19.8916   19.1699    9.5683
  QMMM:    22       22      O       22.4209   16.3986    8.9374
  QMMM:    23       23      H       17.2451   17.1241   10.5519
  QMMM:    24       24      H       23.0110   14.1525    7.7270
  QMMM:    25       25      H       23.1120   12.8967    5.5169
  QMMM:    26       26      H       21.6091   12.7981    4.5044
  QMMM:    27       27      H       21.6500   12.0300    6.1468
  QMMM:    28       28      C       22.7571   15.5134   10.0122
  QMMM:    29       29      H       23.6621   14.9233    9.7258
  QMMM:    30       30      H       22.9739   16.2083   10.8618
  QMMM:    31       31      H       21.8950   14.8554   10.2834

           --------- Calculation Completed ----------

