            --------------------------------------------------------
                             AMBER SQM VERSION 19
 
                                     By
              Ross C. Walker, Michael F. Crowley, Scott Brozell,
                         Tim Giese, Andreas W. Goetz,
                        Tai-Sung Lee and David A. Case
 
            --------------------------------------------------------
 

--------------------------------------------------------------------------------
  QM CALCULATION INFO
--------------------------------------------------------------------------------

| QMMM: Citation for AMBER QMMM Run:
| QMMM: R.C. Walker, M.F. Crowley and D.A. Case, J. COMP. CHEM. 29:1019, 2008

QMMM: SINGLET STATE CALCULATION
QMMM: RHF CALCULATION, NO. OF DOUBLY OCCUPIED LEVELS = 42

| QMMM: *** Selected Hamiltonian *** 
| QMMM: AM1         

| QMMM: *** Parameter sets in use ***
| QMMM: C : M.J.S.DEWAR et al. JACS, 107, 3902, (1985)
| QMMM: N : M.J.S.DEWAR et al. JACS, 107, 3902, (1985)
| QMMM: O : M.J.S.DEWAR et al. JACS, 107, 3902, (1985)
| QMMM: P : M.J.S.DEWAR et al. THEOCHEM, 187,1, (1989)
| QMMM: H : M.J.S.DEWAR et al. JACS, 107, 3902, (1985)

| QMMM: *** SCF convergence criteria ***
| QMMM: Energy change                :  0.1D-09 kcal/mol
| QMMM: Error matrix |FP-PF|         :  0.1D+00 au
| QMMM: Density matrix change        :  0.5D-06
| QMMM: Maximum number of SCF cycles :     1000

| QMMM: *** Diagonalization Routine Information ***
| QMMM: Pseudo diagonalizations are allowed.
| QMMM: Auto diagonalization routine selection is in use.
| QMMM:
| QMMM: Timing diagonalization routines:
| QMMM:                              norbs =       73
| QMMM:    diag iterations used for timing =       15
| QMMM:
| QMMM:              Internal diag routine = 0.040862 seconds
| QMMM:                 Dspev diag routine = 0.039711 seconds
| QMMM:                Dspevd diag routine = 0.008091 seconds
| QMMM:                Dspevx diag routine = 0.041063 seconds
| QMMM:                 Dsyev diag routine = 0.015920 seconds
| QMMM:                Dsyevd diag routine = 0.030171 seconds
| QMMM:                Dsyevr diag routine = 0.021999 seconds
| QMMM:
| QMMM:                Pseudo diag routine = 0.007834 seconds
| QMMM:
| QMMM: Using dspevd routine (diag_routine=3).

  QMMM: QM Region Cartesian Coordinates (*=link atom) 
  QMMM: QM_NO.   MM_NO.  ATOM         X         Y         Z
  QMMM:     1        1      C       21.5870   14.1170    6.2970
  QMMM:     2        2      C       20.6580   14.8610    5.6250
  QMMM:     3        3      C       20.0780   15.9680    6.2340
  QMMM:     4        4      C       18.5220   17.7940    6.0830
  QMMM:     5        5      C       18.8640   18.1870    7.4170
  QMMM:     6        6      C       19.7680   17.4830    8.1360
  QMMM:     7        7      C       20.0850   18.0300    9.5090
  QMMM:     8        8      C       20.4220   16.3110    7.5390
  QMMM:     9        9      C       21.3650   15.5340    8.2150
  QMMM:    10       10      C       21.9430   14.4590    7.5970
  QMMM:    11       11      N       19.1440   16.7290    5.5540
  QMMM:    12       12      O       19.3270   17.9690   12.1090
  QMMM:    13       13      O       19.6350   15.7330   10.9060
  QMMM:    14       14      O       17.6340   17.2140   10.3950
  QMMM:    15       15      P       19.1780   17.1660   10.8410
  QMMM:    16       16      H       22.0080   13.3250    5.8510
  QMMM:    17       17      H       20.3950   14.6130    4.6920
  QMMM:    18       18      O       17.6750   18.4620    5.5050
  QMMM:    19       19      H       18.4190   18.9820    7.8080
  QMMM:    20       20      H       21.2670   18.0100    9.7140
  QMMM:    21       21      H       19.7240   19.1700    9.5920
  QMMM:    22       22      H       21.6180   15.7620    9.1560
  QMMM:    23       23      H       17.2000   18.0470   10.7450
  QMMM:    24       24      H       22.6250   13.9120    8.0850
  QMMM:    25       25      H       18.9330   16.5000    4.7320

--------------------------------------------------------------------------------
  RESULTS
--------------------------------------------------------------------------------

      iter         sqm energy              rms gradient
      ----    -------------------    -----------------------
xmin    10     -237.6761 kcal/mol        1.8763 kcal/(mol*A)
xmin    20     -238.1070 kcal/mol        0.3714 kcal/(mol*A)
xmin    30     -238.1912 kcal/mol        0.1032 kcal/(mol*A)
xmin    40     -238.1968 kcal/mol        0.0113 kcal/(mol*A)
xmin    50     -238.1969 kcal/mol        0.0010 kcal/(mol*A)
  ... geometry converged !
 
 Final MO eigenvalues (eV):
 -38.3899  -35.8934  -33.4029  -32.7251  -31.8819  -29.0557  -28.8827  -28.2180
 -27.3446  -25.8116  -21.4855  -21.0067  -19.6694  -16.5530  -16.1156  -15.3180
 -14.7644  -13.5210  -13.1742  -13.0651  -12.6655  -12.0989  -12.0591  -11.4471
 -11.1603  -11.0180  -10.7950  -10.6149   -9.9786   -9.4947   -9.2536   -9.0393
  -8.8379   -8.3532   -8.2304   -7.9484   -6.7952   -6.5842   -6.2728   -6.2054
  -6.1824   -6.0022    2.3355    2.9064    3.6091    4.5340    4.8341    5.6679
   6.0881    6.1438    6.4054    6.5707    6.6474    6.8492    6.9002    6.9211
   7.0955    7.4655    7.5583    7.6428    7.7291    7.7820    8.1198    8.1672
   8.3835    8.4113    8.5144    8.7942    9.1287    9.7210   10.4397   11.2006
  12.5903

 Heat of formation   =       -238.19693903 kcal/mol  (      -10.32899436 eV)

 Total SCF energy    =     -69765.11516846 kcal/mol  (    -3025.24240789 eV)
 Electronic energy   =    -382722.60749495 kcal/mol  (   -16596.09763215 eV)
 Core-core repulsion =     312957.49232649 kcal/mol  (    13570.85522425 eV)
 
    Atomic Charges for Step       1 :
  Atom    Element       Mulliken Charge
     1      C                 -0.092
     2      C                 -0.214
     3      C                  0.097
     4      C                  0.345
     5      C                 -0.271
     6      C                  0.120
     7      C                 -0.798
     8      C                 -0.114
     9      C                 -0.059
    10      C                 -0.183
    11      N                 -0.308
    12      O                 -1.189
    13      O                 -1.168
    14      O                 -0.824
    15      P                  2.619
    16      H                  0.114
    17      H                  0.118
    18      O                 -0.410
    19      H                  0.158
    20      H                  0.125
    21      H                  0.126
    22      H                  0.217
    23      H                  0.229
    24      H                  0.131
    25      H                  0.228
 Total Mulliken Charge =      -1.000
 
                  X        Y        Z     TOTAL  
  QM DIPOLE   -91.323  -83.597  -49.841  133.463
 
 Final Structure

  QMMM: QM Region Cartesian Coordinates (*=link atom) 
  QMMM: QM_NO.   MM_NO.  ATOM         X         Y         Z
  QMMM:     1        1      C       21.4890   14.1149    6.3640
  QMMM:     2        2      C       20.6383   14.9116    5.6170
  QMMM:     3        3      C       20.0218   16.0436    6.2103
  QMMM:     4        4      C       18.4867   17.9320    6.0381
  QMMM:     5        5      C       18.8422   18.2923    7.4053
  QMMM:     6        6      C       19.7233   17.5662    8.1513
  QMMM:     7        7      C       20.1444   18.0423    9.4724
  QMMM:     8        8      C       20.3153   16.3688    7.5654
  QMMM:     9        9      C       21.1486   15.5105    8.3043
  QMMM:    10       10      C       21.7359   14.4036    7.7102
  QMMM:    11       11      N       19.1385   16.8265    5.4764
  QMMM:    12       12      O       19.0538   18.3349   11.8170
  QMMM:    13       13      O       20.3675   16.1465   11.2120
  QMMM:    14       14      O       18.0233   16.6937   10.3750
  QMMM:    15       15      P       19.4712   17.2759   10.8695
  QMMM:    16       16      H       21.9630   13.2393    5.8967
  QMMM:    17       17      H       20.4325   14.6612    4.5667
  QMMM:    18       18      O       17.6743   18.5536    5.3168
  QMMM:    19       19      H       18.3504   19.1946    7.7944
  QMMM:    20       20      H       21.2571   17.9368    9.5610
  QMMM:    21       21      H       19.9147   19.1360    9.5685
  QMMM:    22       22      H       21.2784   15.7064    9.3958
  QMMM:    23       23      H       17.2999   17.1415   10.8000
  QMMM:    24       24      H       22.3834   13.7441    8.3047
  QMMM:    25       25      H       18.9204   16.5609    4.5441

           --------- Calculation Completed ----------

