            --------------------------------------------------------
                             AMBER SQM VERSION 19
 
                                     By
              Ross C. Walker, Michael F. Crowley, Scott Brozell,
                         Tim Giese, Andreas W. Goetz,
                        Tai-Sung Lee and David A. Case
 
            --------------------------------------------------------
 

--------------------------------------------------------------------------------
  QM CALCULATION INFO
--------------------------------------------------------------------------------

| QMMM: Citation for AMBER QMMM Run:
| QMMM: R.C. Walker, M.F. Crowley and D.A. Case, J. COMP. CHEM. 29:1019, 2008

QMMM: SINGLET STATE CALCULATION
QMMM: RHF CALCULATION, NO. OF DOUBLY OCCUPIED LEVELS = 39

| QMMM: *** Selected Hamiltonian *** 
| QMMM: AM1         

| QMMM: *** Parameter sets in use ***
| QMMM: C : M.J.S.DEWAR et al. JACS, 107, 3902, (1985)
| QMMM: N : M.J.S.DEWAR et al. JACS, 107, 3902, (1985)
| QMMM: O : M.J.S.DEWAR et al. JACS, 107, 3902, (1985)
| QMMM: P : M.J.S.DEWAR et al. THEOCHEM, 187,1, (1989)
| QMMM: H : M.J.S.DEWAR et al. JACS, 107, 3902, (1985)

| QMMM: *** SCF convergence criteria ***
| QMMM: Energy change                :  0.1D-09 kcal/mol
| QMMM: Error matrix |FP-PF|         :  0.1D+00 au
| QMMM: Density matrix change        :  0.5D-06
| QMMM: Maximum number of SCF cycles :     1000

| QMMM: *** Diagonalization Routine Information ***
| QMMM: Pseudo diagonalizations are allowed.
| QMMM: Auto diagonalization routine selection is in use.
| QMMM:
| QMMM: Timing diagonalization routines:
| QMMM:                              norbs =       69
| QMMM:    diag iterations used for timing =       15
| QMMM:
| QMMM:              Internal diag routine = 0.036988 seconds
| QMMM:                 Dspev diag routine = 0.039416 seconds
| QMMM:                Dspevd diag routine = 0.007085 seconds
| QMMM:                Dspevx diag routine = 0.035981 seconds
| QMMM:                 Dsyev diag routine = 0.012957 seconds
| QMMM:                Dsyevd diag routine = 0.008616 seconds
| QMMM:                Dsyevr diag routine = 0.011497 seconds
| QMMM:
| QMMM:                Pseudo diag routine = 0.003267 seconds
| QMMM:
| QMMM: Using dspevd routine (diag_routine=3).

  QMMM: QM Region Cartesian Coordinates (*=link atom) 
  QMMM: QM_NO.   MM_NO.  ATOM         X         Y         Z
  QMMM:     1        1      C       21.7090   13.9710    6.5520
  QMMM:     2        2      C       20.8570   14.6390    5.7370
  QMMM:     3        3      C       20.2530   15.8020    6.2080
  QMMM:     4        4      C       18.7520   17.6320    5.9020
  QMMM:     5        5      C       19.0060   18.0520    7.2150
  QMMM:     6        6      C       19.8680   17.3830    8.0090
  QMMM:     7        7      C       20.0890   17.9540    9.4020
  QMMM:     8        8      C       20.5330   16.2260    7.5190
  QMMM:     9        9      N       21.4060   15.5690    8.3370
  QMMM:    10       10      C       21.9630   14.4630    7.8290
  QMMM:    11       11      C       19.3610   16.5360    5.3990
  QMMM:    12       12      O       19.2850   18.0460   11.9920
  QMMM:    13       13      O       19.3090   15.7550   10.8640
  QMMM:    14       14      O       17.5130   17.4520   10.3080
  QMMM:    15       15      P       19.0460   17.2330   10.7420
  QMMM:    16       16      H       22.1540   13.1310    6.2380
  QMMM:    17       17      H       20.6630   14.3030    4.8150
  QMMM:    18       18      H       18.5380   18.8630    7.5680
  QMMM:    19       19      H       21.2370   17.7980    9.7110
  QMMM:    20       20      H       19.8600   19.1320    9.3930
  QMMM:    21       21      H       22.6020   13.9550    8.4060
  QMMM:    22       22      H       17.1140   18.2010   10.8430
  QMMM:    23       23      H       18.1020   18.1470    5.3470
  QMMM:    24       24      H       19.1660   16.2380    4.4640

--------------------------------------------------------------------------------
  RESULTS
--------------------------------------------------------------------------------

      iter         sqm energy              rms gradient
      ----    -------------------    -----------------------
xmin    10     -180.8453 kcal/mol        1.4028 kcal/(mol*A)
xmin    20     -181.2995 kcal/mol        0.9400 kcal/(mol*A)
xmin    30     -181.5722 kcal/mol        0.2971 kcal/(mol*A)
xmin    40     -181.6203 kcal/mol        0.1188 kcal/(mol*A)
xmin    50     -181.6350 kcal/mol        0.0600 kcal/(mol*A)
xmin    60     -181.6378 kcal/mol        0.0607 kcal/(mol*A)
xmin    70     -181.6386 kcal/mol        0.0141 kcal/(mol*A)
xmin    80     -181.6387 kcal/mol        0.0035 kcal/(mol*A)
xmin    90     -181.6387 kcal/mol        0.0025 kcal/(mol*A)
xmin   100     -181.6387 kcal/mol        0.0024 kcal/(mol*A)
  ... geometry converged !
 
 Final MO eigenvalues (eV):
 -37.9532  -34.6025  -31.8804  -31.3456  -29.0746  -28.3189  -28.2358  -28.1271
 -24.2703  -21.9314  -21.3807  -18.8601  -16.2362  -14.8892  -14.7178  -14.0820
 -12.8106  -12.4059  -12.2124  -12.0506  -11.5081  -11.2151  -10.9836  -10.5768
 -10.0907   -9.7341   -9.5362   -9.3765   -8.8339   -8.5007   -8.2541   -7.7039
  -7.6105   -6.7081   -6.2998   -6.0136   -5.7060   -5.6551   -5.4412    2.3460
   2.7240    3.8896    4.7967    5.9567    6.1126    6.1618    6.3625    6.4548
   6.6063    6.7733    6.9351    7.1187    7.2952    7.4067    7.4758    7.6753
   7.7419    7.8537    7.9204    8.2409    8.3403    8.4654    8.5904    8.8922
   9.5922    9.6946   10.9407   11.7331   13.1442

 Heat of formation   =       -181.63874714 kcal/mol  (       -7.87644712 eV)

 Total SCF energy    =     -62359.42694585 kcal/mol  (    -2704.10766861 eV)
 Electronic energy   =    -335908.65911988 kcal/mol  (   -14566.09249902 eV)
 Core-core repulsion =     273549.23217403 kcal/mol  (    11861.98483041 eV)
 
    Atomic Charges for Step       1 :
  Atom    Element       Mulliken Charge
     1      C                 -0.196
     2      C                 -0.094
     3      C                 -0.069
     4      C                 -0.104
     5      C                 -0.160
     6      C                  0.079
     7      C                 -0.781
     8      C                  0.006
     9      N                 -0.102
    10      C                 -0.075
    11      C                 -0.159
    12      O                 -1.195
    13      O                 -1.157
    14      O                 -0.836
    15      P                  2.616
    16      H                  0.124
    17      H                  0.119
    18      H                  0.140
    19      H                  0.137
    20      H                  0.112
    21      H                  0.146
    22      H                  0.219
    23      H                  0.114
    24      H                  0.113
 Total Mulliken Charge =      -1.000
 
                  X        Y        Z     TOTAL  
  QM DIPOLE   -90.457  -79.939  -52.009  131.445
 
 Final Structure

  QMMM: QM Region Cartesian Coordinates (*=link atom) 
  QMMM: QM_NO.   MM_NO.  ATOM         X         Y         Z
  QMMM:     1        1      C       21.9083   14.0067    6.5509
  QMMM:     2        2      C       20.9857   14.6078    5.7350
  QMMM:     3        3      C       20.2616   15.7420    6.2042
  QMMM:     4        4      C       18.6261   17.4838    5.8680
  QMMM:     5        5      C       18.8569   17.9520    7.1756
  QMMM:     6        6      C       19.7591   17.3393    8.0329
  QMMM:     7        7      C       19.9600   17.8600    9.3879
  QMMM:     8        8      C       20.5160   16.2136    7.5322
  QMMM:     9        9      N       21.4672   15.6051    8.3312
  QMMM:    10       10      C       22.1152   14.5598    7.8537
  QMMM:    11       11      C       19.3107   16.3958    5.3850
  QMMM:    12       12      O       19.6115   17.3662   11.9180
  QMMM:    13       13      O       18.2432   15.9675   10.1815
  QMMM:    14       14      O       17.8119   18.4159   10.7037
  QMMM:    15       15      P       18.9292   17.2014   10.6114
  QMMM:    16       16      H       22.4810   13.1261    6.2381
  QMMM:    17       17      H       20.7830   14.2320    4.7219
  QMMM:    18       18      H       18.2760   18.8166    7.5352
  QMMM:    19       19      H       21.0120   17.6990    9.7352
  QMMM:    20       20      H       19.7954   18.9690    9.3879
  QMMM:    21       21      H       22.8578   14.0991    8.5296
  QMMM:    22       22      H       17.8048   18.8099   11.5679
  QMMM:    23       23      H       17.8829   17.9989    5.2420
  QMMM:    24       24      H       19.1304   16.0137    4.3708

           --------- Calculation Completed ----------

